<?xml version="1.0" encoding="UTF-8"?>
<coverage generated="1758549036945" clover="3.2.0">
  <project timestamp="1758549036946" name="All files">
    <metrics statements="461" coveredstatements="461" conditionals="255" coveredconditionals="255" methods="102" coveredmethods="101" elements="818" coveredelements="817" complexity="0" loc="461" ncloc="461" packages="1" files="11" classes="11"/>
    <file name="FIFO.model.ts" path="/Users/viacharles/Documents/code/@Side-Project/ngx-component-translate/projects/ngx-atomic-i18n/src/lib/FIFO.model.ts">
      <metrics statements="27" coveredstatements="27" conditionals="5" coveredconditionals="5" methods="11" coveredmethods="11"/>
      <line num="1" count="7" type="stmt"/>
      <line num="2" count="62" type="stmt"/>
      <line num="4" count="2" type="stmt"/>
      <line num="6" count="62" type="stmt"/>
      <line num="8" count="40" type="cond" truecount="1" falsecount="0"/>
      <line num="9" count="1" type="stmt"/>
      <line num="11" count="40" type="stmt"/>
      <line num="12" count="40" type="cond" truecount="1" falsecount="0"/>
      <line num="13" count="2" type="stmt"/>
      <line num="14" count="2" type="cond" truecount="1" falsecount="0"/>
      <line num="15" count="2" type="stmt"/>
      <line num="20" count="13" type="stmt"/>
      <line num="22" count="13" type="cond" truecount="1" falsecount="0"/>
      <line num="23" count="13" type="stmt"/>
      <line num="24" count="13" type="stmt"/>
      <line num="26" count="13" type="stmt"/>
      <line num="29" count="55" type="stmt"/>
      <line num="32" count="1" type="stmt"/>
      <line num="35" count="2" type="stmt"/>
      <line num="40" count="1" type="stmt"/>
      <line num="44" count="3" type="stmt"/>
      <line num="52" count="6" type="stmt"/>
      <line num="53" count="6" type="stmt"/>
      <line num="54" count="5" type="cond" truecount="1" falsecount="0"/>
      <line num="55" count="4" type="stmt"/>
      <line num="56" count="4" type="stmt"/>
      <line num="59" count="6" type="stmt"/>
    </file>
    <file name="translate.pipe.ts" path="/Users/viacharles/Documents/code/@Side-Project/ngx-component-translate/projects/ngx-atomic-i18n/src/lib/translate.pipe.ts">
      <metrics statements="5" coveredstatements="5" conditionals="0" coveredconditionals="0" methods="2" coveredmethods="2"/>
      <line num="1" count="2" type="stmt"/>
      <line num="3" count="2" type="stmt"/>
      <line num="5" count="2" type="stmt"/>
      <line num="6" count="8" type="stmt"/>
      <line num="8" count="14" type="stmt"/>
    </file>
    <file name="translate.provider.ts" path="/Users/viacharles/Documents/code/@Side-Project/ngx-component-translate/projects/ngx-atomic-i18n/src/lib/translate.provider.ts">
      <metrics statements="31" coveredstatements="31" conditionals="28" coveredconditionals="28" methods="7" coveredmethods="7"/>
      <line num="1" count="1" type="stmt"/>
      <line num="2" count="1" type="stmt"/>
      <line num="3" count="1" type="stmt"/>
      <line num="4" count="1" type="stmt"/>
      <line num="5" count="1" type="stmt"/>
      <line num="6" count="1" type="stmt"/>
      <line num="7" count="1" type="stmt"/>
      <line num="8" count="1" type="stmt"/>
      <line num="9" count="1" type="stmt"/>
      <line num="18" count="1" type="stmt"/>
      <line num="19" count="15" type="stmt"/>
      <line num="23" count="2" type="stmt"/>
      <line num="28" count="15" type="cond" truecount="2" falsecount="0"/>
      <line num="29" count="15" type="stmt"/>
      <line num="30" count="15" type="stmt"/>
      <line num="44" count="2" type="stmt"/>
      <line num="45" count="2" type="stmt"/>
      <line num="46" count="2" type="cond" truecount="1" falsecount="0"/>
      <line num="47" count="1" type="stmt"/>
      <line num="49" count="2" type="stmt"/>
      <line num="59" count="1" type="stmt"/>
      <line num="60" count="17" type="stmt"/>
      <line num="72" count="1" type="cond" truecount="1" falsecount="0"/>
      <line num="73" count="31" type="stmt"/>
      <line num="77" count="14" type="cond" truecount="3" falsecount="0"/>
      <line num="78" count="14" type="cond" truecount="1" falsecount="0"/>
      <line num="80" count="11" type="cond" truecount="2" falsecount="0"/>
      <line num="82" count="11" type="cond" truecount="4" falsecount="0"/>
      <line num="83" count="11" type="cond" truecount="2" falsecount="0"/>
      <line num="92" count="3" type="stmt"/>
      <line num="93" count="3" type="cond" truecount="2" falsecount="0"/>
    </file>
    <file name="translate.token.ts" path="/Users/viacharles/Documents/code/@Side-Project/ngx-component-translate/projects/ngx-atomic-i18n/src/lib/translate.token.ts">
      <metrics statements="6" coveredstatements="6" conditionals="0" coveredconditionals="0" methods="0" coveredmethods="0"/>
      <line num="1" count="7" type="stmt"/>
      <line num="5" count="7" type="stmt"/>
      <line num="6" count="7" type="stmt"/>
      <line num="7" count="7" type="stmt"/>
      <line num="8" count="7" type="stmt"/>
      <line num="9" count="7" type="stmt"/>
    </file>
    <file name="translate.type.ts" path="/Users/viacharles/Documents/code/@Side-Project/ngx-component-translate/projects/ngx-atomic-i18n/src/lib/translate.type.ts">
      <metrics statements="4" coveredstatements="4" conditionals="2" coveredconditionals="2" methods="1" coveredmethods="1"/>
      <line num="98" count="7" type="cond" truecount="2" falsecount="0"/>
      <line num="99" count="7" type="stmt"/>
      <line num="100" count="7" type="stmt"/>
      <line num="101" count="7" type="stmt"/>
    </file>
    <file name="translate.util.ts" path="/Users/viacharles/Documents/code/@Side-Project/ngx-component-translate/projects/ngx-atomic-i18n/src/lib/translate.util.ts">
      <metrics statements="133" coveredstatements="133" conditionals="89" coveredconditionals="89" methods="21" coveredmethods="21"/>
      <line num="1" count="13" type="stmt"/>
      <line num="3" count="13" type="stmt"/>
      <line num="5" count="13" type="stmt"/>
      <line num="6" count="86" type="stmt"/>
      <line num="7" count="86" type="stmt"/>
      <line num="9" count="230" type="cond" truecount="5" falsecount="0"/>
      <line num="11" count="73" type="cond" truecount="2" falsecount="0"/>
      <line num="12" count="73" type="stmt"/>
      <line num="14" count="71" type="cond" truecount="2" falsecount="0"/>
      <line num="15" count="71" type="stmt"/>
      <line num="17" count="73" type="cond" truecount="2" falsecount="0"/>
      <line num="18" count="77" type="cond" truecount="2" falsecount="0"/>
      <line num="19" count="73" type="stmt"/>
      <line num="21" count="6" type="cond" truecount="4" falsecount="0"/>
      <line num="22" count="6" type="stmt"/>
      <line num="24" count="7" type="stmt"/>
      <line num="25" count="7" type="stmt"/>
      <line num="27" count="230" type="cond" truecount="3" falsecount="0"/>
      <line num="28" count="85" type="stmt"/>
      <line num="31" count="1" type="stmt"/>
      <line num="34" count="13" type="stmt"/>
      <line num="35" count="50" type="cond" truecount="1" falsecount="0"/>
      <line num="37" count="49" type="stmt"/>
      <line num="38" count="49" type="stmt"/>
      <line num="39" count="23" type="stmt"/>
      <line num="43" count="56" type="stmt"/>
      <line num="44" count="56" type="stmt"/>
      <line num="45" count="56" type="stmt"/>
      <line num="46" count="1167" type="cond" truecount="2" falsecount="0"/>
      <line num="47" count="100" type="cond" truecount="1" falsecount="0"/>
      <line num="48" count="100" type="stmt"/>
      <line num="49" count="1067" type="cond" truecount="1" falsecount="0"/>
      <line num="50" count="99" type="stmt"/>
      <line num="51" count="99" type="cond" truecount="1" falsecount="0"/>
      <line num="53" count="1112" type="stmt"/>
      <line num="56" count="1" type="stmt"/>
      <line num="60" count="16" type="stmt"/>
      <line num="61" count="16" type="stmt"/>
      <line num="62" count="16" type="stmt"/>
      <line num="63" count="40" type="stmt"/>
      <line num="64" count="40" type="stmt"/>
      <line num="65" count="40" type="cond" truecount="3" falsecount="0"/>
      <line num="66" count="159" type="stmt"/>
      <line num="68" count="40" type="cond" truecount="2" falsecount="0"/>
      <line num="69" count="40" type="cond" truecount="1" falsecount="0"/>
      <line num="71" count="6" type="stmt"/>
      <line num="72" count="6" type="stmt"/>
      <line num="74" count="34" type="stmt"/>
      <line num="75" count="34" type="stmt"/>
      <line num="76" count="34" type="stmt"/>
      <line num="78" count="16" type="stmt"/>
      <line num="82" count="62" type="cond" truecount="2" falsecount="0"/>
      <line num="83" count="62" type="stmt"/>
      <line num="84" count="62" type="stmt"/>
      <line num="86" count="62" type="stmt"/>
      <line num="87" count="65" type="stmt"/>
      <line num="88" count="65" type="cond" truecount="1" falsecount="0"/>
      <line num="89" count="43" type="stmt"/>
      <line num="90" count="43" type="stmt"/>
      <line num="93" count="22" type="stmt"/>
      <line num="95" count="22" type="stmt"/>
      <line num="97" count="22" type="cond" truecount="4" falsecount="0"/>
      <line num="98" count="1" type="stmt"/>
      <line num="99" count="1" type="stmt"/>
      <line num="102" count="21" type="stmt"/>
      <line num="103" count="21" type="cond" truecount="1" falsecount="0"/>
      <line num="104" count="5" type="stmt"/>
      <line num="105" count="5" type="stmt"/>
      <line num="106" count="5" type="stmt"/>
      <line num="109" count="16" type="stmt"/>
      <line num="110" count="16" type="cond" truecount="2" falsecount="0"/>
      <line num="111" count="16" type="stmt"/>
      <line num="112" count="16" type="stmt"/>
      <line num="113" count="16" type="stmt"/>
      <line num="116" count="16" type="cond" truecount="7" falsecount="0"/>
      <line num="122" count="16" type="cond" truecount="1" falsecount="0"/>
      <line num="123" count="3" type="stmt"/>
      <line num="124" count="3" type="stmt"/>
      <line num="125" count="3" type="stmt"/>
      <line num="129" count="13" type="stmt"/>
      <line num="131" count="13" type="cond" truecount="1" falsecount="0"/>
      <line num="132" count="9" type="stmt"/>
      <line num="135" count="13" type="stmt"/>
      <line num="136" count="3" type="cond" truecount="2" falsecount="0"/>
      <line num="137" count="3" type="cond" truecount="2" falsecount="0"/>
      <line num="140" count="13" type="stmt"/>
      <line num="141" count="13" type="stmt"/>
      <line num="144" count="62" type="stmt"/>
      <line num="149" count="49" type="stmt"/>
      <line num="155" count="13" type="cond" truecount="1" falsecount="0"/>
      <line num="156" count="4" type="stmt"/>
      <line num="157" count="4" type="stmt"/>
      <line num="158" count="5" type="cond" truecount="2" falsecount="0"/>
      <line num="159" count="5" type="cond" truecount="5" falsecount="0"/>
      <line num="160" count="2" type="stmt"/>
      <line num="162" count="3" type="stmt"/>
      <line num="165" count="4" type="stmt"/>
      <line num="169" count="13" type="stmt"/>
      <line num="170" count="96" type="stmt"/>
      <line num="171" count="95" type="stmt"/>
      <line num="172" count="1" type="stmt"/>
      <line num="173" count="1" type="stmt"/>
      <line num="174" count="1" type="stmt"/>
      <line num="179" count="13" type="stmt"/>
      <line num="180" count="27" type="stmt"/>
      <line num="181" count="27" type="stmt"/>
      <line num="182" count="29" type="stmt"/>
      <line num="183" count="29" type="cond" truecount="2" falsecount="0"/>
      <line num="192" count="1" type="stmt"/>
      <line num="194" count="28" type="stmt"/>
      <line num="197" count="27" type="stmt"/>
      <line num="200" count="13" type="stmt"/>
      <line num="201" count="3" type="stmt"/>
      <line num="202" count="3" type="stmt"/>
      <line num="203" count="5" type="stmt"/>
      <line num="204" count="5" type="cond" truecount="2" falsecount="0"/>
      <line num="212" count="1" type="stmt"/>
      <line num="213" count="4" type="cond" truecount="1" falsecount="0"/>
      <line num="214" count="1" type="stmt"/>
      <line num="217" count="3" type="stmt"/>
      <line num="220" count="13" type="stmt"/>
      <line num="221" count="43" type="stmt"/>
      <line num="224" count="76" type="stmt"/>
      <line num="226" count="66" type="cond" truecount="4" falsecount="0"/>
      <line num="232" count="13" type="stmt"/>
      <line num="233" count="41" type="stmt"/>
      <line num="234" count="41" type="cond" truecount="3" falsecount="0"/>
      <line num="235" count="39" type="stmt"/>
      <line num="236" count="39" type="stmt"/>
      <line num="237" count="2" type="stmt"/>
      <line num="238" count="2" type="cond" truecount="1" falsecount="0"/>
      <line num="240" count="38" type="stmt"/>
      <line num="242" count="1" type="stmt"/>
    </file>
    <file name="translation-core.service.ts" path="/Users/viacharles/Documents/code/@Side-Project/ngx-component-translate/projects/ngx-atomic-i18n/src/lib/translation-core.service.ts">
      <metrics statements="130" coveredstatements="130" conditionals="47" coveredconditionals="47" methods="25" coveredmethods="24"/>
      <line num="1" count="6" type="stmt"/>
      <line num="2" count="6" type="stmt"/>
      <line num="4" count="6" type="stmt"/>
      <line num="5" count="6" type="stmt"/>
      <line num="8" count="6" type="stmt"/>
      <line num="12" count="6" type="stmt"/>
      <line num="13" count="56" type="stmt"/>
      <line num="14" count="56" type="stmt"/>
      <line num="15" count="56" type="stmt"/>
      <line num="17" count="56" type="stmt"/>
      <line num="18" count="56" type="stmt"/>
      <line num="20" count="56" type="stmt"/>
      <line num="21" count="56" type="stmt"/>
      <line num="22" count="56" type="stmt"/>
      <line num="23" count="56" type="stmt"/>
      <line num="24" count="56" type="stmt"/>
      <line num="26" count="56" type="stmt"/>
      <line num="27" count="56" type="cond" truecount="2" falsecount="0"/>
      <line num="30" count="27" type="stmt"/>
      <line num="34" count="48" type="stmt"/>
      <line num="38" count="7" type="cond" truecount="2" falsecount="0"/>
      <line num="39" count="7" type="cond" truecount="1" falsecount="0"/>
      <line num="40" count="1" type="stmt"/>
      <line num="41" count="1" type="stmt"/>
      <line num="43" count="6" type="cond" truecount="1" falsecount="0"/>
      <line num="44" count="3" type="stmt"/>
      <line num="45" count="3" type="stmt"/>
      <line num="46" count="3" type="cond" truecount="1" falsecount="0"/>
      <line num="47" count="3" type="stmt"/>
      <line num="48" count="3" type="stmt"/>
      <line num="50" count="1" type="stmt"/>
      <line num="57" count="16" type="stmt"/>
      <line num="58" count="16" type="stmt"/>
      <line num="59" count="16" type="stmt"/>
      <line num="60" count="16" type="stmt"/>
      <line num="61" count="16" type="cond" truecount="1" falsecount="0"/>
      <line num="64" count="14" type="cond" truecount="1" falsecount="0"/>
      <line num="65" count="2" type="stmt"/>
      <line num="66" count="2" type="stmt"/>
      <line num="69" count="12" type="stmt"/>
      <line num="70" count="12" type="stmt"/>
      <line num="71" count="12" type="stmt"/>
      <line num="72" count="12" type="stmt"/>
      <line num="74" count="12" type="stmt"/>
      <line num="77" count="12" type="stmt"/>
      <line num="78" count="12" type="stmt"/>
      <line num="82" count="45" type="stmt"/>
      <line num="83" count="45" type="cond" truecount="1" falsecount="0"/>
      <line num="84" count="35" type="stmt"/>
      <line num="85" count="35" type="stmt"/>
      <line num="86" count="35" type="cond" truecount="1" falsecount="0"/>
      <line num="87" count="25" type="cond" truecount="2" falsecount="0"/>
      <line num="88" count="31" type="stmt"/>
      <line num="90" count="25" type="stmt"/>
      <line num="91" count="25" type="stmt"/>
      <line num="95" count="11" type="cond" truecount="2" falsecount="0"/>
      <line num="98" count="11" type="stmt"/>
      <line num="99" count="13" type="cond" truecount="2" falsecount="0"/>
      <line num="100" count="13" type="cond" truecount="1" falsecount="0"/>
      <line num="101" count="9" type="cond" truecount="2" falsecount="0"/>
      <line num="104" count="9" type="cond" truecount="1" falsecount="0"/>
      <line num="105" count="7" type="stmt"/>
      <line num="106" count="7" type="cond" truecount="1" falsecount="0"/>
      <line num="108" count="5" type="stmt"/>
      <line num="110" count="9" type="stmt"/>
      <line num="114" count="4" type="cond" truecount="2" falsecount="0"/>
      <line num="115" count="4" type="stmt"/>
      <line num="116" count="5" type="cond" truecount="1" falsecount="0"/>
      <line num="117" count="3" type="stmt"/>
      <line num="118" count="3" type="stmt"/>
      <line num="123" count="16" type="stmt"/>
      <line num="124" count="16" type="stmt"/>
      <line num="125" count="16" type="stmt"/>
      <line num="126" count="16" type="stmt"/>
      <line num="127" count="16" type="stmt"/>
      <line num="129" count="16" type="stmt"/>
      <line num="130" count="16" type="stmt"/>
      <line num="131" count="16" type="stmt"/>
      <line num="132" count="16" type="stmt"/>
      <line num="133" count="16" type="stmt"/>
      <line num="135" count="16" type="stmt"/>
      <line num="139" count="69" type="stmt"/>
      <line num="140" count="69" type="cond" truecount="1" falsecount="0"/>
      <line num="141" count="47" type="cond" truecount="1" falsecount="0"/>
      <line num="142" count="4" type="stmt"/>
      <line num="143" count="4" type="stmt"/>
      <line num="145" count="43" type="stmt"/>
      <line num="149" count="29" type="stmt"/>
      <line num="150" count="29" type="stmt"/>
      <line num="151" count="29" type="cond" truecount="2" falsecount="0"/>
      <line num="152" count="29" type="cond" truecount="2" falsecount="0"/>
      <line num="154" count="29" type="cond" truecount="2" falsecount="0"/>
      <line num="155" count="25" type="cond" truecount="2" falsecount="0"/>
      <line num="159" count="4" type="cond" truecount="2" falsecount="0"/>
      <line num="162" count="4" type="cond" truecount="1" falsecount="0"/>
      <line num="163" count="1" type="stmt"/>
      <line num="164" count="3" type="cond" truecount="1" falsecount="0"/>
      <line num="165" count="2" type="stmt"/>
      <line num="170" count="29" type="stmt"/>
      <line num="171" count="29" type="stmt"/>
      <line num="172" count="29" type="stmt"/>
      <line num="176" count="3" type="stmt"/>
      <line num="180" count="2" type="stmt"/>
      <line num="184" count="12" type="stmt"/>
      <line num="188" count="3" type="stmt"/>
      <line num="192" count="4" type="stmt"/>
      <line num="193" count="4" type="stmt"/>
      <line num="194" count="4" type="stmt"/>
      <line num="195" count="4" type="stmt"/>
      <line num="196" count="4" type="stmt"/>
      <line num="199" count="4" type="stmt"/>
      <line num="200" count="4" type="stmt"/>
      <line num="202" count="4" type="stmt"/>
      <line num="203" count="1" type="cond" truecount="1" falsecount="0"/>
      <line num="209" count="1" type="stmt"/>
      <line num="210" count="1" type="stmt"/>
      <line num="211" count="1" type="stmt"/>
      <line num="212" count="1" type="stmt"/>
      <line num="213" count="1" type="stmt"/>
      <line num="218" count="1" type="stmt"/>
      <line num="219" count="1" type="stmt"/>
      <line num="220" count="1" type="stmt"/>
      <line num="221" count="1" type="stmt"/>
      <line num="222" count="1" type="stmt"/>
      <line num="223" count="1" type="stmt"/>
      <line num="224" count="1" type="stmt"/>
      <line num="225" count="1" type="stmt"/>
      <line num="226" count="2" type="cond" truecount="1" falsecount="0"/>
      <line num="232" count="1" type="stmt"/>
      <line num="236" count="2" type="stmt"/>
    </file>
    <file name="translation.directive.ts" path="/Users/viacharles/Documents/code/@Side-Project/ngx-component-translate/projects/ngx-atomic-i18n/src/lib/translation.directive.ts">
      <metrics statements="13" coveredstatements="13" conditionals="2" coveredconditionals="2" methods="2" coveredmethods="2"/>
      <line num="1" count="2" type="stmt"/>
      <line num="2" count="2" type="stmt"/>
      <line num="9" count="2" type="stmt"/>
      <line num="10" count="21" type="stmt"/>
      <line num="11" count="21" type="stmt"/>
      <line num="12" count="21" type="stmt"/>
      <line num="13" count="21" type="stmt"/>
      <line num="14" count="21" type="stmt"/>
      <line num="16" count="21" type="stmt"/>
      <line num="17" count="28" type="stmt"/>
      <line num="18" count="28" type="cond" truecount="2" falsecount="0"/>
      <line num="19" count="7" type="stmt"/>
      <line num="21" count="21" type="stmt"/>
    </file>
    <file name="translation.loader.csr.ts" path="/Users/viacharles/Documents/code/@Side-Project/ngx-component-translate/projects/ngx-atomic-i18n/src/lib/translation.loader.csr.ts">
      <metrics statements="22" coveredstatements="22" conditionals="17" coveredconditionals="17" methods="3" coveredmethods="3"/>
      <line num="2" count="2" type="stmt"/>
      <line num="3" count="2" type="stmt"/>
      <line num="4" count="2" type="stmt"/>
      <line num="6" count="2" type="stmt"/>
      <line num="9" count="16" type="stmt"/>
      <line num="10" count="16" type="cond" truecount="1" falsecount="0"/>
      <line num="13" count="12" type="cond" truecount="2" falsecount="0"/>
      <line num="14" count="12" type="cond" truecount="2" falsecount="0"/>
      <line num="15" count="12" type="cond" truecount="2" falsecount="0"/>
      <line num="19" count="12" type="cond" truecount="2" falsecount="0"/>
      <line num="20" count="12" type="cond" truecount="2" falsecount="0"/>
      <line num="21" count="12" type="stmt"/>
      <line num="22" count="12" type="stmt"/>
      <line num="23" count="13" type="stmt"/>
      <line num="24" count="13" type="stmt"/>
      <line num="25" count="13" type="cond" truecount="1" falsecount="0"/>
      <line num="26" count="12" type="cond" truecount="2" falsecount="0"/>
      <line num="28" count="13" type="stmt"/>
      <line num="29" count="13" type="stmt"/>
      <line num="32" count="9" type="cond" truecount="1" falsecount="0"/>
      <line num="33" count="9" type="stmt"/>
      <line num="39" count="3" type="stmt"/>
    </file>
    <file name="translation.loader.ssr.ts" path="/Users/viacharles/Documents/code/@Side-Project/ngx-component-translate/projects/ngx-atomic-i18n/src/lib/translation.loader.ssr.ts">
      <metrics statements="41" coveredstatements="41" conditionals="40" coveredconditionals="40" methods="9" coveredmethods="9"/>
      <line num="1" count="6" type="stmt"/>
      <line num="9" count="6" type="stmt"/>
      <line num="11" count="6" type="stmt"/>
      <line num="12" count="45" type="stmt"/>
      <line num="18" count="45" type="cond" truecount="1" falsecount="0"/>
      <line num="21" count="37" type="cond" truecount="2" falsecount="0"/>
      <line num="24" count="37" type="stmt"/>
      <line num="25" count="37" type="stmt"/>
      <line num="28" count="37" type="cond" truecount="3" falsecount="0"/>
      <line num="31" count="37" type="cond" truecount="3" falsecount="0"/>
      <line num="32" count="37" type="cond" truecount="2" falsecount="0"/>
      <line num="33" count="37" type="stmt"/>
      <line num="37" count="37" type="cond" truecount="2" falsecount="0"/>
      <line num="41" count="37" type="stmt"/>
      <line num="43" count="38" type="cond" truecount="2" falsecount="0"/>
      <line num="51" count="73" type="stmt"/>
      <line num="59" count="38" type="stmt"/>
      <line num="60" count="47" type="stmt"/>
      <line num="62" count="47" type="cond" truecount="3" falsecount="0"/>
      <line num="64" count="45" type="stmt"/>
      <line num="66" count="31" type="cond" truecount="2" falsecount="0"/>
      <line num="69" count="31" type="cond" truecount="2" falsecount="0"/>
      <line num="70" count="31" type="stmt"/>
      <line num="72" count="31" type="stmt"/>
      <line num="73" count="31" type="cond" truecount="3" falsecount="0"/>
      <line num="74" count="2" type="stmt"/>
      <line num="77" count="29" type="stmt"/>
      <line num="78" count="28" type="stmt"/>
      <line num="80" count="27" type="stmt"/>
      <line num="81" count="27" type="stmt"/>
      <line num="88" count="8" type="stmt"/>
      <line num="93" count="74" type="cond" truecount="2" falsecount="0"/>
      <line num="94" count="74" type="cond" truecount="1" falsecount="0"/>
      <line num="95" count="72" type="stmt"/>
      <line num="96" count="72" type="cond" truecount="2" falsecount="0"/>
      <line num="97" count="36" type="stmt"/>
      <line num="99" count="36" type="stmt"/>
      <line num="102" count="4" type="stmt"/>
      <line num="107" count="42" type="cond" truecount="5" falsecount="0"/>
      <line num="113" count="73" type="cond" truecount="3" falsecount="0"/>
      <line num="115" count="8" type="stmt"/>
    </file>
    <file name="translation.service.ts" path="/Users/viacharles/Documents/code/@Side-Project/ngx-component-translate/projects/ngx-atomic-i18n/src/lib/translation.service.ts">
      <metrics statements="49" coveredstatements="49" conditionals="25" coveredconditionals="25" methods="21" coveredmethods="21"/>
      <line num="1" count="5" type="stmt"/>
      <line num="2" count="5" type="stmt"/>
      <line num="4" count="5" type="stmt"/>
      <line num="5" count="5" type="stmt"/>
      <line num="8" count="5" type="stmt"/>
      <line num="9" count="38" type="stmt"/>
      <line num="10" count="38" type="stmt"/>
      <line num="11" count="38" type="stmt"/>
      <line num="12" count="38" type="stmt"/>
      <line num="14" count="38" type="stmt"/>
      <line num="15" count="38" type="stmt"/>
      <line num="18" count="127" type="stmt"/>
      <line num="22" count="1" type="stmt"/>
      <line num="25" count="1" type="stmt"/>
      <line num="28" count="38" type="cond" truecount="2" falsecount="0"/>
      <line num="31" count="82" type="stmt"/>
      <line num="32" count="82" type="cond" truecount="2" falsecount="0"/>
      <line num="36" count="1" type="cond" truecount="2" falsecount="0"/>
      <line num="40" count="80" type="cond" truecount="2" falsecount="0"/>
      <line num="44" count="38" type="stmt"/>
      <line num="46" count="38" type="cond" truecount="2" falsecount="0"/>
      <line num="47" count="38" type="stmt"/>
      <line num="48" count="38" type="stmt"/>
      <line num="49" count="44" type="stmt"/>
      <line num="50" count="44" type="cond" truecount="1" falsecount="0"/>
      <line num="51" count="37" type="stmt"/>
      <line num="57" count="1" type="stmt"/>
      <line num="61" count="35" type="stmt"/>
      <line num="62" count="35" type="stmt"/>
      <line num="63" count="34" type="cond" truecount="1" falsecount="0"/>
      <line num="64" count="28" type="stmt"/>
      <line num="65" count="28" type="cond" truecount="1" falsecount="0"/>
      <line num="66" count="4" type="cond" truecount="2" falsecount="0"/>
      <line num="67" count="4" type="cond" truecount="1" falsecount="0"/>
      <line num="68" count="3" type="stmt"/>
      <line num="72" count="35" type="cond" truecount="2" falsecount="0"/>
      <line num="73" count="35" type="cond" truecount="4" falsecount="0"/>
      <line num="75" count="1" type="stmt"/>
      <line num="76" count="1" type="stmt"/>
      <line num="77" count="32" type="cond" truecount="2" falsecount="0"/>
      <line num="78" count="1" type="stmt"/>
      <line num="83" count="3" type="stmt"/>
      <line num="86" count="1" type="stmt"/>
      <line num="89" count="1" type="stmt"/>
      <line num="92" count="1" type="stmt"/>
      <line num="95" count="1" type="stmt"/>
      <line num="98" count="1" type="stmt"/>
      <line num="101" count="1" type="stmt"/>
      <line num="104" count="1" type="stmt"/>
    </file>
  </project>
</coverage>
