{"/Users/viacharles/Documents/code/@Side-Project/ngx-component-translate/projects/ngx-atomic-i18n/src/lib/FIFO.model.ts": {"path":"/Users/viacharles/Documents/code/@Side-Project/ngx-component-translate/projects/ngx-atomic-i18n/src/lib/FIFO.model.ts","statementMap":{"0":{"start":{"line":2,"column":18},"end":{"line":2,"column":33}},"1":{"start":{"line":4,"column":8},"end":{"line":4,"column":29}},"2":{"start":{"line":6,"column":24},"end":{"line":6,"column":35}},"3":{"start":{"line":8,"column":8},"end":{"line":10,"column":9}},"4":{"start":{"line":9,"column":12},"end":{"line":9,"column":33}},"5":{"start":{"line":11,"column":8},"end":{"line":11,"column":33}},"6":{"start":{"line":12,"column":8},"end":{"line":17,"column":9}},"7":{"start":{"line":13,"column":26},"end":{"line":13,"column":54}},"8":{"start":{"line":14,"column":12},"end":{"line":16,"column":13}},"9":{"start":{"line":15,"column":16},"end":{"line":15,"column":39}},"10":{"start":{"line":20,"column":8},"end":{"line":20,"column":33}},"11":{"start":{"line":23,"column":8},"end":{"line":23,"column":33}},"12":{"start":{"line":26,"column":8},"end":{"line":26,"column":27}},"13":{"start":{"line":29,"column":8},"end":{"line":29,"column":25}},"14":{"start":{"line":1,"column":0},"end":{"line":1,"column":13}}},"fnMap":{"0":{"name":"(anonymous_0)","decl":{"start":{"line":3,"column":4},"end":{"line":3,"column":8}},"loc":{"start":{"line":3,"column":12},"end":{"line":5,"column":5}}},"1":{"name":"(anonymous_1)","decl":{"start":{"line":6,"column":4},"end":{"line":6,"column":24}},"loc":{"start":{"line":6,"column":35},"end":{"line":6,"column":40}}},"2":{"name":"(anonymous_2)","decl":{"start":{"line":7,"column":4},"end":{"line":7,"column":7}},"loc":{"start":{"line":7,"column":24},"end":{"line":18,"column":5}}},"3":{"name":"(anonymous_3)","decl":{"start":{"line":19,"column":4},"end":{"line":19,"column":7}},"loc":{"start":{"line":19,"column":14},"end":{"line":21,"column":5}}},"4":{"name":"(anonymous_4)","decl":{"start":{"line":22,"column":4},"end":{"line":22,"column":7}},"loc":{"start":{"line":22,"column":14},"end":{"line":24,"column":5}}},"5":{"name":"(anonymous_5)","decl":{"start":{"line":25,"column":4},"end":{"line":25,"column":10}},"loc":{"start":{"line":25,"column":15},"end":{"line":27,"column":5}}},"6":{"name":"(anonymous_6)","decl":{"start":{"line":28,"column":4},"end":{"line":28,"column":9}},"loc":{"start":{"line":28,"column":9},"end":{"line":30,"column":5}}}},"branchMap":{"0":{"loc":{"start":{"line":8,"column":8},"end":{"line":10,"column":9}},"type":"if","locations":[{"start":{"line":8,"column":8},"end":{"line":10,"column":9}}]},"1":{"loc":{"start":{"line":12,"column":8},"end":{"line":17,"column":9}},"type":"if","locations":[{"start":{"line":12,"column":8},"end":{"line":17,"column":9}}]},"2":{"loc":{"start":{"line":14,"column":12},"end":{"line":16,"column":13}},"type":"if","locations":[{"start":{"line":14,"column":12},"end":{"line":16,"column":13}}]}},"s":{"0":50,"1":2,"2":50,"3":36,"4":10,"5":36,"6":36,"7":1,"8":1,"9":1,"10":3,"11":39,"12":2,"13":1,"14":7},"f":{"0":2,"1":50,"2":36,"3":3,"4":39,"5":2,"6":1},"b":{"0":[10],"1":[1],"2":[1]}}
,"/Users/viacharles/Documents/code/@Side-Project/ngx-component-translate/projects/ngx-atomic-i18n/src/lib/translate.pipe.ts": {"path":"/Users/viacharles/Documents/code/@Side-Project/ngx-component-translate/projects/ngx-atomic-i18n/src/lib/translate.pipe.ts","statementMap":{"0":{"start":{"line":1,"column":0},"end":{"line":1,"column":60}},"1":{"start":{"line":3,"column":0},"end":{"line":3,"column":59}},"2":{"start":{"line":5,"column":7},"end":{"line":10,"column":null}},"3":{"start":{"line":6,"column":31},"end":{"line":6,"column":57}},"4":{"start":{"line":8,"column":8},"end":{"line":8,"column":43}},"5":{"start":{"line":5,"column":13},"end":{"line":5,"column":28}},"6":{"start":{"line":5,"column":13},"end":{"line":10,"column":null}}},"fnMap":{"0":{"name":"(anonymous_0)","decl":{"start":{"line":7,"column":4},"end":{"line":7,"column":13}},"loc":{"start":{"line":7,"column":42},"end":{"line":9,"column":5}}}},"branchMap":{},"s":{"0":2,"1":2,"2":2,"3":8,"4":14,"5":2,"6":2},"f":{"0":14},"b":{}}
,"/Users/viacharles/Documents/code/@Side-Project/ngx-component-translate/projects/ngx-atomic-i18n/src/lib/translate.provider.ts": {"path":"/Users/viacharles/Documents/code/@Side-Project/ngx-component-translate/projects/ngx-atomic-i18n/src/lib/translate.provider.ts","statementMap":{"0":{"start":{"line":11,"column":0},"end":{"line":11,"column":16}},"1":{"start":{"line":53,"column":0},"end":{"line":53,"column":16}},"2":{"start":{"line":66,"column":0},"end":{"line":66,"column":16}},"3":{"start":{"line":1,"column":0},"end":{"line":1,"column":50}},"4":{"start":{"line":2,"column":0},"end":{"line":2,"column":79}},"5":{"start":{"line":3,"column":0},"end":{"line":3,"column":65}},"6":{"start":{"line":4,"column":0},"end":{"line":4,"column":55}},"7":{"start":{"line":5,"column":0},"end":{"line":5,"column":51}},"8":{"start":{"line":6,"column":0},"end":{"line":6,"column":59}},"9":{"start":{"line":8,"column":0},"end":{"line":8,"column":98}},"10":{"start":{"line":9,"column":0},"end":{"line":9,"column":63}},"11":{"start":{"line":12,"column":24},"end":{"line":20,"column":4}},"12":{"start":{"line":21,"column":22},"end":{"line":24,"column":25}},"13":{"start":{"line":25,"column":24},"end":{"line":25,"column":56}},"14":{"start":{"line":26,"column":2},"end":{"line":50,"column":4}},"15":{"start":{"line":39,"column":8},"end":{"line":45,"column":null}},"16":{"start":{"line":40,"column":26},"end":{"line":40,"column":55}},"17":{"start":{"line":41,"column":10},"end":{"line":43,"column":11}},"18":{"start":{"line":42,"column":12},"end":{"line":42,"column":63}},"19":{"start":{"line":44,"column":10},"end":{"line":44,"column":37}},"20":{"start":{"line":54,"column":2},"end":{"line":63,"column":null}},"21":{"start":{"line":67,"column":2},"end":{"line":81,"column":4}},"22":{"start":{"line":71,"column":22},"end":{"line":71,"column":106}},"23":{"start":{"line":72,"column":8},"end":{"line":77,"column":9}},"24":{"start":{"line":73,"column":10},"end":{"line":73,"column":133}},"25":{"start":{"line":75,"column":23},"end":{"line":75,"column":41}},"26":{"start":{"line":76,"column":10},"end":{"line":76,"column":78}}},"fnMap":{"0":{"name":"provideTranslationInit","decl":{"start":{"line":11,"column":16},"end":{"line":11,"column":38}},"loc":{"start":{"line":11,"column":78},"end":{"line":51,"column":1}}},"1":{"name":"(anonymous_1)","decl":{"start":{"line":38,"column":18},"end":{"line":38,"column":19}},"loc":{"start":{"line":38,"column":45},"end":{"line":46,"column":7}}},"2":{"name":"(anonymous_2)","decl":{"start":{"line":39,"column":15},"end":{"line":39,"column":20}},"loc":{"start":{"line":39,"column":26},"end":{"line":45,"column":9}}},"3":{"name":"provideTranslation","decl":{"start":{"line":53,"column":16},"end":{"line":53,"column":34}},"loc":{"start":{"line":53,"column":63},"end":{"line":64,"column":1}}},"4":{"name":"provideTranslationLoader","decl":{"start":{"line":66,"column":16},"end":{"line":66,"column":40}},"loc":{"start":{"line":66,"column":157},"end":{"line":82,"column":1}}},"5":{"name":"(anonymous_5)","decl":{"start":{"line":70,"column":18},"end":{"line":70,"column":19}},"loc":{"start":{"line":70,"column":41},"end":{"line":78,"column":7}}}},"branchMap":{"0":{"loc":{"start":{"line":41,"column":10},"end":{"line":43,"column":11}},"type":"if","locations":[{"start":{"line":41,"column":10},"end":{"line":43,"column":11}}]},"1":{"loc":{"start":{"line":66,"column":41},"end":{"line":66,"column":157}},"type":"default-arg","locations":[{"start":{"line":66,"column":77},"end":{"line":66,"column":157}}]},"2":{"loc":{"start":{"line":71,"column":22},"end":{"line":71,"column":106}},"type":"binary-expr","locations":[{"start":{"line":71,"column":22},"end":{"line":71,"column":45}},{"start":{"line":71,"column":50},"end":{"line":71,"column":73}},{"start":{"line":71,"column":77},"end":{"line":71,"column":105}}]},"3":{"loc":{"start":{"line":72,"column":8},"end":{"line":77,"column":9}},"type":"if","locations":[{"start":{"line":72,"column":8},"end":{"line":77,"column":9}},{"start":{"line":74,"column":15},"end":{"line":77,"column":9}}]},"4":{"loc":{"start":{"line":73,"column":17},"end":{"line":73,"column":132}},"type":"binary-expr","locations":[{"start":{"line":73,"column":17},"end":{"line":73,"column":38}},{"start":{"line":73,"column":42},"end":{"line":73,"column":132}}]},"5":{"loc":{"start":{"line":76,"column":17},"end":{"line":76,"column":77}},"type":"binary-expr","locations":[{"start":{"line":76,"column":17},"end":{"line":76,"column":42}},{"start":{"line":76,"column":46},"end":{"line":76,"column":77}}]}},"s":{"0":1,"1":1,"2":1,"3":1,"4":1,"5":1,"6":1,"7":1,"8":1,"9":1,"10":1,"11":2,"12":2,"13":2,"14":2,"15":1,"16":1,"17":1,"18":1,"19":1,"20":2,"21":7,"22":5,"23":5,"24":3,"25":2,"26":2},"f":{"0":2,"1":1,"2":1,"3":2,"4":7,"5":5},"b":{"0":[1],"1":[4],"2":[5,3,2],"3":[3,2],"4":[3,2],"5":[2,1]}}
,"/Users/viacharles/Documents/code/@Side-Project/ngx-component-translate/projects/ngx-atomic-i18n/src/lib/translate.token.ts": {"path":"/Users/viacharles/Documents/code/@Side-Project/ngx-component-translate/projects/ngx-atomic-i18n/src/lib/translate.token.ts","statementMap":{"0":{"start":{"line":1,"column":0},"end":{"line":1,"column":47}},"1":{"start":{"line":4,"column":13},"end":{"line":4,"column":89}},"2":{"start":{"line":5,"column":13},"end":{"line":5,"column":94}},"3":{"start":{"line":6,"column":13},"end":{"line":6,"column":94}},"4":{"start":{"line":7,"column":13},"end":{"line":7,"column":82}}},"fnMap":{},"branchMap":{},"s":{"0":7,"1":7,"2":7,"3":7,"4":7},"f":{},"b":{}}
,"/Users/viacharles/Documents/code/@Side-Project/ngx-component-translate/projects/ngx-atomic-i18n/src/lib/translate.util.ts": {"path":"/Users/viacharles/Documents/code/@Side-Project/ngx-component-translate/projects/ngx-atomic-i18n/src/lib/translate.util.ts","statementMap":{"0":{"start":{"line":5,"column":0},"end":{"line":5,"column":16}},"1":{"start":{"line":34,"column":0},"end":{"line":34,"column":16}},"2":{"start":{"line":155,"column":0},"end":{"line":155,"column":16}},"3":{"start":{"line":169,"column":0},"end":{"line":169,"column":16}},"4":{"start":{"line":179,"column":0},"end":{"line":179,"column":16}},"5":{"start":{"line":200,"column":0},"end":{"line":200,"column":16}},"6":{"start":{"line":220,"column":0},"end":{"line":220,"column":16}},"7":{"start":{"line":1,"column":0},"end":{"line":1,"column":88}},"8":{"start":{"line":3,"column":0},"end":{"line":3,"column":34}},"9":{"start":{"line":6,"column":63},"end":{"line":6,"column":69}},"10":{"start":{"line":7,"column":2},"end":{"line":30,"column":3}},"11":{"start":{"line":9,"column":4},"end":{"line":26,"column":5}},"12":{"start":{"line":11,"column":8},"end":{"line":11,"column":83}},"13":{"start":{"line":12,"column":8},"end":{"line":12,"column":14}},"14":{"start":{"line":14,"column":8},"end":{"line":14,"column":93}},"15":{"start":{"line":15,"column":8},"end":{"line":15,"column":14}},"16":{"start":{"line":17,"column":25},"end":{"line":17,"column":70}},"17":{"start":{"line":18,"column":8},"end":{"line":18,"column":71}},"18":{"start":{"line":18,"column":40},"end":{"line":18,"column":61}},"19":{"start":{"line":19,"column":8},"end":{"line":19,"column":14}},"20":{"start":{"line":21,"column":8},"end":{"line":21,"column":108}},"21":{"start":{"line":22,"column":8},"end":{"line":22,"column":14}},"22":{"start":{"line":24,"column":8},"end":{"line":24,"column":28}},"23":{"start":{"line":25,"column":8},"end":{"line":25,"column":14}},"24":{"start":{"line":27,"column":4},"end":{"line":29,"column":5}},"25":{"start":{"line":28,"column":6},"end":{"line":28,"column":null}},"26":{"start":{"line":31,"column":2},"end":{"line":31,"column":22}},"27":{"start":{"line":35,"column":2},"end":{"line":35,"column":35}},"28":{"start":{"line":35,"column":15},"end":{"line":35,"column":35}},"29":{"start":{"line":37,"column":43},"end":{"line":37,"column":45}},"30":{"start":{"line":38,"column":2},"end":{"line":40,"column":3}},"31":{"start":{"line":39,"column":4},"end":{"line":39,"column":32}},"32":{"start":{"line":43,"column":16},"end":{"line":43,"column":17}},"33":{"start":{"line":44,"column":12},"end":{"line":44,"column":22}},"34":{"start":{"line":45,"column":4},"end":{"line":54,"column":5}},"35":{"start":{"line":46,"column":6},"end":{"line":52,"column":7}},"36":{"start":{"line":47,"column":8},"end":{"line":47,"column":40}},"37":{"start":{"line":47,"column":25},"end":{"line":47,"column":40}},"38":{"start":{"line":48,"column":8},"end":{"line":48,"column":16}},"39":{"start":{"line":49,"column":13},"end":{"line":52,"column":7}},"40":{"start":{"line":50,"column":8},"end":{"line":50,"column":16}},"41":{"start":{"line":51,"column":8},"end":{"line":51,"column":71}},"42":{"start":{"line":51,"column":25},"end":{"line":51,"column":71}},"43":{"start":{"line":53,"column":6},"end":{"line":53,"column":10}},"44":{"start":{"line":56,"column":4},"end":{"line":56,"column":49}},"45":{"start":{"line":60,"column":44},"end":{"line":60,"column":46}},"46":{"start":{"line":61,"column":12},"end":{"line":61,"column":13}},"47":{"start":{"line":62,"column":4},"end":{"line":77,"column":5}},"48":{"start":{"line":63,"column":6},"end":{"line":63,"column":34}},"49":{"start":{"line":63,"column":30},"end":{"line":63,"column":34}},"50":{"start":{"line":64,"column":16},"end":{"line":64,"column":18}},"51":{"start":{"line":65,"column":6},"end":{"line":67,"column":7}},"52":{"start":{"line":66,"column":8},"end":{"line":66,"column":25}},"53":{"start":{"line":68,"column":6},"end":{"line":68,"column":53}},"54":{"start":{"line":68,"column":49},"end":{"line":68,"column":53}},"55":{"start":{"line":69,"column":6},"end":{"line":73,"column":7}},"56":{"start":{"line":71,"column":8},"end":{"line":71,"column":12}},"57":{"start":{"line":72,"column":8},"end":{"line":72,"column":17}},"58":{"start":{"line":74,"column":28},"end":{"line":74,"column":49}},"59":{"start":{"line":75,"column":6},"end":{"line":75,"column":40}},"60":{"start":{"line":76,"column":6},"end":{"line":76,"column":15}},"61":{"start":{"line":78,"column":4},"end":{"line":78,"column":19}},"62":{"start":{"line":82,"column":4},"end":{"line":82,"column":75}},"63":{"start":{"line":82,"column":54},"end":{"line":82,"column":73}},"64":{"start":{"line":83,"column":17},"end":{"line":83,"column":19}},"65":{"start":{"line":84,"column":17},"end":{"line":84,"column":18}},"66":{"start":{"line":86,"column":4},"end":{"line":142,"column":5}},"67":{"start":{"line":87,"column":20},"end":{"line":87,"column":45}},"68":{"start":{"line":88,"column":6},"end":{"line":91,"column":7}},"69":{"start":{"line":89,"column":8},"end":{"line":89,"column":37}},"70":{"start":{"line":90,"column":8},"end":{"line":90,"column":14}},"71":{"start":{"line":93,"column":6},"end":{"line":93,"column":42}},"72":{"start":{"line":95,"column":33},"end":{"line":95,"column":58}},"73":{"start":{"line":97,"column":6},"end":{"line":100,"column":7}},"74":{"start":{"line":98,"column":8},"end":{"line":98,"column":27}},"75":{"start":{"line":99,"column":8},"end":{"line":99,"column":17}},"76":{"start":{"line":102,"column":20},"end":{"line":102,"column":63}},"77":{"start":{"line":103,"column":6},"end":{"line":107,"column":7}},"78":{"start":{"line":104,"column":8},"end":{"line":104,"column":24}},"79":{"start":{"line":105,"column":8},"end":{"line":105,"column":27}},"80":{"start":{"line":106,"column":8},"end":{"line":106,"column":17}},"81":{"start":{"line":109,"column":32},"end":{"line":109,"column":37}},"82":{"start":{"line":110,"column":21},"end":{"line":110,"column":44}},"83":{"start":{"line":111,"column":21},"end":{"line":111,"column":35}},"84":{"start":{"line":112,"column":19},"end":{"line":112,"column":51}},"85":{"start":{"line":113,"column":22},"end":{"line":113,"column":42}},"86":{"start":{"line":116,"column":8},"end":{"line":120,"column":10}},"87":{"start":{"line":122,"column":6},"end":{"line":126,"column":7}},"88":{"start":{"line":123,"column":8},"end":{"line":123,"column":24}},"89":{"start":{"line":124,"column":8},"end":{"line":124,"column":27}},"90":{"start":{"line":125,"column":8},"end":{"line":125,"column":17}},"91":{"start":{"line":129,"column":21},"end":{"line":129,"column":41}},"92":{"start":{"line":131,"column":6},"end":{"line":133,"column":7}},"93":{"start":{"line":132,"column":8},"end":{"line":132,"column":50}},"94":{"start":{"line":135,"column":6},"end":{"line":138,"column":9}},"95":{"start":{"line":136,"column":18},"end":{"line":136,"column":26}},"96":{"start":{"line":137,"column":8},"end":{"line":137,"column":33}},"97":{"start":{"line":140,"column":6},"end":{"line":140,"column":25}},"98":{"start":{"line":141,"column":6},"end":{"line":141,"column":25}},"99":{"start":{"line":144,"column":4},"end":{"line":144,"column":18}},"100":{"start":{"line":149,"column":2},"end":{"line":149,"column":41}},"101":{"start":{"line":156,"column":41},"end":{"line":156,"column":43}},"102":{"start":{"line":157,"column":2},"end":{"line":164,"column":3}},"103":{"start":{"line":158,"column":19},"end":{"line":158,"column":52}},"104":{"start":{"line":159,"column":4},"end":{"line":163,"column":5}},"105":{"start":{"line":160,"column":6},"end":{"line":160,"column":64}},"106":{"start":{"line":162,"column":6},"end":{"line":162,"column":37}},"107":{"start":{"line":165,"column":2},"end":{"line":165,"column":16}},"108":{"start":{"line":170,"column":19},"end":{"line":170,"column":35}},"109":{"start":{"line":171,"column":2},"end":{"line":175,"column":5}},"110":{"start":{"line":172,"column":4},"end":{"line":172,"column":29}},"111":{"start":{"line":173,"column":17},"end":{"line":173,"column":94}},"112":{"start":{"line":173,"column":55},"end":{"line":173,"column":93}},"113":{"start":{"line":173,"column":68},"end":{"line":173,"column":92}},"114":{"start":{"line":174,"column":4},"end":{"line":174,"column":32}},"115":{"start":{"line":174,"column":17},"end":{"line":174,"column":31}},"116":{"start":{"line":180,"column":17},"end":{"line":180,"column":39}},"117":{"start":{"line":181,"column":2},"end":{"line":196,"column":3}},"118":{"start":{"line":182,"column":25},"end":{"line":182,"column":44}},"119":{"start":{"line":183,"column":4},"end":{"line":195,"column":5}},"120":{"start":{"line":192,"column":6},"end":{"line":192,"column":70}},"121":{"start":{"line":194,"column":6},"end":{"line":194,"column":39}},"122":{"start":{"line":197,"column":2},"end":{"line":197,"column":16}},"123":{"start":{"line":201,"column":17},"end":{"line":201,"column":33}},"124":{"start":{"line":202,"column":2},"end":{"line":216,"column":3}},"125":{"start":{"line":203,"column":24},"end":{"line":203,"column":45}},"126":{"start":{"line":204,"column":4},"end":{"line":215,"column":5}},"127":{"start":{"line":212,"column":6},"end":{"line":212,"column":70}},"128":{"start":{"line":213,"column":11},"end":{"line":215,"column":5}},"129":{"start":{"line":214,"column":6},"end":{"line":214,"column":32}},"130":{"start":{"line":217,"column":2},"end":{"line":217,"column":16}},"131":{"start":{"line":221,"column":2},"end":{"line":221,"column":63}},"132":{"start":{"line":221,"column":46},"end":{"line":221,"column":56}}},"fnMap":{"0":{"name":"detectPreferredLang","decl":{"start":{"line":5,"column":16},"end":{"line":5,"column":35}},"loc":{"start":{"line":5,"column":61},"end":{"line":32,"column":1}}},"1":{"name":"(anonymous_1)","decl":{"start":{"line":18,"column":35},"end":{"line":18,"column":36}},"loc":{"start":{"line":18,"column":40},"end":{"line":18,"column":61}}},"2":{"name":"parseICU","decl":{"start":{"line":34,"column":16},"end":{"line":34,"column":24}},"loc":{"start":{"line":34,"column":87},"end":{"line":150,"column":1}}},"3":{"name":"extractBlock","decl":{"start":{"line":42,"column":11},"end":{"line":42,"column":23}},"loc":{"start":{"line":42,"column":56},"end":{"line":57,"column":3}}},"4":{"name":"extractOptions","decl":{"start":{"line":59,"column":11},"end":{"line":59,"column":25}},"loc":{"start":{"line":59,"column":38},"end":{"line":79,"column":3}}},"5":{"name":"resolveICU","decl":{"start":{"line":81,"column":11},"end":{"line":81,"column":21}},"loc":{"start":{"line":81,"column":34},"end":{"line":145,"column":3}}},"6":{"name":"(anonymous_6)","decl":{"start":{"line":82,"column":42},"end":{"line":82,"column":43}},"loc":{"start":{"line":82,"column":54},"end":{"line":82,"column":73}}},"7":{"name":"(anonymous_7)","decl":{"start":{"line":135,"column":58},"end":{"line":135,"column":59}},"loc":{"start":{"line":135,"column":72},"end":{"line":138,"column":7}}},"8":{"name":"flattenTranslations","decl":{"start":{"line":155,"column":16},"end":{"line":155,"column":35}},"loc":{"start":{"line":155,"column":57},"end":{"line":166,"column":1}}},"9":{"name":"toObservable","decl":{"start":{"line":169,"column":16},"end":{"line":169,"column":28}},"loc":{"start":{"line":169,"column":49},"end":{"line":176,"column":1}}},"10":{"name":"(anonymous_10)","decl":{"start":{"line":171,"column":24},"end":{"line":171,"column":33}},"loc":{"start":{"line":171,"column":36},"end":{"line":175,"column":3}}},"11":{"name":"(anonymous_11)","decl":{"start":{"line":173,"column":49},"end":{"line":173,"column":52}},"loc":{"start":{"line":173,"column":55},"end":{"line":173,"column":93}}},"12":{"name":"(anonymous_12)","decl":{"start":{"line":173,"column":62},"end":{"line":173,"column":65}},"loc":{"start":{"line":173,"column":68},"end":{"line":173,"column":92}}},"13":{"name":"(anonymous_13)","decl":{"start":{"line":174,"column":11},"end":{"line":174,"column":14}},"loc":{"start":{"line":174,"column":17},"end":{"line":174,"column":31}}},"14":{"name":"deepMerge","decl":{"start":{"line":179,"column":16},"end":{"line":179,"column":25}},"loc":{"start":{"line":179,"column":82},"end":{"line":198,"column":1}}},"15":{"name":"filterNewKeysDeep","decl":{"start":{"line":200,"column":16},"end":{"line":200,"column":33}},"loc":{"start":{"line":200,"column":92},"end":{"line":218,"column":1}}},"16":{"name":"getNested","decl":{"start":{"line":220,"column":16},"end":{"line":220,"column":25}},"loc":{"start":{"line":220,"column":48},"end":{"line":222,"column":1}}},"17":{"name":"(anonymous_17)","decl":{"start":{"line":221,"column":32},"end":{"line":221,"column":33}},"loc":{"start":{"line":221,"column":46},"end":{"line":221,"column":56}}}},"branchMap":{"0":{"loc":{"start":{"line":9,"column":4},"end":{"line":26,"column":5}},"type":"switch","locations":[{"start":{"line":10,"column":6},"end":{"line":12,"column":14}},{"start":{"line":13,"column":6},"end":{"line":15,"column":14}},{"start":{"line":16,"column":6},"end":{"line":19,"column":14}},{"start":{"line":20,"column":6},"end":{"line":22,"column":14}},{"start":{"line":23,"column":6},"end":{"line":25,"column":14}}]},"1":{"loc":{"start":{"line":11,"column":15},"end":{"line":11,"column":82}},"type":"cond-expr","locations":[{"start":{"line":11,"column":47},"end":{"line":11,"column":75}},{"start":{"line":11,"column":78},"end":{"line":11,"column":82}}]},"2":{"loc":{"start":{"line":14,"column":15},"end":{"line":14,"column":92}},"type":"cond-expr","locations":[{"start":{"line":14,"column":47},"end":{"line":14,"column":85}},{"start":{"line":14,"column":88},"end":{"line":14,"column":92}}]},"3":{"loc":{"start":{"line":17,"column":25},"end":{"line":17,"column":70}},"type":"binary-expr","locations":[{"start":{"line":17,"column":25},"end":{"line":17,"column":64}},{"start":{"line":17,"column":68},"end":{"line":17,"column":70}}]},"4":{"loc":{"start":{"line":18,"column":15},"end":{"line":18,"column":70}},"type":"binary-expr","locations":[{"start":{"line":18,"column":15},"end":{"line":18,"column":62}},{"start":{"line":18,"column":66},"end":{"line":18,"column":70}}]},"5":{"loc":{"start":{"line":21,"column":15},"end":{"line":21,"column":107}},"type":"cond-expr","locations":[{"start":{"line":21,"column":58},"end":{"line":21,"column":78}},{"start":{"line":21,"column":81},"end":{"line":21,"column":107}}]},"6":{"loc":{"start":{"line":21,"column":81},"end":{"line":21,"column":107}},"type":"binary-expr","locations":[{"start":{"line":21,"column":81},"end":{"line":21,"column":99}},{"start":{"line":21,"column":103},"end":{"line":21,"column":107}}]},"7":{"loc":{"start":{"line":27,"column":4},"end":{"line":29,"column":5}},"type":"if","locations":[{"start":{"line":27,"column":4},"end":{"line":29,"column":5}}]},"8":{"loc":{"start":{"line":27,"column":8},"end":{"line":27,"column":45}},"type":"binary-expr","locations":[{"start":{"line":27,"column":8},"end":{"line":27,"column":12}},{"start":{"line":27,"column":16},"end":{"line":27,"column":45}}]},"9":{"loc":{"start":{"line":35,"column":2},"end":{"line":35,"column":35}},"type":"if","locations":[{"start":{"line":35,"column":2},"end":{"line":35,"column":35}}]},"10":{"loc":{"start":{"line":46,"column":6},"end":{"line":52,"column":7}},"type":"if","locations":[{"start":{"line":46,"column":6},"end":{"line":52,"column":7}},{"start":{"line":49,"column":13},"end":{"line":52,"column":7}}]},"11":{"loc":{"start":{"line":47,"column":8},"end":{"line":47,"column":40}},"type":"if","locations":[{"start":{"line":47,"column":8},"end":{"line":47,"column":40}}]},"12":{"loc":{"start":{"line":49,"column":13},"end":{"line":52,"column":7}},"type":"if","locations":[{"start":{"line":49,"column":13},"end":{"line":52,"column":7}}]},"13":{"loc":{"start":{"line":51,"column":8},"end":{"line":51,"column":71}},"type":"if","locations":[{"start":{"line":51,"column":8},"end":{"line":51,"column":71}}]},"14":{"loc":{"start":{"line":65,"column":13},"end":{"line":65,"column":66}},"type":"binary-expr","locations":[{"start":{"line":65,"column":13},"end":{"line":65,"column":28}},{"start":{"line":65,"column":32},"end":{"line":65,"column":47}},{"start":{"line":65,"column":51},"end":{"line":65,"column":66}}]},"15":{"loc":{"start":{"line":68,"column":13},"end":{"line":68,"column":47}},"type":"binary-expr","locations":[{"start":{"line":68,"column":13},"end":{"line":68,"column":28}},{"start":{"line":68,"column":32},"end":{"line":68,"column":47}}]},"16":{"loc":{"start":{"line":69,"column":6},"end":{"line":73,"column":7}},"type":"if","locations":[{"start":{"line":69,"column":6},"end":{"line":73,"column":7}}]},"17":{"loc":{"start":{"line":82,"column":54},"end":{"line":82,"column":73}},"type":"binary-expr","locations":[{"start":{"line":82,"column":54},"end":{"line":82,"column":67}},{"start":{"line":82,"column":71},"end":{"line":82,"column":73}}]},"18":{"loc":{"start":{"line":88,"column":6},"end":{"line":91,"column":7}},"type":"if","locations":[{"start":{"line":88,"column":6},"end":{"line":91,"column":7}}]},"19":{"loc":{"start":{"line":97,"column":6},"end":{"line":100,"column":7}},"type":"if","locations":[{"start":{"line":97,"column":6},"end":{"line":100,"column":7}}]},"20":{"loc":{"start":{"line":97,"column":10},"end":{"line":97,"column":50}},"type":"binary-expr","locations":[{"start":{"line":97,"column":10},"end":{"line":97,"column":16}},{"start":{"line":97,"column":20},"end":{"line":97,"column":32}},{"start":{"line":97,"column":36},"end":{"line":97,"column":50}}]},"21":{"loc":{"start":{"line":103,"column":6},"end":{"line":107,"column":7}},"type":"if","locations":[{"start":{"line":103,"column":6},"end":{"line":107,"column":7}}]},"22":{"loc":{"start":{"line":110,"column":21},"end":{"line":110,"column":44}},"type":"binary-expr","locations":[{"start":{"line":110,"column":21},"end":{"line":110,"column":38}},{"start":{"line":110,"column":42},"end":{"line":110,"column":44}}]},"23":{"loc":{"start":{"line":116,"column":8},"end":{"line":120,"column":10}},"type":"binary-expr","locations":[{"start":{"line":116,"column":8},"end":{"line":116,"column":29}},{"start":{"line":117,"column":9},"end":{"line":117,"column":26}},{"start":{"line":117,"column":30},"end":{"line":117,"column":42}},{"start":{"line":117,"column":46},"end":{"line":117,"column":60}},{"start":{"line":118,"column":8},"end":{"line":118,"column":23}},{"start":{"line":119,"column":8},"end":{"line":119,"column":24}},{"start":{"line":120,"column":8},"end":{"line":120,"column":10}}]},"24":{"loc":{"start":{"line":122,"column":6},"end":{"line":126,"column":7}},"type":"if","locations":[{"start":{"line":122,"column":6},"end":{"line":126,"column":7}}]},"25":{"loc":{"start":{"line":131,"column":6},"end":{"line":133,"column":7}},"type":"if","locations":[{"start":{"line":131,"column":6},"end":{"line":133,"column":7}}]},"26":{"loc":{"start":{"line":136,"column":18},"end":{"line":136,"column":26}},"type":"binary-expr","locations":[{"start":{"line":136,"column":18},"end":{"line":136,"column":20}},{"start":{"line":136,"column":24},"end":{"line":136,"column":26}}]},"27":{"loc":{"start":{"line":137,"column":15},"end":{"line":137,"column":32}},"type":"binary-expr","locations":[{"start":{"line":137,"column":15},"end":{"line":137,"column":26}},{"start":{"line":137,"column":30},"end":{"line":137,"column":32}}]},"28":{"loc":{"start":{"line":155,"column":46},"end":{"line":155,"column":57}},"type":"default-arg","locations":[{"start":{"line":155,"column":55},"end":{"line":155,"column":57}}]},"29":{"loc":{"start":{"line":158,"column":19},"end":{"line":158,"column":52}},"type":"cond-expr","locations":[{"start":{"line":158,"column":28},"end":{"line":158,"column":46}},{"start":{"line":158,"column":49},"end":{"line":158,"column":52}}]},"30":{"loc":{"start":{"line":159,"column":4},"end":{"line":163,"column":5}},"type":"if","locations":[{"start":{"line":159,"column":4},"end":{"line":163,"column":5}},{"start":{"line":161,"column":11},"end":{"line":163,"column":5}}]},"31":{"loc":{"start":{"line":159,"column":8},"end":{"line":159,"column":76}},"type":"binary-expr","locations":[{"start":{"line":159,"column":8},"end":{"line":159,"column":33}},{"start":{"line":159,"column":37},"end":{"line":159,"column":51}},{"start":{"line":159,"column":55},"end":{"line":159,"column":76}}]},"32":{"loc":{"start":{"line":183,"column":4},"end":{"line":195,"column":5}},"type":"if","locations":[{"start":{"line":183,"column":4},"end":{"line":195,"column":5}},{"start":{"line":193,"column":11},"end":{"line":195,"column":5}}]},"33":{"loc":{"start":{"line":184,"column":6},"end":{"line":190,"column":33}},"type":"binary-expr","locations":[{"start":{"line":184,"column":6},"end":{"line":184,"column":32}},{"start":{"line":185,"column":6},"end":{"line":185,"column":37}},{"start":{"line":186,"column":6},"end":{"line":186,"column":26}},{"start":{"line":187,"column":6},"end":{"line":187,"column":33}},{"start":{"line":188,"column":6},"end":{"line":188,"column":37}},{"start":{"line":189,"column":6},"end":{"line":189,"column":26}},{"start":{"line":190,"column":6},"end":{"line":190,"column":33}}]},"34":{"loc":{"start":{"line":204,"column":4},"end":{"line":215,"column":5}},"type":"if","locations":[{"start":{"line":204,"column":4},"end":{"line":215,"column":5}},{"start":{"line":213,"column":11},"end":{"line":215,"column":5}}]},"35":{"loc":{"start":{"line":205,"column":6},"end":{"line":210,"column":32}},"type":"binary-expr","locations":[{"start":{"line":205,"column":6},"end":{"line":205,"column":37}},{"start":{"line":206,"column":6},"end":{"line":206,"column":26}},{"start":{"line":207,"column":6},"end":{"line":207,"column":33}},{"start":{"line":208,"column":6},"end":{"line":208,"column":36}},{"start":{"line":209,"column":6},"end":{"line":209,"column":25}},{"start":{"line":210,"column":6},"end":{"line":210,"column":32}}]},"36":{"loc":{"start":{"line":213,"column":11},"end":{"line":215,"column":5}},"type":"if","locations":[{"start":{"line":213,"column":11},"end":{"line":215,"column":5}}]}},"s":{"0":7,"1":7,"2":7,"3":7,"4":7,"5":7,"6":7,"7":7,"8":7,"9":64,"10":64,"11":166,"12":52,"13":52,"14":50,"15":50,"16":52,"17":52,"18":55,"19":52,"20":6,"21":6,"22":6,"23":6,"24":166,"25":63,"26":1,"27":44,"28":1,"29":43,"30":43,"31":23,"32":56,"33":56,"34":56,"35":1167,"36":100,"37":56,"38":100,"39":1067,"40":99,"41":99,"42":55,"43":1112,"44":1,"45":16,"46":16,"47":16,"48":40,"49":35,"50":40,"51":40,"52":159,"53":40,"54":39,"55":40,"56":6,"57":6,"58":34,"59":34,"60":34,"61":16,"62":56,"63":5,"64":56,"65":56,"66":56,"67":59,"68":59,"69":37,"70":37,"71":22,"72":22,"73":22,"74":1,"75":1,"76":21,"77":21,"78":5,"79":5,"80":5,"81":16,"82":16,"83":16,"84":16,"85":16,"86":16,"87":16,"88":3,"89":3,"90":3,"91":13,"92":13,"93":9,"94":13,"95":3,"96":3,"97":13,"98":13,"99":56,"100":43,"101":4,"102":4,"103":5,"104":5,"105":2,"106":3,"107":4,"108":84,"109":83,"110":1,"111":1,"112":1,"113":1,"114":1,"115":1,"116":20,"117":20,"118":22,"119":22,"120":1,"121":21,"122":20,"123":3,"124":3,"125":5,"126":5,"127":1,"128":4,"129":1,"130":3,"131":38,"132":42},"f":{"0":64,"1":55,"2":44,"3":56,"4":16,"5":56,"6":5,"7":3,"8":4,"9":84,"10":1,"11":1,"12":1,"13":1,"14":20,"15":3,"16":38,"17":42},"b":{"0":[52,50,52,6,6],"1":[51,1],"2":[49,1],"3":[52,1],"4":[52,2],"5":[4,2],"6":[2,1],"7":[63],"8":[166,65],"9":[1],"10":[100,1067],"11":[56],"12":[99],"13":[55],"14":[199,198,198],"15":[79,78],"16":[6],"17":[5,1],"18":[37],"19":[1],"20":[22,22,22],"21":[5],"22":[16,1],"23":[16,14,8,2,12,9,3],"24":[3],"25":[9],"26":[3,3],"27":[3,1],"28":[2],"29":[2,3],"30":[2,3],"31":[5,3,3],"32":[1,21],"33":[22,22,1,1,1,1,1],"34":[1,4],"35":[5,1,1,1,1,1],"36":[1]}}
,"/Users/viacharles/Documents/code/@Side-Project/ngx-component-translate/projects/ngx-atomic-i18n/src/lib/translation-core.service.ts": {"path":"/Users/viacharles/Documents/code/@Side-Project/ngx-component-translate/projects/ngx-atomic-i18n/src/lib/translation-core.service.ts","statementMap":{"0":{"start":{"line":1,"column":0},"end":{"line":1,"column":77}},"1":{"start":{"line":2,"column":0},"end":{"line":2,"column":120}},"2":{"start":{"line":4,"column":0},"end":{"line":4,"column":41}},"3":{"start":{"line":5,"column":0},"end":{"line":5,"column":96}},"4":{"start":{"line":8,"column":23},"end":{"line":8,"column":25}},"5":{"start":{"line":12,"column":7},"end":{"line":168,"column":null}},"6":{"start":{"line":13,"column":29},"end":{"line":13,"column":55}},"7":{"start":{"line":14,"column":29},"end":{"line":14,"column":55}},"8":{"start":{"line":15,"column":26},"end":{"line":15,"column":144}},"9":{"start":{"line":17,"column":27},"end":{"line":17,"column":68}},"10":{"start":{"line":18,"column":18},"end":{"line":18,"column":41}},"11":{"start":{"line":20,"column":32},"end":{"line":20,"column":91}},"12":{"start":{"line":21,"column":32},"end":{"line":21,"column":82}},"13":{"start":{"line":22,"column":29},"end":{"line":22,"column":45}},"14":{"start":{"line":24,"column":26},"end":{"line":24,"column":50}},"15":{"start":{"line":25,"column":26},"end":{"line":25,"column":59}},"16":{"start":{"line":28,"column":4},"end":{"line":28,"column":37}},"17":{"start":{"line":32,"column":4},"end":{"line":32,"column":74}},"18":{"start":{"line":32,"column":26},"end":{"line":32,"column":72}},"19":{"start":{"line":36,"column":24},"end":{"line":36,"column":65}},"20":{"start":{"line":37,"column":4},"end":{"line":40,"column":5}},"21":{"start":{"line":38,"column":6},"end":{"line":38,"column":66}},"22":{"start":{"line":39,"column":6},"end":{"line":39,"column":13}},"23":{"start":{"line":41,"column":4},"end":{"line":51,"column":5}},"24":{"start":{"line":42,"column":6},"end":{"line":42,"column":34}},"25":{"start":{"line":43,"column":24},"end":{"line":43,"column":53}},"26":{"start":{"line":44,"column":6},"end":{"line":50,"column":7}},"27":{"start":{"line":45,"column":8},"end":{"line":49,"column":9}},"28":{"start":{"line":46,"column":10},"end":{"line":46,"column":53}},"29":{"start":{"line":48,"column":10},"end":{"line":48,"column":70}},"30":{"start":{"line":55,"column":30},"end":{"line":55,"column":46}},"31":{"start":{"line":56,"column":4},"end":{"line":56,"column":58}},"32":{"start":{"line":56,"column":51},"end":{"line":56,"column":58}},"33":{"start":{"line":57,"column":17},"end":{"line":57,"column":32}},"34":{"start":{"line":58,"column":4},"end":{"line":58,"column":54}},"35":{"start":{"line":62,"column":21},"end":{"line":62,"column":44}},"36":{"start":{"line":63,"column":4},"end":{"line":63,"column":76}},"37":{"start":{"line":63,"column":39},"end":{"line":63,"column":76}},"38":{"start":{"line":64,"column":30},"end":{"line":64,"column":46}},"39":{"start":{"line":65,"column":16},"end":{"line":65,"column":75}},"40":{"start":{"line":66,"column":4},"end":{"line":66,"column":34}},"41":{"start":{"line":66,"column":27},"end":{"line":66,"column":34}},"42":{"start":{"line":67,"column":33},"end":{"line":69,"column":null}},"43":{"start":{"line":68,"column":21},"end":{"line":68,"column":37}},"44":{"start":{"line":70,"column":4},"end":{"line":70,"column":37}},"45":{"start":{"line":71,"column":4},"end":{"line":71,"column":18}},"46":{"start":{"line":75,"column":21},"end":{"line":75,"column":49}},"47":{"start":{"line":76,"column":4},"end":{"line":76,"column":62}},"48":{"start":{"line":76,"column":45},"end":{"line":76,"column":62}},"49":{"start":{"line":77,"column":23},"end":{"line":79,"column":46}},"50":{"start":{"line":80,"column":4},"end":{"line":85,"column":5}},"51":{"start":{"line":81,"column":20},"end":{"line":81,"column":54}},"52":{"start":{"line":82,"column":6},"end":{"line":82,"column":44}},"53":{"start":{"line":82,"column":35},"end":{"line":82,"column":44}},"54":{"start":{"line":83,"column":20},"end":{"line":83,"column":58}},"55":{"start":{"line":84,"column":6},"end":{"line":84,"column":30}},"56":{"start":{"line":84,"column":17},"end":{"line":84,"column":30}},"57":{"start":{"line":86,"column":4},"end":{"line":86,"column":40}},"58":{"start":{"line":87,"column":4},"end":{"line":87,"column":21}},"59":{"start":{"line":91,"column":18},"end":{"line":91,"column":107}},"60":{"start":{"line":92,"column":4},"end":{"line":96,"column":5}},"61":{"start":{"line":93,"column":6},"end":{"line":93,"column":60}},"62":{"start":{"line":93,"column":51},"end":{"line":93,"column":60}},"63":{"start":{"line":94,"column":19},"end":{"line":94,"column":66}},"64":{"start":{"line":95,"column":6},"end":{"line":95,"column":56}},"65":{"start":{"line":100,"column":16},"end":{"line":100,"column":42}},"66":{"start":{"line":101,"column":20},"end":{"line":101,"column":56}},"67":{"start":{"line":102,"column":4},"end":{"line":102,"column":33}},"68":{"start":{"line":103,"column":4},"end":{"line":103,"column":27}},"69":{"start":{"line":104,"column":4},"end":{"line":104,"column":29}},"70":{"start":{"line":105,"column":4},"end":{"line":105,"column":34}},"71":{"start":{"line":109,"column":4},"end":{"line":109,"column":69}},"72":{"start":{"line":113,"column":16},"end":{"line":113,"column":42}},"73":{"start":{"line":114,"column":23},"end":{"line":114,"column":36}},"74":{"start":{"line":115,"column":20},"end":{"line":115,"column":89}},"75":{"start":{"line":116,"column":30},"end":{"line":116,"column":58}},"76":{"start":{"line":118,"column":4},"end":{"line":133,"column":5}},"77":{"start":{"line":119,"column":6},"end":{"line":121,"column":null}},"78":{"start":{"line":123,"column":6},"end":{"line":125,"column":null}},"79":{"start":{"line":126,"column":6},"end":{"line":132,"column":7}},"80":{"start":{"line":127,"column":8},"end":{"line":131,"column":9}},"81":{"start":{"line":128,"column":10},"end":{"line":130,"column":11}},"82":{"start":{"line":129,"column":12},"end":{"line":129,"column":49}},"83":{"start":{"line":134,"column":4},"end":{"line":134,"column":35}},"84":{"start":{"line":135,"column":4},"end":{"line":135,"column":27}},"85":{"start":{"line":136,"column":4},"end":{"line":136,"column":29}},"86":{"start":{"line":140,"column":4},"end":{"line":140,"column":67}},"87":{"start":{"line":144,"column":4},"end":{"line":144,"column":66}},"88":{"start":{"line":148,"column":4},"end":{"line":148,"column":57}},"89":{"start":{"line":152,"column":4},"end":{"line":152,"column":55}},"90":{"start":{"line":156,"column":16},"end":{"line":156,"column":42}},"91":{"start":{"line":157,"column":20},"end":{"line":157,"column":42}},"92":{"start":{"line":158,"column":4},"end":{"line":158,"column":null}},"93":{"start":{"line":159,"column":4},"end":{"line":159,"column":27}},"94":{"start":{"line":160,"column":4},"end":{"line":160,"column":29}},"95":{"start":{"line":161,"column":4},"end":{"line":161,"column":null}},"96":{"start":{"line":165,"column":4},"end":{"line":165,"column":71}},"97":{"start":{"line":12,"column":13},"end":{"line":12,"column":35}},"98":{"start":{"line":12,"column":13},"end":{"line":168,"column":null}}},"fnMap":{"0":{"name":"(anonymous_0)","decl":{"start":{"line":27,"column":2},"end":{"line":27,"column":6}},"loc":{"start":{"line":27,"column":17},"end":{"line":29,"column":3}}},"1":{"name":"(anonymous_1)","decl":{"start":{"line":31,"column":2},"end":{"line":31,"column":13}},"loc":{"start":{"line":31,"column":31},"end":{"line":33,"column":3}}},"2":{"name":"(anonymous_2)","decl":{"start":{"line":32,"column":20},"end":{"line":32,"column":23}},"loc":{"start":{"line":32,"column":26},"end":{"line":32,"column":72}}},"3":{"name":"(anonymous_3)","decl":{"start":{"line":35,"column":2},"end":{"line":35,"column":9}},"loc":{"start":{"line":35,"column":23},"end":{"line":52,"column":3}}},"4":{"name":"(anonymous_4)","decl":{"start":{"line":54,"column":2},"end":{"line":54,"column":7}},"loc":{"start":{"line":54,"column":64},"end":{"line":59,"column":3}}},"5":{"name":"(anonymous_5)","decl":{"start":{"line":61,"column":2},"end":{"line":61,"column":23}},"loc":{"start":{"line":61,"column":50},"end":{"line":72,"column":3}}},"6":{"name":"(anonymous_6)","decl":{"start":{"line":68,"column":14},"end":{"line":68,"column":15}},"loc":{"start":{"line":68,"column":21},"end":{"line":68,"column":37}}},"7":{"name":"(anonymous_7)","decl":{"start":{"line":74,"column":2},"end":{"line":74,"column":23}},"loc":{"start":{"line":74,"column":54},"end":{"line":88,"column":3}}},"8":{"name":"(anonymous_8)","decl":{"start":{"line":90,"column":2},"end":{"line":90,"column":7}},"loc":{"start":{"line":90,"column":60},"end":{"line":97,"column":3}}},"9":{"name":"(anonymous_9)","decl":{"start":{"line":99,"column":10},"end":{"line":99,"column":31}},"loc":{"start":{"line":99,"column":83},"end":{"line":106,"column":3}}},"10":{"name":"(anonymous_10)","decl":{"start":{"line":108,"column":10},"end":{"line":108,"column":27}},"loc":{"start":{"line":108,"column":59},"end":{"line":110,"column":3}}},"11":{"name":"(anonymous_11)","decl":{"start":{"line":112,"column":2},"end":{"line":112,"column":19}},"loc":{"start":{"line":112,"column":104},"end":{"line":137,"column":3}}},"12":{"name":"(anonymous_12)","decl":{"start":{"line":139,"column":2},"end":{"line":139,"column":14}},"loc":{"start":{"line":139,"column":83},"end":{"line":141,"column":3}}},"13":{"name":"(anonymous_13)","decl":{"start":{"line":143,"column":2},"end":{"line":143,"column":13}},"loc":{"start":{"line":143,"column":89},"end":{"line":145,"column":3}}},"14":{"name":"(anonymous_14)","decl":{"start":{"line":147,"column":2},"end":{"line":147,"column":19}},"loc":{"start":{"line":147,"column":51},"end":{"line":149,"column":3}}},"15":{"name":"(anonymous_15)","decl":{"start":{"line":151,"column":2},"end":{"line":151,"column":19}},"loc":{"start":{"line":151,"column":51},"end":{"line":153,"column":3}}},"16":{"name":"(anonymous_16)","decl":{"start":{"line":155,"column":2},"end":{"line":155,"column":22}},"loc":{"start":{"line":155,"column":54},"end":{"line":162,"column":3}}},"17":{"name":"(anonymous_17)","decl":{"start":{"line":164,"column":2},"end":{"line":164,"column":13}},"loc":{"start":{"line":164,"column":58},"end":{"line":166,"column":3}}}},"branchMap":{"0":{"loc":{"start":{"line":25,"column":26},"end":{"line":25,"column":59}},"type":"binary-expr","locations":[{"start":{"line":25,"column":26},"end":{"line":25,"column":51}},{"start":{"line":25,"column":55},"end":{"line":25,"column":59}}]},"1":{"loc":{"start":{"line":36,"column":24},"end":{"line":36,"column":65}},"type":"binary-expr","locations":[{"start":{"line":36,"column":24},"end":{"line":36,"column":28}},{"start":{"line":36,"column":32},"end":{"line":36,"column":65}}]},"2":{"loc":{"start":{"line":37,"column":4},"end":{"line":40,"column":5}},"type":"if","locations":[{"start":{"line":37,"column":4},"end":{"line":40,"column":5}}]},"3":{"loc":{"start":{"line":41,"column":4},"end":{"line":51,"column":5}},"type":"if","locations":[{"start":{"line":41,"column":4},"end":{"line":51,"column":5}}]},"4":{"loc":{"start":{"line":44,"column":6},"end":{"line":50,"column":7}},"type":"if","locations":[{"start":{"line":44,"column":6},"end":{"line":50,"column":7}}]},"5":{"loc":{"start":{"line":56,"column":4},"end":{"line":56,"column":58}},"type":"if","locations":[{"start":{"line":56,"column":4},"end":{"line":56,"column":58}}]},"6":{"loc":{"start":{"line":63,"column":4},"end":{"line":63,"column":76}},"type":"if","locations":[{"start":{"line":63,"column":4},"end":{"line":63,"column":76}}]},"7":{"loc":{"start":{"line":66,"column":4},"end":{"line":66,"column":34}},"type":"if","locations":[{"start":{"line":66,"column":4},"end":{"line":66,"column":34}}]},"8":{"loc":{"start":{"line":67,"column":33},"end":{"line":69,"column":null}},"type":"cond-expr","locations":[{"start":{"line":67,"column":45},"end":{"line":67,"column":76}},{"start":{"line":67,"column":79},"end":{"line":69,"column":null}}]},"9":{"loc":{"start":{"line":76,"column":4},"end":{"line":76,"column":62}},"type":"if","locations":[{"start":{"line":76,"column":4},"end":{"line":76,"column":62}}]},"10":{"loc":{"start":{"line":77,"column":23},"end":{"line":79,"column":46}},"type":"cond-expr","locations":[{"start":{"line":78,"column":8},"end":{"line":78,"column":38}},{"start":{"line":79,"column":8},"end":{"line":79,"column":46}}]},"11":{"loc":{"start":{"line":79,"column":9},"end":{"line":79,"column":45}},"type":"binary-expr","locations":[{"start":{"line":79,"column":9},"end":{"line":79,"column":39}},{"start":{"line":79,"column":43},"end":{"line":79,"column":45}}]},"12":{"loc":{"start":{"line":82,"column":6},"end":{"line":82,"column":44}},"type":"if","locations":[{"start":{"line":82,"column":6},"end":{"line":82,"column":44}}]},"13":{"loc":{"start":{"line":84,"column":6},"end":{"line":84,"column":30}},"type":"if","locations":[{"start":{"line":84,"column":6},"end":{"line":84,"column":30}}]},"14":{"loc":{"start":{"line":91,"column":18},"end":{"line":91,"column":107}},"type":"cond-expr","locations":[{"start":{"line":91,"column":58},"end":{"line":91,"column":80}},{"start":{"line":91,"column":83},"end":{"line":91,"column":107}}]},"15":{"loc":{"start":{"line":93,"column":6},"end":{"line":93,"column":60}},"type":"if","locations":[{"start":{"line":93,"column":6},"end":{"line":93,"column":60}}]},"16":{"loc":{"start":{"line":112,"column":75},"end":{"line":112,"column":86}},"type":"default-arg","locations":[{"start":{"line":112,"column":82},"end":{"line":112,"column":86}}]},"17":{"loc":{"start":{"line":112,"column":88},"end":{"line":112,"column":104}},"type":"default-arg","locations":[{"start":{"line":112,"column":100},"end":{"line":112,"column":104}}]},"18":{"loc":{"start":{"line":115,"column":20},"end":{"line":115,"column":89}},"type":"cond-expr","locations":[{"start":{"line":115,"column":33},"end":{"line":115,"column":55}},{"start":{"line":115,"column":58},"end":{"line":115,"column":89}}]},"19":{"loc":{"start":{"line":116,"column":30},"end":{"line":116,"column":58}},"type":"binary-expr","locations":[{"start":{"line":116,"column":30},"end":{"line":116,"column":52}},{"start":{"line":116,"column":56},"end":{"line":116,"column":58}}]},"20":{"loc":{"start":{"line":118,"column":4},"end":{"line":133,"column":5}},"type":"if","locations":[{"start":{"line":118,"column":4},"end":{"line":133,"column":5}},{"start":{"line":122,"column":11},"end":{"line":133,"column":5}}]},"21":{"loc":{"start":{"line":119,"column":15},"end":{"line":121,"column":84}},"type":"cond-expr","locations":[{"start":{"line":120,"column":10},"end":{"line":120,"column":46}},{"start":{"line":121,"column":10},"end":{"line":121,"column":84}}]},"22":{"loc":{"start":{"line":123,"column":15},"end":{"line":125,"column":23}},"type":"cond-expr","locations":[{"start":{"line":124,"column":10},"end":{"line":124,"column":45}},{"start":{"line":125,"column":10},"end":{"line":125,"column":23}}]},"23":{"loc":{"start":{"line":126,"column":6},"end":{"line":132,"column":7}},"type":"if","locations":[{"start":{"line":126,"column":6},"end":{"line":132,"column":7}}]},"24":{"loc":{"start":{"line":128,"column":10},"end":{"line":130,"column":11}},"type":"if","locations":[{"start":{"line":128,"column":10},"end":{"line":130,"column":11}}]},"25":{"loc":{"start":{"line":139,"column":67},"end":{"line":139,"column":83}},"type":"default-arg","locations":[{"start":{"line":139,"column":79},"end":{"line":139,"column":83}}]},"26":{"loc":{"start":{"line":143,"column":73},"end":{"line":143,"column":89}},"type":"default-arg","locations":[{"start":{"line":143,"column":85},"end":{"line":143,"column":89}}]}},"s":{"0":6,"1":6,"2":6,"3":6,"4":6,"5":6,"6":46,"7":46,"8":46,"9":46,"10":46,"11":46,"12":46,"13":46,"14":46,"15":46,"16":21,"17":39,"18":46,"19":7,"20":7,"21":1,"22":1,"23":6,"24":3,"25":3,"26":3,"27":3,"28":3,"29":1,"30":9,"31":9,"32":1,"33":8,"34":8,"35":35,"36":35,"37":1,"38":34,"39":34,"40":34,"41":7,"42":27,"43":25,"44":27,"45":27,"46":9,"47":9,"48":3,"49":6,"50":6,"51":7,"52":7,"53":2,"54":5,"55":5,"56":2,"57":4,"58":4,"59":4,"60":4,"61":5,"62":2,"63":3,"64":3,"65":12,"66":12,"67":12,"68":12,"69":12,"70":12,"71":60,"72":22,"73":22,"74":22,"75":22,"76":22,"77":18,"78":4,"79":4,"80":1,"81":3,"82":2,"83":22,"84":22,"85":22,"86":3,"87":2,"88":5,"89":3,"90":1,"91":1,"92":1,"93":1,"94":1,"95":1,"96":2,"97":6,"98":6},"f":{"0":21,"1":39,"2":46,"3":7,"4":9,"5":35,"6":25,"7":9,"8":4,"9":12,"10":60,"11":22,"12":3,"13":2,"14":5,"15":3,"16":1,"17":2},"b":{"0":[46,1],"1":[7,1],"2":[1],"3":[3],"4":[3],"5":[1],"6":[1],"7":[7],"8":[1,26],"9":[3],"10":[1,5],"11":[5,1],"12":[2],"13":[2],"14":[3,1],"15":[2],"16":[17],"17":[17],"18":[5,17],"19":[22,18],"20":[18,4],"21":[17,1],"22":[3,1],"23":[1],"24":[2],"25":[1],"26":[2]}}
,"/Users/viacharles/Documents/code/@Side-Project/ngx-component-translate/projects/ngx-atomic-i18n/src/lib/translation.directive.ts": {"path":"/Users/viacharles/Documents/code/@Side-Project/ngx-component-translate/projects/ngx-atomic-i18n/src/lib/translation.directive.ts","statementMap":{"0":{"start":{"line":1,"column":0},"end":{"line":1,"column":77}},"1":{"start":{"line":2,"column":0},"end":{"line":2,"column":59}},"2":{"start":{"line":10,"column":20},"end":{"line":10,"column":67}},"3":{"start":{"line":11,"column":20},"end":{"line":11,"column":46}},"4":{"start":{"line":12,"column":15},"end":{"line":12,"column":24}},"5":{"start":{"line":13,"column":21},"end":{"line":13,"column":57}},"6":{"start":{"line":14,"column":19},"end":{"line":14,"column":36}},"7":{"start":{"line":16,"column":4},"end":{"line":23,"column":7}},"8":{"start":{"line":17,"column":20},"end":{"line":17,"column":60}},"9":{"start":{"line":18,"column":6},"end":{"line":22,"column":7}},"10":{"start":{"line":19,"column":8},"end":{"line":19,"column":55}},"11":{"start":{"line":21,"column":8},"end":{"line":21,"column":41}},"12":{"start":{"line":9,"column":13},"end":{"line":9,"column":33}},"13":{"start":{"line":9,"column":13},"end":{"line":25,"column":null}}},"fnMap":{"0":{"name":"(anonymous_0)","decl":{"start":{"line":15,"column":2},"end":{"line":15,"column":null}},"loc":{"start":{"line":15,"column":2},"end":{"line":24,"column":3}}},"1":{"name":"(anonymous_1)","decl":{"start":{"line":16,"column":11},"end":{"line":16,"column":14}},"loc":{"start":{"line":16,"column":16},"end":{"line":23,"column":5}}}},"branchMap":{"0":{"loc":{"start":{"line":18,"column":6},"end":{"line":22,"column":7}},"type":"if","locations":[{"start":{"line":18,"column":6},"end":{"line":22,"column":7}},{"start":{"line":20,"column":13},"end":{"line":22,"column":7}}]}},"s":{"0":2,"1":2,"2":21,"3":21,"4":21,"5":21,"6":21,"7":21,"8":28,"9":28,"10":7,"11":21,"12":2,"13":2},"f":{"0":21,"1":28},"b":{"0":[7,21]}}
,"/Users/viacharles/Documents/code/@Side-Project/ngx-component-translate/projects/ngx-atomic-i18n/src/lib/translation.loader.csr.ts": {"path":"/Users/viacharles/Documents/code/@Side-Project/ngx-component-translate/projects/ngx-atomic-i18n/src/lib/translation.loader.csr.ts","statementMap":{"0":{"start":{"line":3,"column":0},"end":{"line":3,"column":38}},"1":{"start":{"line":6,"column":24},"end":{"line":6,"column":40}},"2":{"start":{"line":8,"column":8},"end":{"line":17,"column":9}},"3":{"start":{"line":9,"column":12},"end":{"line":16,"column":13}},"4":{"start":{"line":10,"column":29},"end":{"line":11,"column":null}},"5":{"start":{"line":13,"column":16},"end":{"line":13,"column":28}},"6":{"start":{"line":18,"column":8},"end":{"line":18,"column":90}},"7":{"start":{"line":5,"column":0},"end":{"line":5,"column":13}}},"fnMap":{"0":{"name":"(anonymous_0)","decl":{"start":{"line":6,"column":4},"end":{"line":6,"column":24}},"loc":{"start":{"line":6,"column":40},"end":{"line":6,"column":45}}},"1":{"name":"(anonymous_1)","decl":{"start":{"line":7,"column":4},"end":{"line":7,"column":9}},"loc":{"start":{"line":7,"column":67},"end":{"line":19,"column":5}}}},"branchMap":{},"s":{"0":2,"1":4,"2":3,"3":5,"4":5,"5":2,"6":1,"7":2},"f":{"0":4,"1":3},"b":{}}
,"/Users/viacharles/Documents/code/@Side-Project/ngx-component-translate/projects/ngx-atomic-i18n/src/lib/translation.loader.ssr.ts": {"path":"/Users/viacharles/Documents/code/@Side-Project/ngx-component-translate/projects/ngx-atomic-i18n/src/lib/translation.loader.ssr.ts","statementMap":{"0":{"start":{"line":9,"column":12},"end":{"line":9,"column":23}},"1":{"start":{"line":10,"column":12},"end":{"line":10,"column":24}},"2":{"start":{"line":11,"column":12},"end":{"line":11,"column":35}},"3":{"start":{"line":14,"column":21},"end":{"line":14,"column":46}},"4":{"start":{"line":15,"column":15},"end":{"line":15,"column":57}},"5":{"start":{"line":15,"column":33},"end":{"line":15,"column":56}},"6":{"start":{"line":16,"column":4},"end":{"line":23,"column":5}},"7":{"start":{"line":17,"column":19},"end":{"line":17,"column":80}},"8":{"start":{"line":18,"column":6},"end":{"line":22,"column":7}},"9":{"start":{"line":19,"column":8},"end":{"line":19,"column":57}},"10":{"start":{"line":24,"column":4},"end":{"line":24,"column":83}},"11":{"start":{"line":7,"column":0},"end":{"line":7,"column":13}}},"fnMap":{"0":{"name":"(anonymous_6)","decl":{"start":{"line":8,"column":2},"end":{"line":8,"column":null}},"loc":{"start":{"line":11,"column":35},"end":{"line":12,"column":7}}},"1":{"name":"(anonymous_7)","decl":{"start":{"line":13,"column":2},"end":{"line":13,"column":7}},"loc":{"start":{"line":13,"column":57},"end":{"line":25,"column":3}}},"2":{"name":"(anonymous_8)","decl":{"start":{"line":14,"column":21},"end":{"line":14,"column":34}},"loc":{"start":{"line":14,"column":21},"end":{"line":14,"column":46}}},"3":{"name":"(anonymous_9)","decl":{"start":{"line":15,"column":33},"end":{"line":15,"column":46}},"loc":{"start":{"line":15,"column":33},"end":{"line":15,"column":56}}}},"branchMap":{"0":{"loc":{"start":{"line":9,"column":12},"end":{"line":9,"column":36}},"type":"default-arg","locations":[{"start":{"line":9,"column":23},"end":{"line":9,"column":36}}]},"1":{"loc":{"start":{"line":10,"column":12},"end":{"line":10,"column":45}},"type":"default-arg","locations":[{"start":{"line":10,"column":24},"end":{"line":10,"column":45}}]},"2":{"loc":{"start":{"line":15,"column":15},"end":{"line":15,"column":57}},"type":"binary-expr","locations":[{"start":{"line":15,"column":15},"end":{"line":15,"column":28}},{"start":{"line":15,"column":33},"end":{"line":15,"column":56}}]}},"s":{"0":7,"1":7,"2":7,"3":8,"4":4,"5":1,"6":4,"7":5,"8":5,"9":5,"10":1,"11":2},"f":{"0":7,"1":4,"2":4,"3":1},"b":{"0":[1],"1":[1],"2":[4,1]}}
,"/Users/viacharles/Documents/code/@Side-Project/ngx-component-translate/projects/ngx-atomic-i18n/src/lib/translation.service.ts": {"path":"/Users/viacharles/Documents/code/@Side-Project/ngx-component-translate/projects/ngx-atomic-i18n/src/lib/translation.service.ts","statementMap":{"0":{"start":{"line":1,"column":0},"end":{"line":1,"column":85}},"1":{"start":{"line":2,"column":0},"end":{"line":2,"column":98}},"2":{"start":{"line":4,"column":0},"end":{"line":4,"column":48}},"3":{"start":{"line":5,"column":0},"end":{"line":5,"column":68}},"4":{"start":{"line":9,"column":30},"end":{"line":9,"column":56}},"5":{"start":{"line":10,"column":28},"end":{"line":10,"column":58}},"6":{"start":{"line":11,"column":30},"end":{"line":11,"column":56}},"7":{"start":{"line":13,"column":28},"end":{"line":13,"column":51}},"8":{"start":{"line":14,"column":24},"end":{"line":14,"column":26}},"9":{"start":{"line":17,"column":8},"end":{"line":17,"column":48}},"10":{"start":{"line":17,"column":30},"end":{"line":17,"column":46}},"11":{"start":{"line":21,"column":8},"end":{"line":21,"column":37}},"12":{"start":{"line":24,"column":8},"end":{"line":24,"column":42}},"13":{"start":{"line":28,"column":8},"end":{"line":28,"column":null}},"14":{"start":{"line":32,"column":8},"end":{"line":32,"column":53}},"15":{"start":{"line":36,"column":8},"end":{"line":36,"column":55}},"16":{"start":{"line":40,"column":55},"end":{"line":40,"column":88}},"17":{"start":{"line":42,"column":24},"end":{"line":42,"column":100}},"18":{"start":{"line":43,"column":8},"end":{"line":43,"column":33}},"19":{"start":{"line":44,"column":8},"end":{"line":49,"column":null}},"20":{"start":{"line":45,"column":26},"end":{"line":45,"column":39}},"21":{"start":{"line":46,"column":12},"end":{"line":48,"column":13}},"22":{"start":{"line":47,"column":16},"end":{"line":47,"column":null}},"23":{"start":{"line":47,"column":44},"end":{"line":47,"column":112}},"24":{"start":{"line":53,"column":8},"end":{"line":53,"column":32}},"25":{"start":{"line":57,"column":22},"end":{"line":57,"column":35}},"26":{"start":{"line":58,"column":30},"end":{"line":58,"column":61}},"27":{"start":{"line":59,"column":8},"end":{"line":59,"column":46}},"28":{"start":{"line":59,"column":25},"end":{"line":59,"column":46}},"29":{"start":{"line":60,"column":29},"end":{"line":60,"column":72}},"30":{"start":{"line":61,"column":8},"end":{"line":61,"column":61}},"31":{"start":{"line":61,"column":26},"end":{"line":61,"column":61}},"32":{"start":{"line":62,"column":25},"end":{"line":62,"column":65}},"33":{"start":{"line":63,"column":8},"end":{"line":63,"column":53}},"34":{"start":{"line":63,"column":22},"end":{"line":63,"column":53}},"35":{"start":{"line":64,"column":8},"end":{"line":64,"column":29}},"36":{"start":{"line":68,"column":21},"end":{"line":68,"column":73}},"37":{"start":{"line":69,"column":8},"end":{"line":75,"column":9}},"38":{"start":{"line":71,"column":16},"end":{"line":71,"column":91}},"39":{"start":{"line":72,"column":26},"end":{"line":72,"column":36}},"40":{"start":{"line":73,"column":29},"end":{"line":73,"column":46}},"41":{"start":{"line":74,"column":21},"end":{"line":74,"column":33}},"42":{"start":{"line":79,"column":8},"end":{"line":79,"column":49}},"43":{"start":{"line":82,"column":8},"end":{"line":82,"column":44}},"44":{"start":{"line":85,"column":8},"end":{"line":85,"column":43}},"45":{"start":{"line":88,"column":8},"end":{"line":88,"column":49}},"46":{"start":{"line":91,"column":8},"end":{"line":91,"column":43}},"47":{"start":{"line":94,"column":8},"end":{"line":94,"column":49}},"48":{"start":{"line":97,"column":8},"end":{"line":97,"column":52}},"49":{"start":{"line":100,"column":8},"end":{"line":100,"column":49}},"50":{"start":{"line":8,"column":13},"end":{"line":8,"column":31}},"51":{"start":{"line":8,"column":13},"end":{"line":102,"column":null}}},"fnMap":{"0":{"name":"(anonymous_0)","decl":{"start":{"line":16,"column":4},"end":{"line":16,"column":8}},"loc":{"start":{"line":16,"column":12},"end":{"line":18,"column":5}}},"1":{"name":"(anonymous_1)","decl":{"start":{"line":17,"column":24},"end":{"line":17,"column":27}},"loc":{"start":{"line":17,"column":30},"end":{"line":17,"column":46}}},"2":{"name":"(anonymous_2)","decl":{"start":{"line":20,"column":4},"end":{"line":20,"column":8}},"loc":{"start":{"line":20,"column":19},"end":{"line":22,"column":5}}},"3":{"name":"(anonymous_3)","decl":{"start":{"line":23,"column":4},"end":{"line":23,"column":8}},"loc":{"start":{"line":23,"column":22},"end":{"line":25,"column":5}}},"4":{"name":"(anonymous_4)","decl":{"start":{"line":27,"column":4},"end":{"line":27,"column":8}},"loc":{"start":{"line":27,"column":16},"end":{"line":29,"column":5}}},"5":{"name":"(anonymous_5)","decl":{"start":{"line":31,"column":4},"end":{"line":31,"column":8}},"loc":{"start":{"line":31,"column":19},"end":{"line":33,"column":5}}},"6":{"name":"(anonymous_6)","decl":{"start":{"line":35,"column":4},"end":{"line":35,"column":8}},"loc":{"start":{"line":35,"column":13},"end":{"line":37,"column":5}}},"7":{"name":"(anonymous_7)","decl":{"start":{"line":39,"column":4},"end":{"line":39,"column":null}},"loc":{"start":{"line":40,"column":88},"end":{"line":50,"column":5}}},"8":{"name":"(anonymous_8)","decl":{"start":{"line":44,"column":15},"end":{"line":44,"column":18}},"loc":{"start":{"line":44,"column":20},"end":{"line":49,"column":9}}},"9":{"name":"(anonymous_9)","decl":{"start":{"line":47,"column":38},"end":{"line":47,"column":41}},"loc":{"start":{"line":47,"column":44},"end":{"line":47,"column":112}}},"10":{"name":"(anonymous_10)","decl":{"start":{"line":52,"column":4},"end":{"line":52,"column":11}},"loc":{"start":{"line":52,"column":24},"end":{"line":54,"column":5}}},"11":{"name":"(anonymous_11)","decl":{"start":{"line":56,"column":4},"end":{"line":56,"column":5}},"loc":{"start":{"line":56,"column":38},"end":{"line":65,"column":5}}},"12":{"name":"(anonymous_12)","decl":{"start":{"line":67,"column":12},"end":{"line":67,"column":33}},"loc":{"start":{"line":67,"column":46},"end":{"line":76,"column":5}}},"13":{"name":"(anonymous_13)","decl":{"start":{"line":78,"column":4},"end":{"line":78,"column":21}},"loc":{"start":{"line":78,"column":83},"end":{"line":80,"column":5}}},"14":{"name":"(anonymous_14)","decl":{"start":{"line":81,"column":4},"end":{"line":81,"column":16}},"loc":{"start":{"line":81,"column":73},"end":{"line":83,"column":5}}},"15":{"name":"(anonymous_15)","decl":{"start":{"line":84,"column":4},"end":{"line":84,"column":15}},"loc":{"start":{"line":84,"column":71},"end":{"line":86,"column":5}}},"16":{"name":"(anonymous_16)","decl":{"start":{"line":87,"column":4},"end":{"line":87,"column":21}},"loc":{"start":{"line":87,"column":83},"end":{"line":89,"column":5}}},"17":{"name":"(anonymous_17)","decl":{"start":{"line":90,"column":4},"end":{"line":90,"column":15}},"loc":{"start":{"line":90,"column":71},"end":{"line":92,"column":5}}},"18":{"name":"(anonymous_18)","decl":{"start":{"line":93,"column":4},"end":{"line":93,"column":21}},"loc":{"start":{"line":93,"column":83},"end":{"line":95,"column":5}}},"19":{"name":"(anonymous_19)","decl":{"start":{"line":96,"column":4},"end":{"line":96,"column":24}},"loc":{"start":{"line":96,"column":89},"end":{"line":98,"column":5}}},"20":{"name":"(anonymous_20)","decl":{"start":{"line":99,"column":4},"end":{"line":99,"column":21}},"loc":{"start":{"line":99,"column":83},"end":{"line":101,"column":5}}}},"branchMap":{"0":{"loc":{"start":{"line":42,"column":24},"end":{"line":42,"column":100}},"type":"cond-expr","locations":[{"start":{"line":42,"column":56},"end":{"line":42,"column":73}},{"start":{"line":42,"column":76},"end":{"line":42,"column":100}}]},"1":{"loc":{"start":{"line":46,"column":12},"end":{"line":48,"column":13}},"type":"if","locations":[{"start":{"line":46,"column":12},"end":{"line":48,"column":13}}]},"2":{"loc":{"start":{"line":56,"column":19},"end":{"line":56,"column":38}},"type":"default-arg","locations":[{"start":{"line":56,"column":36},"end":{"line":56,"column":38}}]},"3":{"loc":{"start":{"line":59,"column":8},"end":{"line":59,"column":46}},"type":"if","locations":[{"start":{"line":59,"column":8},"end":{"line":59,"column":46}}]},"4":{"loc":{"start":{"line":61,"column":8},"end":{"line":61,"column":61}},"type":"if","locations":[{"start":{"line":61,"column":8},"end":{"line":61,"column":61}}]},"5":{"loc":{"start":{"line":63,"column":8},"end":{"line":63,"column":53}},"type":"if","locations":[{"start":{"line":63,"column":8},"end":{"line":63,"column":53}}]},"6":{"loc":{"start":{"line":68,"column":21},"end":{"line":68,"column":73}},"type":"binary-expr","locations":[{"start":{"line":68,"column":21},"end":{"line":68,"column":59}},{"start":{"line":68,"column":63},"end":{"line":68,"column":73}}]},"7":{"loc":{"start":{"line":69,"column":8},"end":{"line":75,"column":9}},"type":"switch","locations":[{"start":{"line":70,"column":12},"end":{"line":71,"column":91}},{"start":{"line":72,"column":12},"end":{"line":72,"column":36}},{"start":{"line":73,"column":12},"end":{"line":73,"column":46}},{"start":{"line":74,"column":12},"end":{"line":74,"column":33}}]},"8":{"loc":{"start":{"line":73,"column":36},"end":{"line":73,"column":45}},"type":"binary-expr","locations":[{"start":{"line":73,"column":36},"end":{"line":73,"column":39}},{"start":{"line":73,"column":43},"end":{"line":73,"column":45}}]}},"s":{"0":5,"1":5,"2":5,"3":5,"4":36,"5":36,"6":36,"7":36,"8":36,"9":122,"10":86,"11":1,"12":1,"13":79,"14":1,"15":78,"16":36,"17":36,"18":36,"19":36,"20":42,"21":42,"22":35,"23":6,"24":1,"25":35,"26":35,"27":34,"28":6,"29":28,"30":28,"31":24,"32":4,"33":4,"34":1,"35":3,"36":35,"37":35,"38":1,"39":1,"40":32,"41":1,"42":3,"43":1,"44":1,"45":1,"46":1,"47":1,"48":1,"49":1,"50":5,"51":5},"f":{"0":122,"1":86,"2":1,"3":1,"4":79,"5":1,"6":78,"7":36,"8":42,"9":6,"10":1,"11":35,"12":35,"13":3,"14":1,"15":1,"16":1,"17":1,"18":1,"19":1,"20":1},"b":{"0":[1,35],"1":[35],"2":[30],"3":[6],"4":[24],"5":[1],"6":[35,1],"7":[1,1,32,1],"8":[32,1]}}
}
