{
    "/Users/viacharles/Documents/code/@Side-Project/ngx-component-translate/projects/ngx-atomic-i18n/src/lib/FIFO.model.ts": {
        "path": "/Users/viacharles/Documents/code/@Side-Project/ngx-component-translate/projects/ngx-atomic-i18n/src/lib/FIFO.model.ts",
        "statementMap": {
            "0": {
                "start": {
                    "line": 4,
                    "column": 8
                },
                "end": {
                    "line": 4,
                    "column": 29
                }
            },
            "1": {
                "start": {
                    "line": 6,
                    "column": 24
                },
                "end": {
                    "line": 6,
                    "column": 35
                }
            },
            "2": {
                "start": {
                    "line": 2,
                    "column": 12
                },
                "end": {
                    "line": 2,
                    "column": 34
                }
            },
            "3": {
                "start": {
                    "line": 8,
                    "column": 8
                },
                "end": {
                    "line": 10,
                    "column": 9
                }
            },
            "4": {
                "start": {
                    "line": 9,
                    "column": 12
                },
                "end": {
                    "line": 9,
                    "column": 33
                }
            },
            "5": {
                "start": {
                    "line": 11,
                    "column": 8
                },
                "end": {
                    "line": 11,
                    "column": 33
                }
            },
            "6": {
                "start": {
                    "line": 12,
                    "column": 8
                },
                "end": {
                    "line": 17,
                    "column": 9
                }
            },
            "7": {
                "start": {
                    "line": 13,
                    "column": 26
                },
                "end": {
                    "line": 13,
                    "column": 54
                }
            },
            "8": {
                "start": {
                    "line": 14,
                    "column": 12
                },
                "end": {
                    "line": 16,
                    "column": 13
                }
            },
            "9": {
                "start": {
                    "line": 15,
                    "column": 16
                },
                "end": {
                    "line": 15,
                    "column": 39
                }
            },
            "10": {
                "start": {
                    "line": 20,
                    "column": 20
                },
                "end": {
                    "line": 20,
                    "column": 37
                }
            },
            "11": {
                "start": {
                    "line": 22,
                    "column": 8
                },
                "end": {
                    "line": 25,
                    "column": 9
                }
            },
            "12": {
                "start": {
                    "line": 23,
                    "column": 12
                },
                "end": {
                    "line": 23,
                    "column": 33
                }
            },
            "13": {
                "start": {
                    "line": 24,
                    "column": 12
                },
                "end": {
                    "line": 24,
                    "column": 35
                }
            },
            "14": {
                "start": {
                    "line": 26,
                    "column": 8
                },
                "end": {
                    "line": 26,
                    "column": 19
                }
            },
            "15": {
                "start": {
                    "line": 29,
                    "column": 8
                },
                "end": {
                    "line": 29,
                    "column": 33
                }
            },
            "16": {
                "start": {
                    "line": 32,
                    "column": 8
                },
                "end": {
                    "line": 32,
                    "column": 27
                }
            },
            "17": {
                "start": {
                    "line": 35,
                    "column": 8
                },
                "end": {
                    "line": 35,
                    "column": 25
                }
            },
            "18": {
                "start": {
                    "line": 40,
                    "column": 8
                },
                "end": {
                    "line": 40,
                    "column": 31
                }
            },
            "19": {
                "start": {
                    "line": 44,
                    "column": 8
                },
                "end": {
                    "line": 44,
                    "column": 45
                }
            },
            "20": {
                "start": {
                    "line": 44,
                    "column": 35
                },
                "end": {
                    "line": 44,
                    "column": 43
                }
            },
            "21": {
                "start": {
                    "line": 52,
                    "column": 20
                },
                "end": {
                    "line": 52,
                    "column": 21
                }
            },
            "22": {
                "start": {
                    "line": 53,
                    "column": 8
                },
                "end": {
                    "line": 58,
                    "column": 9
                }
            },
            "23": {
                "start": {
                    "line": 54,
                    "column": 12
                },
                "end": {
                    "line": 57,
                    "column": 13
                }
            },
            "24": {
                "start": {
                    "line": 55,
                    "column": 16
                },
                "end": {
                    "line": 55,
                    "column": 35
                }
            },
            "25": {
                "start": {
                    "line": 56,
                    "column": 16
                },
                "end": {
                    "line": 56,
                    "column": 24
                }
            },
            "26": {
                "start": {
                    "line": 59,
                    "column": 8
                },
                "end": {
                    "line": 59,
                    "column": 21
                }
            },
            "27": {
                "start": {
                    "line": 1,
                    "column": 0
                },
                "end": {
                    "line": 1,
                    "column": 13
                }
            }
        },
        "fnMap": {
            "0": {
                "name": "(anonymous_0)",
                "decl": {
                    "start": {
                        "line": 3,
                        "column": 4
                    },
                    "end": {
                        "line": 3,
                        "column": 8
                    }
                },
                "loc": {
                    "start": {
                        "line": 3,
                        "column": 12
                    },
                    "end": {
                        "line": 5,
                        "column": 5
                    }
                }
            },
            "1": {
                "name": "(anonymous_1)",
                "decl": {
                    "start": {
                        "line": 6,
                        "column": 4
                    },
                    "end": {
                        "line": 6,
                        "column": 24
                    }
                },
                "loc": {
                    "start": {
                        "line": 6,
                        "column": 35
                    },
                    "end": {
                        "line": 6,
                        "column": 40
                    }
                }
            },
            "2": {
                "name": "(anonymous_2)",
                "decl": {
                    "start": {
                        "line": 7,
                        "column": 4
                    },
                    "end": {
                        "line": 7,
                        "column": 7
                    }
                },
                "loc": {
                    "start": {
                        "line": 7,
                        "column": 24
                    },
                    "end": {
                        "line": 18,
                        "column": 5
                    }
                }
            },
            "3": {
                "name": "(anonymous_3)",
                "decl": {
                    "start": {
                        "line": 19,
                        "column": 4
                    },
                    "end": {
                        "line": 19,
                        "column": 7
                    }
                },
                "loc": {
                    "start": {
                        "line": 19,
                        "column": 14
                    },
                    "end": {
                        "line": 27,
                        "column": 5
                    }
                }
            },
            "4": {
                "name": "(anonymous_4)",
                "decl": {
                    "start": {
                        "line": 28,
                        "column": 4
                    },
                    "end": {
                        "line": 28,
                        "column": 7
                    }
                },
                "loc": {
                    "start": {
                        "line": 28,
                        "column": 14
                    },
                    "end": {
                        "line": 30,
                        "column": 5
                    }
                }
            },
            "5": {
                "name": "(anonymous_5)",
                "decl": {
                    "start": {
                        "line": 31,
                        "column": 4
                    },
                    "end": {
                        "line": 31,
                        "column": 10
                    }
                },
                "loc": {
                    "start": {
                        "line": 31,
                        "column": 15
                    },
                    "end": {
                        "line": 33,
                        "column": 5
                    }
                }
            },
            "6": {
                "name": "(anonymous_6)",
                "decl": {
                    "start": {
                        "line": 34,
                        "column": 4
                    },
                    "end": {
                        "line": 34,
                        "column": 9
                    }
                },
                "loc": {
                    "start": {
                        "line": 34,
                        "column": 9
                    },
                    "end": {
                        "line": 36,
                        "column": 5
                    }
                }
            },
            "7": {
                "name": "(anonymous_7)",
                "decl": {
                    "start": {
                        "line": 39,
                        "column": 4
                    },
                    "end": {
                        "line": 39,
                        "column": 8
                    }
                },
                "loc": {
                    "start": {
                        "line": 39,
                        "column": 8
                    },
                    "end": {
                        "line": 41,
                        "column": 5
                    }
                }
            },
            "8": {
                "name": "(anonymous_8)",
                "decl": {
                    "start": {
                        "line": 43,
                        "column": 4
                    },
                    "end": {
                        "line": 43,
                        "column": 11
                    }
                },
                "loc": {
                    "start": {
                        "line": 43,
                        "column": 42
                    },
                    "end": {
                        "line": 45,
                        "column": 5
                    }
                }
            },
            "9": {
                "name": "(anonymous_9)",
                "decl": {
                    "start": {
                        "line": 44,
                        "column": 25
                    },
                    "end": {
                        "line": 44,
                        "column": 26
                    }
                },
                "loc": {
                    "start": {
                        "line": 44,
                        "column": 35
                    },
                    "end": {
                        "line": 44,
                        "column": 43
                    }
                }
            },
            "10": {
                "name": "(anonymous_10)",
                "decl": {
                    "start": {
                        "line": 51,
                        "column": 4
                    },
                    "end": {
                        "line": 51,
                        "column": 15
                    }
                },
                "loc": {
                    "start": {
                        "line": 51,
                        "column": 56
                    },
                    "end": {
                        "line": 60,
                        "column": 5
                    }
                }
            }
        },
        "branchMap": {
            "0": {
                "loc": {
                    "start": {
                        "line": 8,
                        "column": 8
                    },
                    "end": {
                        "line": 10,
                        "column": 9
                    }
                },
                "type": "if",
                "locations": [
                    {
                        "start": {
                            "line": 8,
                            "column": 8
                        },
                        "end": {
                            "line": 10,
                            "column": 9
                        }
                    }
                ]
            },
            "1": {
                "loc": {
                    "start": {
                        "line": 12,
                        "column": 8
                    },
                    "end": {
                        "line": 17,
                        "column": 9
                    }
                },
                "type": "if",
                "locations": [
                    {
                        "start": {
                            "line": 12,
                            "column": 8
                        },
                        "end": {
                            "line": 17,
                            "column": 9
                        }
                    }
                ]
            },
            "2": {
                "loc": {
                    "start": {
                        "line": 14,
                        "column": 12
                    },
                    "end": {
                        "line": 16,
                        "column": 13
                    }
                },
                "type": "if",
                "locations": [
                    {
                        "start": {
                            "line": 14,
                            "column": 12
                        },
                        "end": {
                            "line": 16,
                            "column": 13
                        }
                    }
                ]
            },
            "3": {
                "loc": {
                    "start": {
                        "line": 22,
                        "column": 8
                    },
                    "end": {
                        "line": 25,
                        "column": 9
                    }
                },
                "type": "if",
                "locations": [
                    {
                        "start": {
                            "line": 22,
                            "column": 8
                        },
                        "end": {
                            "line": 25,
                            "column": 9
                        }
                    }
                ]
            },
            "4": {
                "loc": {
                    "start": {
                        "line": 54,
                        "column": 12
                    },
                    "end": {
                        "line": 57,
                        "column": 13
                    }
                },
                "type": "if",
                "locations": [
                    {
                        "start": {
                            "line": 54,
                            "column": 12
                        },
                        "end": {
                            "line": 57,
                            "column": 13
                        }
                    }
                ]
            }
        },
        "s": {
            "0": 2,
            "1": 62,
            "2": 62,
            "3": 40,
            "4": 1,
            "5": 40,
            "6": 40,
            "7": 2,
            "8": 2,
            "9": 2,
            "10": 13,
            "11": 13,
            "12": 13,
            "13": 13,
            "14": 13,
            "15": 55,
            "16": 1,
            "17": 2,
            "18": 1,
            "19": 1,
            "20": 3,
            "21": 6,
            "22": 6,
            "23": 5,
            "24": 4,
            "25": 4,
            "26": 6,
            "27": 7
        },
        "f": {
            "0": 2,
            "1": 62,
            "2": 40,
            "3": 13,
            "4": 55,
            "5": 1,
            "6": 2,
            "7": 1,
            "8": 1,
            "9": 3,
            "10": 6
        },
        "b": {
            "0": [
                1
            ],
            "1": [
                2
            ],
            "2": [
                2
            ],
            "3": [
                13
            ],
            "4": [
                4
            ]
        }
    },
    "/Users/viacharles/Documents/code/@Side-Project/ngx-component-translate/projects/ngx-atomic-i18n/src/lib/translate.pipe.ts": {
        "path": "/Users/viacharles/Documents/code/@Side-Project/ngx-component-translate/projects/ngx-atomic-i18n/src/lib/translate.pipe.ts",
        "statementMap": {
            "0": {
                "start": {
                    "line": 1,
                    "column": 0
                },
                "end": {
                    "line": 1,
                    "column": 60
                }
            },
            "1": {
                "start": {
                    "line": 3,
                    "column": 0
                },
                "end": {
                    "line": 3,
                    "column": 59
                }
            },
            "2": {
                "start": {
                    "line": 5,
                    "column": 7
                },
                "end": {
                    "line": 10,
                    "column": null
                }
            },
            "3": {
                "start": {
                    "line": 6,
                    "column": 21
                },
                "end": {
                    "line": 6,
                    "column": 58
                }
            },
            "4": {
                "start": {
                    "line": 8,
                    "column": 8
                },
                "end": {
                    "line": 8,
                    "column": 43
                }
            },
            "5": {
                "start": {
                    "line": 5,
                    "column": 13
                },
                "end": {
                    "line": 5,
                    "column": 28
                }
            },
            "6": {
                "start": {
                    "line": 5,
                    "column": 13
                },
                "end": {
                    "line": 10,
                    "column": null
                }
            }
        },
        "fnMap": {
            "0": {
                "name": "(anonymous_0)",
                "decl": {
                    "start": {
                        "line": 5,
                        "column": 7
                    },
                    "end": {
                        "line": 5,
                        "column": 13
                    }
                },
                "loc": {
                    "start": {
                        "line": 5,
                        "column": 7
                    },
                    "end": {
                        "line": 10,
                        "column": 1
                    }
                }
            },
            "1": {
                "name": "(anonymous_1)",
                "decl": {
                    "start": {
                        "line": 7,
                        "column": 4
                    },
                    "end": {
                        "line": 7,
                        "column": 13
                    }
                },
                "loc": {
                    "start": {
                        "line": 7,
                        "column": 42
                    },
                    "end": {
                        "line": 9,
                        "column": 5
                    }
                }
            }
        },
        "branchMap": {},
        "s": {
            "0": 2,
            "1": 2,
            "2": 2,
            "3": 8,
            "4": 14,
            "5": 2,
            "6": 2
        },
        "f": {
            "0": 8,
            "1": 14
        },
        "b": {}
    },
    "/Users/viacharles/Documents/code/@Side-Project/ngx-component-translate/projects/ngx-atomic-i18n/src/lib/translate.provider.ts": {
        "path": "/Users/viacharles/Documents/code/@Side-Project/ngx-component-translate/projects/ngx-atomic-i18n/src/lib/translate.provider.ts",
        "statementMap": {
            "0": {
                "start": {
                    "line": 18,
                    "column": 0
                },
                "end": {
                    "line": 18,
                    "column": 16
                }
            },
            "1": {
                "start": {
                    "line": 59,
                    "column": 0
                },
                "end": {
                    "line": 59,
                    "column": 16
                }
            },
            "2": {
                "start": {
                    "line": 72,
                    "column": 0
                },
                "end": {
                    "line": 72,
                    "column": 16
                }
            },
            "3": {
                "start": {
                    "line": 1,
                    "column": 0
                },
                "end": {
                    "line": 1,
                    "column": 50
                }
            },
            "4": {
                "start": {
                    "line": 2,
                    "column": 0
                },
                "end": {
                    "line": 2,
                    "column": 90
                }
            },
            "5": {
                "start": {
                    "line": 3,
                    "column": 0
                },
                "end": {
                    "line": 3,
                    "column": 65
                }
            },
            "6": {
                "start": {
                    "line": 4,
                    "column": 0
                },
                "end": {
                    "line": 4,
                    "column": 55
                }
            },
            "7": {
                "start": {
                    "line": 5,
                    "column": 0
                },
                "end": {
                    "line": 5,
                    "column": 51
                }
            },
            "8": {
                "start": {
                    "line": 6,
                    "column": 0
                },
                "end": {
                    "line": 6,
                    "column": 59
                }
            },
            "9": {
                "start": {
                    "line": 7,
                    "column": 0
                },
                "end": {
                    "line": 7,
                    "column": 109
                }
            },
            "10": {
                "start": {
                    "line": 8,
                    "column": 0
                },
                "end": {
                    "line": 8,
                    "column": 113
                }
            },
            "11": {
                "start": {
                    "line": 9,
                    "column": 0
                },
                "end": {
                    "line": 9,
                    "column": 63
                }
            },
            "12": {
                "start": {
                    "line": 19,
                    "column": 43
                },
                "end": {
                    "line": 27,
                    "column": 4
                }
            },
            "13": {
                "start": {
                    "line": 23,
                    "column": 23
                },
                "end": {
                    "line": 23,
                    "column": 27
                }
            },
            "14": {
                "start": {
                    "line": 28,
                    "column": 22
                },
                "end": {
                    "line": 28,
                    "column": 86
                }
            },
            "15": {
                "start": {
                    "line": 29,
                    "column": 24
                },
                "end": {
                    "line": 29,
                    "column": 56
                }
            },
            "16": {
                "start": {
                    "line": 30,
                    "column": 2
                },
                "end": {
                    "line": 55,
                    "column": 4
                }
            },
            "17": {
                "start": {
                    "line": 44,
                    "column": 8
                },
                "end": {
                    "line": 50,
                    "column": 10
                }
            },
            "18": {
                "start": {
                    "line": 45,
                    "column": 26
                },
                "end": {
                    "line": 45,
                    "column": 55
                }
            },
            "19": {
                "start": {
                    "line": 46,
                    "column": 10
                },
                "end": {
                    "line": 48,
                    "column": 11
                }
            },
            "20": {
                "start": {
                    "line": 47,
                    "column": 12
                },
                "end": {
                    "line": 47,
                    "column": 63
                }
            },
            "21": {
                "start": {
                    "line": 49,
                    "column": 10
                },
                "end": {
                    "line": 49,
                    "column": 37
                }
            },
            "22": {
                "start": {
                    "line": 60,
                    "column": 2
                },
                "end": {
                    "line": 69,
                    "column": null
                }
            },
            "23": {
                "start": {
                    "line": 73,
                    "column": 2
                },
                "end": {
                    "line": 101,
                    "column": 4
                }
            },
            "24": {
                "start": {
                    "line": 77,
                    "column": 22
                },
                "end": {
                    "line": 77,
                    "column": 114
                }
            },
            "25": {
                "start": {
                    "line": 78,
                    "column": 8
                },
                "end": {
                    "line": 91,
                    "column": 9
                }
            },
            "26": {
                "start": {
                    "line": 80,
                    "column": 12
                },
                "end": {
                    "line": 81,
                    "column": 65
                }
            },
            "27": {
                "start": {
                    "line": 82,
                    "column": 28
                },
                "end": {
                    "line": 82,
                    "column": 116
                }
            },
            "28": {
                "start": {
                    "line": 83,
                    "column": 10
                },
                "end": {
                    "line": 90,
                    "column": 15
                }
            },
            "29": {
                "start": {
                    "line": 92,
                    "column": 21
                },
                "end": {
                    "line": 92,
                    "column": 39
                }
            },
            "30": {
                "start": {
                    "line": 93,
                    "column": 8
                },
                "end": {
                    "line": 97,
                    "column": 13
                }
            }
        },
        "fnMap": {
            "0": {
                "name": "provideTranslationInit",
                "decl": {
                    "start": {
                        "line": 18,
                        "column": 16
                    },
                    "end": {
                        "line": 18,
                        "column": 38
                    }
                },
                "loc": {
                    "start": {
                        "line": 18,
                        "column": 81
                    },
                    "end": {
                        "line": 56,
                        "column": 1
                    }
                }
            },
            "1": {
                "name": "(anonymous_1)",
                "decl": {
                    "start": {
                        "line": 23,
                        "column": 17
                    },
                    "end": {
                        "line": 23,
                        "column": 20
                    }
                },
                "loc": {
                    "start": {
                        "line": 23,
                        "column": 23
                    },
                    "end": {
                        "line": 23,
                        "column": 27
                    }
                }
            },
            "2": {
                "name": "(anonymous_2)",
                "decl": {
                    "start": {
                        "line": 43,
                        "column": 18
                    },
                    "end": {
                        "line": 43,
                        "column": 19
                    }
                },
                "loc": {
                    "start": {
                        "line": 43,
                        "column": 45
                    },
                    "end": {
                        "line": 51,
                        "column": 7
                    }
                }
            },
            "3": {
                "name": "(anonymous_3)",
                "decl": {
                    "start": {
                        "line": 44,
                        "column": 15
                    },
                    "end": {
                        "line": 44,
                        "column": 20
                    }
                },
                "loc": {
                    "start": {
                        "line": 44,
                        "column": 26
                    },
                    "end": {
                        "line": 50,
                        "column": 9
                    }
                }
            },
            "4": {
                "name": "provideTranslation",
                "decl": {
                    "start": {
                        "line": 59,
                        "column": 16
                    },
                    "end": {
                        "line": 59,
                        "column": 34
                    }
                },
                "loc": {
                    "start": {
                        "line": 59,
                        "column": 63
                    },
                    "end": {
                        "line": 70,
                        "column": 1
                    }
                }
            },
            "5": {
                "name": "provideTranslationLoader",
                "decl": {
                    "start": {
                        "line": 72,
                        "column": 16
                    },
                    "end": {
                        "line": 72,
                        "column": 40
                    }
                },
                "loc": {
                    "start": {
                        "line": 72,
                        "column": 79
                    },
                    "end": {
                        "line": 102,
                        "column": 1
                    }
                }
            },
            "6": {
                "name": "(anonymous_6)",
                "decl": {
                    "start": {
                        "line": 76,
                        "column": 18
                    },
                    "end": {
                        "line": 76,
                        "column": 19
                    }
                },
                "loc": {
                    "start": {
                        "line": 76,
                        "column": 60
                    },
                    "end": {
                        "line": 98,
                        "column": 7
                    }
                }
            }
        },
        "branchMap": {
            "0": {
                "loc": {
                    "start": {
                        "line": 28,
                        "column": 46
                    },
                    "end": {
                        "line": 28,
                        "column": 62
                    }
                },
                "type": "binary-expr",
                "locations": [
                    {
                        "start": {
                            "line": 28,
                            "column": 46
                        },
                        "end": {
                            "line": 28,
                            "column": 56
                        }
                    },
                    {
                        "start": {
                            "line": 28,
                            "column": 60
                        },
                        "end": {
                            "line": 28,
                            "column": 62
                        }
                    }
                ]
            },
            "1": {
                "loc": {
                    "start": {
                        "line": 37,
                        "column": 16
                    },
                    "end": {
                        "line": 37,
                        "column": 48
                    }
                },
                "type": "binary-expr",
                "locations": [
                    {
                        "start": {
                            "line": 37,
                            "column": 16
                        },
                        "end": {
                            "line": 37,
                            "column": 40
                        }
                    },
                    {
                        "start": {
                            "line": 37,
                            "column": 44
                        },
                        "end": {
                            "line": 37,
                            "column": 48
                        }
                    }
                ]
            },
            "2": {
                "loc": {
                    "start": {
                        "line": 46,
                        "column": 10
                    },
                    "end": {
                        "line": 48,
                        "column": 11
                    }
                },
                "type": "if",
                "locations": [
                    {
                        "start": {
                            "line": 46,
                            "column": 10
                        },
                        "end": {
                            "line": 48,
                            "column": 11
                        }
                    }
                ]
            },
            "3": {
                "loc": {
                    "start": {
                        "line": 72,
                        "column": 41
                    },
                    "end": {
                        "line": 72,
                        "column": 79
                    }
                },
                "type": "default-arg",
                "locations": [
                    {
                        "start": {
                            "line": 72,
                            "column": 77
                        },
                        "end": {
                            "line": 72,
                            "column": 79
                        }
                    }
                ]
            },
            "4": {
                "loc": {
                    "start": {
                        "line": 77,
                        "column": 22
                    },
                    "end": {
                        "line": 77,
                        "column": 114
                    }
                },
                "type": "binary-expr",
                "locations": [
                    {
                        "start": {
                            "line": 77,
                            "column": 22
                        },
                        "end": {
                            "line": 77,
                            "column": 49
                        }
                    },
                    {
                        "start": {
                            "line": 77,
                            "column": 54
                        },
                        "end": {
                            "line": 77,
                            "column": 81
                        }
                    },
                    {
                        "start": {
                            "line": 77,
                            "column": 85
                        },
                        "end": {
                            "line": 77,
                            "column": 113
                        }
                    }
                ]
            },
            "5": {
                "loc": {
                    "start": {
                        "line": 78,
                        "column": 8
                    },
                    "end": {
                        "line": 91,
                        "column": 9
                    }
                },
                "type": "if",
                "locations": [
                    {
                        "start": {
                            "line": 78,
                            "column": 8
                        },
                        "end": {
                            "line": 91,
                            "column": 9
                        }
                    }
                ]
            },
            "6": {
                "loc": {
                    "start": {
                        "line": 80,
                        "column": 12
                    },
                    "end": {
                        "line": 81,
                        "column": 65
                    }
                },
                "type": "binary-expr",
                "locations": [
                    {
                        "start": {
                            "line": 80,
                            "column": 12
                        },
                        "end": {
                            "line": 80,
                            "column": 44
                        }
                    },
                    {
                        "start": {
                            "line": 81,
                            "column": 13
                        },
                        "end": {
                            "line": 81,
                            "column": 64
                        }
                    }
                ]
            },
            "7": {
                "loc": {
                    "start": {
                        "line": 81,
                        "column": 13
                    },
                    "end": {
                        "line": 81,
                        "column": 64
                    }
                },
                "type": "cond-expr",
                "locations": [
                    {
                        "start": {
                            "line": 81,
                            "column": 46
                        },
                        "end": {
                            "line": 81,
                            "column": 59
                        }
                    },
                    {
                        "start": {
                            "line": 81,
                            "column": 62
                        },
                        "end": {
                            "line": 81,
                            "column": 64
                        }
                    }
                ]
            },
            "8": {
                "loc": {
                    "start": {
                        "line": 82,
                        "column": 28
                    },
                    "end": {
                        "line": 82,
                        "column": 116
                    }
                },
                "type": "binary-expr",
                "locations": [
                    {
                        "start": {
                            "line": 82,
                            "column": 28
                        },
                        "end": {
                            "line": 82,
                            "column": 60
                        }
                    },
                    {
                        "start": {
                            "line": 82,
                            "column": 65
                        },
                        "end": {
                            "line": 82,
                            "column": 115
                        }
                    }
                ]
            },
            "9": {
                "loc": {
                    "start": {
                        "line": 82,
                        "column": 65
                    },
                    "end": {
                        "line": 82,
                        "column": 115
                    }
                },
                "type": "cond-expr",
                "locations": [
                    {
                        "start": {
                            "line": 82,
                            "column": 79
                        },
                        "end": {
                            "line": 82,
                            "column": 91
                        }
                    },
                    {
                        "start": {
                            "line": 82,
                            "column": 94
                        },
                        "end": {
                            "line": 82,
                            "column": 115
                        }
                    }
                ]
            },
            "10": {
                "loc": {
                    "start": {
                        "line": 83,
                        "column": 17
                    },
                    "end": {
                        "line": 90,
                        "column": 14
                    }
                },
                "type": "binary-expr",
                "locations": [
                    {
                        "start": {
                            "line": 83,
                            "column": 17
                        },
                        "end": {
                            "line": 83,
                            "column": 38
                        }
                    },
                    {
                        "start": {
                            "line": 84,
                            "column": 15
                        },
                        "end": {
                            "line": 90,
                            "column": 14
                        }
                    }
                ]
            },
            "11": {
                "loc": {
                    "start": {
                        "line": 87,
                        "column": 29
                    },
                    "end": {
                        "line": 87,
                        "column": 177
                    }
                },
                "type": "binary-expr",
                "locations": [
                    {
                        "start": {
                            "line": 87,
                            "column": 29
                        },
                        "end": {
                            "line": 87,
                            "column": 65
                        }
                    },
                    {
                        "start": {
                            "line": 87,
                            "column": 69
                        },
                        "end": {
                            "line": 87,
                            "column": 177
                        }
                    }
                ]
            },
            "12": {
                "loc": {
                    "start": {
                        "line": 93,
                        "column": 15
                    },
                    "end": {
                        "line": 97,
                        "column": 12
                    }
                },
                "type": "binary-expr",
                "locations": [
                    {
                        "start": {
                            "line": 93,
                            "column": 15
                        },
                        "end": {
                            "line": 93,
                            "column": 40
                        }
                    },
                    {
                        "start": {
                            "line": 94,
                            "column": 13
                        },
                        "end": {
                            "line": 97,
                            "column": 12
                        }
                    }
                ]
            },
            "13": {
                "loc": {
                    "start": {
                        "line": 95,
                        "column": 25
                    },
                    "end": {
                        "line": 95,
                        "column": 70
                    }
                },
                "type": "binary-expr",
                "locations": [
                    {
                        "start": {
                            "line": 95,
                            "column": 25
                        },
                        "end": {
                            "line": 95,
                            "column": 57
                        }
                    },
                    {
                        "start": {
                            "line": 95,
                            "column": 61
                        },
                        "end": {
                            "line": 95,
                            "column": 70
                        }
                    }
                ]
            },
            "14": {
                "loc": {
                    "start": {
                        "line": 96,
                        "column": 27
                    },
                    "end": {
                        "line": 96,
                        "column": 130
                    }
                },
                "type": "binary-expr",
                "locations": [
                    {
                        "start": {
                            "line": 96,
                            "column": 27
                        },
                        "end": {
                            "line": 96,
                            "column": 61
                        }
                    },
                    {
                        "start": {
                            "line": 96,
                            "column": 65
                        },
                        "end": {
                            "line": 96,
                            "column": 130
                        }
                    }
                ]
            }
        },
        "s": {
            "0": 1,
            "1": 1,
            "2": 1,
            "3": 1,
            "4": 1,
            "5": 1,
            "6": 1,
            "7": 1,
            "8": 1,
            "9": 1,
            "10": 1,
            "11": 1,
            "12": 15,
            "13": 2,
            "14": 15,
            "15": 15,
            "16": 15,
            "17": 2,
            "18": 2,
            "19": 2,
            "20": 1,
            "21": 2,
            "22": 17,
            "23": 31,
            "24": 14,
            "25": 14,
            "26": 11,
            "27": 11,
            "28": 11,
            "29": 3,
            "30": 3
        },
        "f": {
            "0": 15,
            "1": 2,
            "2": 2,
            "3": 2,
            "4": 17,
            "5": 31,
            "6": 14
        },
        "b": {
            "0": [
                15,
                3
            ],
            "1": [
                15,
                15
            ],
            "2": [
                1
            ],
            "3": [
                18
            ],
            "4": [
                14,
                7,
                5
            ],
            "5": [
                11
            ],
            "6": [
                11,
                9
            ],
            "7": [
                8,
                1
            ],
            "8": [
                11,
                8
            ],
            "9": [
                1,
                7
            ],
            "10": [
                11,
                10
            ],
            "11": [
                10,
                9
            ],
            "12": [
                3,
                2
            ],
            "13": [
                2,
                1
            ],
            "14": [
                2,
                1
            ]
        }
    },
    "/Users/viacharles/Documents/code/@Side-Project/ngx-component-translate/projects/ngx-atomic-i18n/src/lib/translate.token.ts": {
        "path": "/Users/viacharles/Documents/code/@Side-Project/ngx-component-translate/projects/ngx-atomic-i18n/src/lib/translate.token.ts",
        "statementMap": {
            "0": {
                "start": {
                    "line": 1,
                    "column": 0
                },
                "end": {
                    "line": 1,
                    "column": 47
                }
            },
            "1": {
                "start": {
                    "line": 5,
                    "column": 13
                },
                "end": {
                    "line": 5,
                    "column": 89
                }
            },
            "2": {
                "start": {
                    "line": 6,
                    "column": 13
                },
                "end": {
                    "line": 6,
                    "column": 94
                }
            },
            "3": {
                "start": {
                    "line": 7,
                    "column": 13
                },
                "end": {
                    "line": 7,
                    "column": 94
                }
            },
            "4": {
                "start": {
                    "line": 8,
                    "column": 13
                },
                "end": {
                    "line": 8,
                    "column": 80
                }
            },
            "5": {
                "start": {
                    "line": 9,
                    "column": 13
                },
                "end": {
                    "line": 9,
                    "column": 82
                }
            }
        },
        "fnMap": {},
        "branchMap": {},
        "s": {
            "0": 7,
            "1": 7,
            "2": 7,
            "3": 7,
            "4": 7,
            "5": 7
        },
        "f": {},
        "b": {}
    },
    "/Users/viacharles/Documents/code/@Side-Project/ngx-component-translate/projects/ngx-atomic-i18n/src/lib/translate.type.ts": {
        "path": "/Users/viacharles/Documents/code/@Side-Project/ngx-component-translate/projects/ngx-atomic-i18n/src/lib/translate.type.ts",
        "statementMap": {
            "0": {
                "start": {
                    "line": 98,
                    "column": 0
                },
                "end": {
                    "line": 98,
                    "column": null
                }
            },
            "1": {
                "start": {
                    "line": 99,
                    "column": 2
                },
                "end": {
                    "line": 99,
                    "column": null
                }
            },
            "2": {
                "start": {
                    "line": 100,
                    "column": 2
                },
                "end": {
                    "line": 100,
                    "column": null
                }
            },
            "3": {
                "start": {
                    "line": 101,
                    "column": 2
                },
                "end": {
                    "line": 101,
                    "column": null
                }
            }
        },
        "fnMap": {
            "0": {
                "name": "(anonymous_0)",
                "decl": {
                    "start": {
                        "line": 98,
                        "column": 0
                    },
                    "end": {
                        "line": 98,
                        "column": 12
                    }
                },
                "loc": {
                    "start": {
                        "line": 98,
                        "column": 21
                    },
                    "end": {
                        "line": 102,
                        "column": 1
                    }
                }
            }
        },
        "branchMap": {
            "0": {
                "loc": {
                    "start": {
                        "line": 98,
                        "column": 12
                    },
                    "end": {
                        "line": 98,
                        "column": null
                    }
                },
                "type": "binary-expr",
                "locations": [
                    {
                        "start": {
                            "line": 98,
                            "column": 12
                        },
                        "end": {
                            "line": 98,
                            "column": 21
                        }
                    },
                    {
                        "start": {
                            "line": 98,
                            "column": 21
                        },
                        "end": {
                            "line": 98,
                            "column": null
                        }
                    }
                ]
            }
        },
        "s": {
            "0": 7,
            "1": 7,
            "2": 7,
            "3": 7
        },
        "f": {
            "0": 7
        },
        "b": {
            "0": [
                7,
                7
            ]
        }
    },
    "/Users/viacharles/Documents/code/@Side-Project/ngx-component-translate/projects/ngx-atomic-i18n/src/lib/translate.util.ts": {
        "path": "/Users/viacharles/Documents/code/@Side-Project/ngx-component-translate/projects/ngx-atomic-i18n/src/lib/translate.util.ts",
        "statementMap": {
            "0": {
                "start": {
                    "line": 5,
                    "column": 0
                },
                "end": {
                    "line": 5,
                    "column": 16
                }
            },
            "1": {
                "start": {
                    "line": 34,
                    "column": 0
                },
                "end": {
                    "line": 34,
                    "column": 16
                }
            },
            "2": {
                "start": {
                    "line": 155,
                    "column": 0
                },
                "end": {
                    "line": 155,
                    "column": 16
                }
            },
            "3": {
                "start": {
                    "line": 169,
                    "column": 0
                },
                "end": {
                    "line": 169,
                    "column": 16
                }
            },
            "4": {
                "start": {
                    "line": 179,
                    "column": 0
                },
                "end": {
                    "line": 179,
                    "column": 16
                }
            },
            "5": {
                "start": {
                    "line": 200,
                    "column": 0
                },
                "end": {
                    "line": 200,
                    "column": 16
                }
            },
            "6": {
                "start": {
                    "line": 220,
                    "column": 0
                },
                "end": {
                    "line": 220,
                    "column": 16
                }
            },
            "7": {
                "start": {
                    "line": 232,
                    "column": 0
                },
                "end": {
                    "line": 232,
                    "column": 16
                }
            },
            "8": {
                "start": {
                    "line": 1,
                    "column": 0
                },
                "end": {
                    "line": 1,
                    "column": 88
                }
            },
            "9": {
                "start": {
                    "line": 3,
                    "column": 0
                },
                "end": {
                    "line": 3,
                    "column": 34
                }
            },
            "10": {
                "start": {
                    "line": 6,
                    "column": 63
                },
                "end": {
                    "line": 6,
                    "column": 69
                }
            },
            "11": {
                "start": {
                    "line": 7,
                    "column": 2
                },
                "end": {
                    "line": 30,
                    "column": 3
                }
            },
            "12": {
                "start": {
                    "line": 9,
                    "column": 4
                },
                "end": {
                    "line": 26,
                    "column": 5
                }
            },
            "13": {
                "start": {
                    "line": 11,
                    "column": 8
                },
                "end": {
                    "line": 11,
                    "column": 83
                }
            },
            "14": {
                "start": {
                    "line": 12,
                    "column": 8
                },
                "end": {
                    "line": 12,
                    "column": 14
                }
            },
            "15": {
                "start": {
                    "line": 14,
                    "column": 8
                },
                "end": {
                    "line": 14,
                    "column": 93
                }
            },
            "16": {
                "start": {
                    "line": 15,
                    "column": 8
                },
                "end": {
                    "line": 15,
                    "column": 14
                }
            },
            "17": {
                "start": {
                    "line": 17,
                    "column": 25
                },
                "end": {
                    "line": 17,
                    "column": 70
                }
            },
            "18": {
                "start": {
                    "line": 18,
                    "column": 8
                },
                "end": {
                    "line": 18,
                    "column": 71
                }
            },
            "19": {
                "start": {
                    "line": 18,
                    "column": 40
                },
                "end": {
                    "line": 18,
                    "column": 61
                }
            },
            "20": {
                "start": {
                    "line": 19,
                    "column": 8
                },
                "end": {
                    "line": 19,
                    "column": 14
                }
            },
            "21": {
                "start": {
                    "line": 21,
                    "column": 8
                },
                "end": {
                    "line": 21,
                    "column": 108
                }
            },
            "22": {
                "start": {
                    "line": 22,
                    "column": 8
                },
                "end": {
                    "line": 22,
                    "column": 14
                }
            },
            "23": {
                "start": {
                    "line": 24,
                    "column": 8
                },
                "end": {
                    "line": 24,
                    "column": 28
                }
            },
            "24": {
                "start": {
                    "line": 25,
                    "column": 8
                },
                "end": {
                    "line": 25,
                    "column": 14
                }
            },
            "25": {
                "start": {
                    "line": 27,
                    "column": 4
                },
                "end": {
                    "line": 29,
                    "column": 5
                }
            },
            "26": {
                "start": {
                    "line": 28,
                    "column": 6
                },
                "end": {
                    "line": 28,
                    "column": null
                }
            },
            "27": {
                "start": {
                    "line": 31,
                    "column": 2
                },
                "end": {
                    "line": 31,
                    "column": 22
                }
            },
            "28": {
                "start": {
                    "line": 35,
                    "column": 2
                },
                "end": {
                    "line": 35,
                    "column": 35
                }
            },
            "29": {
                "start": {
                    "line": 35,
                    "column": 15
                },
                "end": {
                    "line": 35,
                    "column": 35
                }
            },
            "30": {
                "start": {
                    "line": 37,
                    "column": 43
                },
                "end": {
                    "line": 37,
                    "column": 45
                }
            },
            "31": {
                "start": {
                    "line": 38,
                    "column": 2
                },
                "end": {
                    "line": 40,
                    "column": 3
                }
            },
            "32": {
                "start": {
                    "line": 39,
                    "column": 4
                },
                "end": {
                    "line": 39,
                    "column": 32
                }
            },
            "33": {
                "start": {
                    "line": 43,
                    "column": 16
                },
                "end": {
                    "line": 43,
                    "column": 17
                }
            },
            "34": {
                "start": {
                    "line": 44,
                    "column": 12
                },
                "end": {
                    "line": 44,
                    "column": 22
                }
            },
            "35": {
                "start": {
                    "line": 45,
                    "column": 4
                },
                "end": {
                    "line": 54,
                    "column": 5
                }
            },
            "36": {
                "start": {
                    "line": 46,
                    "column": 6
                },
                "end": {
                    "line": 52,
                    "column": 7
                }
            },
            "37": {
                "start": {
                    "line": 47,
                    "column": 8
                },
                "end": {
                    "line": 47,
                    "column": 40
                }
            },
            "38": {
                "start": {
                    "line": 47,
                    "column": 25
                },
                "end": {
                    "line": 47,
                    "column": 40
                }
            },
            "39": {
                "start": {
                    "line": 48,
                    "column": 8
                },
                "end": {
                    "line": 48,
                    "column": 16
                }
            },
            "40": {
                "start": {
                    "line": 49,
                    "column": 13
                },
                "end": {
                    "line": 52,
                    "column": 7
                }
            },
            "41": {
                "start": {
                    "line": 50,
                    "column": 8
                },
                "end": {
                    "line": 50,
                    "column": 16
                }
            },
            "42": {
                "start": {
                    "line": 51,
                    "column": 8
                },
                "end": {
                    "line": 51,
                    "column": 71
                }
            },
            "43": {
                "start": {
                    "line": 51,
                    "column": 25
                },
                "end": {
                    "line": 51,
                    "column": 71
                }
            },
            "44": {
                "start": {
                    "line": 53,
                    "column": 6
                },
                "end": {
                    "line": 53,
                    "column": 10
                }
            },
            "45": {
                "start": {
                    "line": 56,
                    "column": 4
                },
                "end": {
                    "line": 56,
                    "column": 49
                }
            },
            "46": {
                "start": {
                    "line": 60,
                    "column": 44
                },
                "end": {
                    "line": 60,
                    "column": 46
                }
            },
            "47": {
                "start": {
                    "line": 61,
                    "column": 12
                },
                "end": {
                    "line": 61,
                    "column": 13
                }
            },
            "48": {
                "start": {
                    "line": 62,
                    "column": 4
                },
                "end": {
                    "line": 77,
                    "column": 5
                }
            },
            "49": {
                "start": {
                    "line": 63,
                    "column": 6
                },
                "end": {
                    "line": 63,
                    "column": 34
                }
            },
            "50": {
                "start": {
                    "line": 63,
                    "column": 30
                },
                "end": {
                    "line": 63,
                    "column": 34
                }
            },
            "51": {
                "start": {
                    "line": 64,
                    "column": 16
                },
                "end": {
                    "line": 64,
                    "column": 18
                }
            },
            "52": {
                "start": {
                    "line": 65,
                    "column": 6
                },
                "end": {
                    "line": 67,
                    "column": 7
                }
            },
            "53": {
                "start": {
                    "line": 66,
                    "column": 8
                },
                "end": {
                    "line": 66,
                    "column": 25
                }
            },
            "54": {
                "start": {
                    "line": 68,
                    "column": 6
                },
                "end": {
                    "line": 68,
                    "column": 53
                }
            },
            "55": {
                "start": {
                    "line": 68,
                    "column": 49
                },
                "end": {
                    "line": 68,
                    "column": 53
                }
            },
            "56": {
                "start": {
                    "line": 69,
                    "column": 6
                },
                "end": {
                    "line": 73,
                    "column": 7
                }
            },
            "57": {
                "start": {
                    "line": 71,
                    "column": 8
                },
                "end": {
                    "line": 71,
                    "column": 12
                }
            },
            "58": {
                "start": {
                    "line": 72,
                    "column": 8
                },
                "end": {
                    "line": 72,
                    "column": 17
                }
            },
            "59": {
                "start": {
                    "line": 74,
                    "column": 28
                },
                "end": {
                    "line": 74,
                    "column": 49
                }
            },
            "60": {
                "start": {
                    "line": 75,
                    "column": 6
                },
                "end": {
                    "line": 75,
                    "column": 40
                }
            },
            "61": {
                "start": {
                    "line": 76,
                    "column": 6
                },
                "end": {
                    "line": 76,
                    "column": 15
                }
            },
            "62": {
                "start": {
                    "line": 78,
                    "column": 4
                },
                "end": {
                    "line": 78,
                    "column": 19
                }
            },
            "63": {
                "start": {
                    "line": 82,
                    "column": 4
                },
                "end": {
                    "line": 82,
                    "column": 75
                }
            },
            "64": {
                "start": {
                    "line": 82,
                    "column": 54
                },
                "end": {
                    "line": 82,
                    "column": 73
                }
            },
            "65": {
                "start": {
                    "line": 83,
                    "column": 17
                },
                "end": {
                    "line": 83,
                    "column": 19
                }
            },
            "66": {
                "start": {
                    "line": 84,
                    "column": 17
                },
                "end": {
                    "line": 84,
                    "column": 18
                }
            },
            "67": {
                "start": {
                    "line": 86,
                    "column": 4
                },
                "end": {
                    "line": 142,
                    "column": 5
                }
            },
            "68": {
                "start": {
                    "line": 87,
                    "column": 20
                },
                "end": {
                    "line": 87,
                    "column": 45
                }
            },
            "69": {
                "start": {
                    "line": 88,
                    "column": 6
                },
                "end": {
                    "line": 91,
                    "column": 7
                }
            },
            "70": {
                "start": {
                    "line": 89,
                    "column": 8
                },
                "end": {
                    "line": 89,
                    "column": 37
                }
            },
            "71": {
                "start": {
                    "line": 90,
                    "column": 8
                },
                "end": {
                    "line": 90,
                    "column": 14
                }
            },
            "72": {
                "start": {
                    "line": 93,
                    "column": 6
                },
                "end": {
                    "line": 93,
                    "column": 42
                }
            },
            "73": {
                "start": {
                    "line": 95,
                    "column": 33
                },
                "end": {
                    "line": 95,
                    "column": 58
                }
            },
            "74": {
                "start": {
                    "line": 97,
                    "column": 6
                },
                "end": {
                    "line": 100,
                    "column": 7
                }
            },
            "75": {
                "start": {
                    "line": 98,
                    "column": 8
                },
                "end": {
                    "line": 98,
                    "column": 27
                }
            },
            "76": {
                "start": {
                    "line": 99,
                    "column": 8
                },
                "end": {
                    "line": 99,
                    "column": 17
                }
            },
            "77": {
                "start": {
                    "line": 102,
                    "column": 20
                },
                "end": {
                    "line": 102,
                    "column": 63
                }
            },
            "78": {
                "start": {
                    "line": 103,
                    "column": 6
                },
                "end": {
                    "line": 107,
                    "column": 7
                }
            },
            "79": {
                "start": {
                    "line": 104,
                    "column": 8
                },
                "end": {
                    "line": 104,
                    "column": 24
                }
            },
            "80": {
                "start": {
                    "line": 105,
                    "column": 8
                },
                "end": {
                    "line": 105,
                    "column": 27
                }
            },
            "81": {
                "start": {
                    "line": 106,
                    "column": 8
                },
                "end": {
                    "line": 106,
                    "column": 17
                }
            },
            "82": {
                "start": {
[...]
            "16": {
                "name": "(anonymous_16)",
                "decl": {
                    "start": {
                        "line": 91,
                        "column": 2
                    },
                    "end": {
                        "line": 91,
                        "column": 19
                    }
                },
                "loc": {
                    "start": {
                        "line": 91,
                        "column": 81
                    },
                    "end": {
                        "line": 93,
                        "column": 3
                    }
                }
            },
            "17": {
                "name": "(anonymous_17)",
                "decl": {
                    "start": {
                        "line": 94,
                        "column": 2
                    },
                    "end": {
                        "line": 94,
                        "column": 13
                    }
                },
                "loc": {
                    "start": {
                        "line": 94,
                        "column": 69
                    },
                    "end": {
                        "line": 96,
                        "column": 3
                    }
                }
            },
            "18": {
                "name": "(anonymous_18)",
                "decl": {
                    "start": {
                        "line": 97,
                        "column": 2
                    },
                    "end": {
                        "line": 97,
                        "column": 19
                    }
                },
                "loc": {
                    "start": {
                        "line": 97,
                        "column": 81
                    },
                    "end": {
                        "line": 99,
                        "column": 3
                    }
                }
            },
            "19": {
                "name": "(anonymous_19)",
                "decl": {
                    "start": {
                        "line": 100,
                        "column": 2
                    },
                    "end": {
                        "line": 100,
                        "column": 22
                    }
                },
                "loc": {
                    "start": {
                        "line": 100,
                        "column": 87
                    },
                    "end": {
                        "line": 102,
                        "column": 3
                    }
                }
            },
            "20": {
                "name": "(anonymous_20)",
                "decl": {
                    "start": {
                        "line": 103,
                        "column": 2
                    },
                    "end": {
                        "line": 103,
                        "column": 19
                    }
                },
                "loc": {
                    "start": {
                        "line": 103,
                        "column": 81
                    },
                    "end": {
                        "line": 105,
                        "column": 3
                    }
                }
            }
        },
        "branchMap": {
            "0": {
                "loc": {
                    "start": {
                        "line": 32,
                        "column": 11
                    },
                    "end": {
                        "line": 32,
                        "column": 103
                    }
                },
                "type": "cond-expr",
                "locations": [
                    {
                        "start": {
                            "line": 32,
                            "column": 21
                        },
                        "end": {
                            "line": 32,
                            "column": 66
                        }
                    },
                    {
                        "start": {
                            "line": 32,
                            "column": 69
                        },
                        "end": {
                            "line": 32,
                            "column": 103
                        }
                    }
                ]
            },
            "1": {
                "loc": {
                    "start": {
                        "line": 36,
                        "column": 49
                    },
                    "end": {
                        "line": 36,
                        "column": 79
                    }
                },
                "type": "binary-expr",
                "locations": [
                    {
                        "start": {
                            "line": 36,
                            "column": 49
                        },
                        "end": {
                            "line": 36,
                            "column": 66
                        }
                    },
                    {
                        "start": {
                            "line": 36,
                            "column": 70
                        },
                        "end": {
                            "line": 36,
                            "column": 79
                        }
                    }
                ]
            },
            "2": {
                "loc": {
                    "start": {
                        "line": 40,
                        "column": 49
                    },
                    "end": {
                        "line": 40,
                        "column": 79
                    }
                },
                "type": "binary-expr",
                "locations": [
                    {
                        "start": {
                            "line": 40,
                            "column": 49
                        },
                        "end": {
                            "line": 40,
                            "column": 66
                        }
                    },
                    {
                        "start": {
                            "line": 40,
                            "column": 70
                        },
                        "end": {
                            "line": 40,
                            "column": 79
                        }
                    }
                ]
            },
            "3": {
                "loc": {
                    "start": {
                        "line": 28,
                        "column": 49
                    },
                    "end": {
                        "line": 28,
                        "column": 93
                    }
                },
                "type": "binary-expr",
                "locations": [
                    {
                        "start": {
                            "line": 28,
                            "column": 49
                        },
                        "end": {
                            "line": 28,
                            "column": 69
                        }
                    },
                    {
                        "start": {
                            "line": 28,
                            "column": 73
                        },
                        "end": {
                            "line": 28,
                            "column": 93
                        }
                    }
                ]
            },
            "4": {
                "loc": {
                    "start": {
                        "line": 46,
                        "column": 20
                    },
                    "end": {
                        "line": 46,
                        "column": 96
                    }
                },
                "type": "cond-expr",
                "locations": [
                    {
                        "start": {
                            "line": 46,
                            "column": 52
                        },
                        "end": {
                            "line": 46,
                            "column": 69
                        }
                    },
                    {
                        "start": {
                            "line": 46,
                            "column": 72
                        },
                        "end": {
                            "line": 46,
                            "column": 96
                        }
                    }
                ]
            },
            "5": {
                "loc": {
                    "start": {
                        "line": 50,
                        "column": 6
                    },
                    "end": {
                        "line": 52,
                        "column": 7
                    }
                },
                "type": "if",
                "locations": [
                    {
                        "start": {
                            "line": 50,
                            "column": 6
                        },
                        "end": {
                            "line": 52,
                            "column": 7
                        }
                    }
                ]
            },
            "6": {
                "loc": {
                    "start": {
                        "line": 60,
                        "column": 17
                    },
                    "end": {
                        "line": 60,
                        "column": 36
                    }
                },
                "type": "default-arg",
                "locations": [
                    {
                        "start": {
                            "line": 60,
                            "column": 34
                        },
                        "end": {
                            "line": 60,
                            "column": 36
                        }
                    }
                ]
            },
            "7": {
                "loc": {
                    "start": {
                        "line": 63,
                        "column": 4
                    },
                    "end": {
                        "line": 63,
                        "column": 42
                    }
                },
                "type": "if",
                "locations": [
                    {
                        "start": {
                            "line": 63,
                            "column": 4
                        },
                        "end": {
                            "line": 63,
                            "column": 42
                        }
                    }
                ]
            },
            "8": {
                "loc": {
                    "start": {
                        "line": 65,
                        "column": 4
                    },
                    "end": {
                        "line": 65,
                        "column": 57
                    }
                },
                "type": "if",
                "locations": [
                    {
                        "start": {
                            "line": 65,
                            "column": 4
                        },
                        "end": {
                            "line": 65,
                            "column": 57
                        }
                    }
                ]
            },
            "9": {
                "loc": {
                    "start": {
                        "line": 66,
                        "column": 62
                    },
                    "end": {
                        "line": 66,
                        "column": 92
                    }
                },
                "type": "binary-expr",
                "locations": [
                    {
                        "start": {
                            "line": 66,
                            "column": 62
                        },
                        "end": {
                            "line": 66,
                            "column": 79
                        }
                    },
                    {
                        "start": {
                            "line": 66,
                            "column": 83
                        },
                        "end": {
                            "line": 66,
                            "column": 92
                        }
                    }
                ]
            },
            "10": {
                "loc": {
                    "start": {
                        "line": 67,
                        "column": 4
                    },
                    "end": {
                        "line": 67,
                        "column": 49
                    }
                },
                "type": "if",
                "locations": [
                    {
                        "start": {
                            "line": 67,
                            "column": 4
                        },
                        "end": {
                            "line": 67,
                            "column": 49
                        }
                    }
                ]
            },
            "11": {
                "loc": {
                    "start": {
                        "line": 72,
                        "column": 22
                    },
                    "end": {
                        "line": 72,
                        "column": 74
                    }
                },
                "type": "binary-expr",
                "locations": [
                    {
                        "start": {
                            "line": 72,
                            "column": 22
                        },
                        "end": {
                            "line": 72,
                            "column": 60
                        }
                    },
                    {
                        "start": {
                            "line": 72,
                            "column": 64
                        },
                        "end": {
                            "line": 72,
                            "column": 74
                        }
                    }
                ]
            },
            "12": {
                "loc": {
                    "start": {
                        "line": 73,
                        "column": 4
                    },
                    "end": {
                        "line": 79,
                        "column": 5
                    }
                },
                "type": "switch",
                "locations": [
                    {
                        "start": {
                            "line": 74,
                            "column": 6
                        },
                        "end": {
                            "line": 75,
                            "column": 83
                        }
                    },
                    {
                        "start": {
                            "line": 76,
                            "column": 6
                        },
                        "end": {
                            "line": 76,
                            "column": 30
                        }
                    },
                    {
                        "start": {
                            "line": 77,
                            "column": 6
                        },
                        "end": {
                            "line": 77,
                            "column": 40
                        }
                    },
                    {
                        "start": {
                            "line": 78,
                            "column": 6
                        },
                        "end": {
                            "line": 78,
                            "column": 32
                        }
                    }
                ]
            },
            "13": {
                "loc": {
                    "start": {
                        "line": 77,
                        "column": 30
                    },
                    "end": {
                        "line": 77,
                        "column": 39
                    }
                },
                "type": "binary-expr",
                "locations": [
                    {
                        "start": {
                            "line": 77,
                            "column": 30
                        },
                        "end": {
                            "line": 77,
                            "column": 33
                        }
                    },
                    {
                        "start": {
                            "line": 77,
                            "column": 37
                        },
                        "end": {
                            "line": 77,
                            "column": 39
                        }
                    }
                ]
            }
        },
        "s": {
            "0": 5,
            "1": 5,
            "2": 5,
            "3": 5,
            "4": 127,
            "5": 89,
            "6": 1,
            "7": 1,
            "8": 82,
            "9": 82,
            "10": 1,
            "11": 80,
            "12": 38,
            "13": 38,
            "14": 38,
            "15": 38,
            "16": 38,
            "17": 38,
            "18": 38,
            "19": 38,
            "20": 38,
            "21": 38,
            "22": 38,
            "23": 44,
            "24": 44,
            "25": 37,
            "26": 6,
            "27": 1,
            "28": 35,
            "29": 35,
            "30": 34,
            "31": 6,
            "32": 28,
            "33": 28,
            "34": 24,
            "35": 4,
            "36": 4,
            "37": 1,
            "38": 3,
            "39": 35,
            "40": 35,
            "41": 1,
            "42": 1,
            "43": 32,
            "44": 1,
            "45": 3,
            "46": 1,
            "47": 1,
            "48": 1,
            "49": 1,
            "50": 1,
            "51": 1,
            "52": 1,
            "53": 5,
            "54": 5
        },
        "f": {
            "0": 127,
            "1": 89,
            "2": 1,
            "3": 1,
            "4": 82,
            "5": 1,
            "6": 80,
            "7": 38,
            "8": 44,
            "9": 6,
            "10": 1,
            "11": 35,
            "12": 35,
            "13": 3,
            "14": 1,
            "15": 1,
            "16": 1,
            "17": 1,
            "18": 1,
            "19": 1,
            "20": 1
        },
        "b": {
            "0": [
                2,
                80
            ],
            "1": [
                1,
                1
            ],
            "2": [
                80,
                79
            ],
            "3": [
                38,
                37
            ],
            "4": [
                1,
                37
            ],
            "5": [
                37
            ],
            "6": [
                30
            ],
            "7": [
                6
            ],
            "8": [
                24
            ],
            "9": [
                4,
                4
            ],
            "10": [
                1
            ],
            "11": [
                35,
                1
            ],
            "12": [
                1,
                1,
                32,
                1
            ],
            "13": [
                32,
                1
            ]
        }
    }
}