TN:
SF:src/lib/FIFO.model.ts
FN:3,(anonymous_0)
FN:6,(anonymous_1)
FN:7,(anonymous_2)
FN:19,(anonymous_3)
FN:28,(anonymous_4)
FN:31,(anonymous_5)
FN:34,(anonymous_6)
FN:39,(anonymous_7)
FN:43,(anonymous_8)
FN:44,(anonymous_9)
FN:51,(anonymous_10)
FNF:11
FNH:11
FNDA:2,(anonymous_0)
FNDA:62,(anonymous_1)
FNDA:40,(anonymous_2)
FNDA:13,(anonymous_3)
FNDA:55,(anonymous_4)
FNDA:1,(anonymous_5)
FNDA:2,(anonymous_6)
FNDA:1,(anonymous_7)
FNDA:1,(anonymous_8)
FNDA:3,(anonymous_9)
FNDA:6,(anonymous_10)
DA:1,7
DA:2,62
DA:4,2
DA:6,62
DA:8,40
DA:9,1
DA:11,40
DA:12,40
DA:13,2
DA:14,2
DA:15,2
DA:20,13
DA:22,13
DA:23,13
DA:24,13
DA:26,13
DA:29,55
DA:32,1
DA:35,2
DA:40,1
DA:44,3
DA:52,6
DA:53,6
DA:54,5
DA:55,4
DA:56,4
DA:59,6
LF:27
LH:27
BRDA:8,0,0,1
BRDA:12,1,0,2
BRDA:14,2,0,2
BRDA:22,3,0,13
BRDA:54,4,0,4
BRF:5
BRH:5
end_of_record
TN:
SF:src/lib/translate.pipe.ts
FN:5,(anonymous_0)
FN:7,(anonymous_1)
FNF:2
FNH:2
FNDA:8,(anonymous_0)
FNDA:14,(anonymous_1)
DA:1,2
DA:3,2
DA:5,2
DA:6,8
DA:8,14
LF:5
LH:5
BRF:0
BRH:0
end_of_record
TN:
SF:src/lib/translate.provider.ts
FN:18,provideTranslationInit
FN:23,(anonymous_1)
FN:43,(anonymous_2)
FN:44,(anonymous_3)
FN:59,provideTranslation
FN:72,provideTranslationLoader
FN:76,(anonymous_6)
FNF:7
FNH:7
FNDA:15,provideTranslationInit
FNDA:2,(anonymous_1)
FNDA:2,(anonymous_2)
FNDA:2,(anonymous_3)
FNDA:17,provideTranslation
FNDA:31,provideTranslationLoader
FNDA:14,(anonymous_6)
DA:1,1
DA:2,1
DA:3,1
DA:4,1
DA:5,1
DA:6,1
DA:7,1
DA:8,1
DA:9,1
DA:18,1
DA:19,15
DA:23,2
DA:28,15
DA:29,15
DA:30,15
DA:44,2
DA:45,2
DA:46,2
DA:47,1
DA:49,2
DA:59,1
DA:60,17
DA:72,1
DA:73,31
DA:77,14
DA:78,14
DA:80,11
DA:82,11
DA:83,11
DA:92,3
DA:93,3
LF:31
LH:31
BRDA:28,0,0,15
BRDA:28,0,1,3
BRDA:37,1,0,15
BRDA:37,1,1,15
BRDA:46,2,0,1
BRDA:72,3,0,18
BRDA:77,4,0,14
BRDA:77,4,1,7
BRDA:77,4,2,5
BRDA:78,5,0,11
BRDA:80,6,0,11
BRDA:80,6,1,9
BRDA:81,7,0,8
BRDA:81,7,1,1
BRDA:82,8,0,11
BRDA:82,8,1,8
BRDA:82,9,0,1
BRDA:82,9,1,7
BRDA:83,10,0,11
BRDA:83,10,1,10
BRDA:87,11,0,10
BRDA:87,11,1,9
BRDA:93,12,0,3
BRDA:93,12,1,2
BRDA:95,13,0,2
BRDA:95,13,1,1
BRDA:96,14,0,2
BRDA:96,14,1,1
BRF:28
BRH:28
end_of_record
TN:
SF:src/lib/translate.token.ts
FNF:0
FNH:0
DA:1,7
DA:5,7
DA:6,7
DA:7,7
DA:8,7
DA:9,7
LF:6
LH:6
BRF:0
BRH:0
end_of_record
TN:
SF:src/lib/translate.type.ts
FN:98,(anonymous_0)
FNF:1
FNH:1
FNDA:7,(anonymous_0)
DA:98,7
DA:99,7
DA:100,7
DA:101,7
LF:4
LH:4
BRDA:98,0,0,7
BRDA:98,0,1,7
BRF:2
BRH:2
end_of_record
TN:
SF:src/lib/translate.util.ts
FN:5,detectPreferredLang
FN:18,(anonymous_1)
FN:34,parseICU
FN:42,extractBlock
FN:59,extractOptions
FN:81,resolveICU
FN:82,(anonymous_6)
FN:135,(anonymous_7)
FN:155,flattenTranslations
FN:169,toObservable
FN:171,(anonymous_10)
FN:173,(anonymous_11)
FN:173,(anonymous_12)
FN:174,(anonymous_13)
FN:179,deepMerge
FN:200,filterNewKeysDeep
FN:220,getNested
FN:221,(anonymous_17)
FN:224,(anonymous_18)
FN:226,(anonymous_19)
FN:232,detectBuildVersion
FNF:21
FNH:21
FNDA:86,detectPreferredLang
FNDA:77,(anonymous_1)
FNDA:50,parseICU
FNDA:56,extractBlock
FNDA:16,extractOptions
FNDA:62,resolveICU
FNDA:5,(anonymous_6)
FNDA:3,(anonymous_7)
FNDA:4,flattenTranslations
FNDA:96,toObservable
FNDA:1,(anonymous_10)
FNDA:1,(anonymous_11)
FNDA:1,(anonymous_12)
FNDA:1,(anonymous_13)
FNDA:27,deepMerge
FNDA:3,filterNewKeysDeep
FNDA:39,getNested
FNDA:43,(anonymous_17)
FNDA:76,(anonymous_18)
FNDA:66,(anonymous_19)
FNDA:41,detectBuildVersion
DA:1,13
DA:3,13
DA:5,13
DA:6,86
DA:7,86
DA:9,230
DA:11,73
DA:12,73
DA:14,71
DA:15,71
DA:17,73
DA:18,77
DA:19,73
DA:21,6
DA:22,6
DA:24,7
DA:25,7
DA:27,230
DA:28,85
DA:31,1
DA:34,13
DA:35,50
DA:37,49
DA:38,49
DA:39,23
DA:43,56
DA:44,56
DA:45,56
DA:46,1167
DA:47,100
DA:48,100
DA:49,1067
DA:50,99
DA:51,99
DA:53,1112
DA:56,1
DA:60,16
DA:61,16
DA:62,16
DA:63,40
DA:64,40
DA:65,40
DA:66,159
DA:68,40
DA:69,40
DA:71,6
DA:72,6
DA:74,34
DA:75,34
DA:76,34
DA:78,16
DA:82,62
DA:83,62
DA:84,62
DA:86,62
DA:87,65
DA:88,65
DA:89,43
DA:90,43
DA:93,22
DA:95,22
DA:97,22
DA:98,1
DA:99,1
DA:102,21
DA:103,21
DA:104,5
DA:105,5
DA:106,5
DA:109,16
DA:110,16
DA:111,16
DA:112,16
DA:113,16
DA:116,16
DA:122,16
DA:123,3
DA:124,3
DA:125,3
DA:129,13
DA:131,13
DA:132,9
DA:135,13
DA:136,3
DA:137,3
DA:140,13
DA:141,13
DA:144,62
DA:149,49
DA:155,13
DA:156,4
DA:157,4
DA:158,5
DA:159,5
DA:160,2
DA:162,3
DA:165,4
DA:169,13
DA:170,96
DA:171,95
DA:172,1
DA:173,1
DA:174,1
DA:179,13
DA:180,27
DA:181,27
DA:182,29
DA:183,29
DA:192,1
DA:194,28
DA:197,27
DA:200,13
DA:201,3
DA:202,3
DA:203,5
DA:204,5
DA:212,1
DA:213,4
DA:214,1
DA:217,3
DA:220,13
DA:221,43
DA:224,76
DA:226,66
DA:232,13
DA:233,41
DA:234,41
DA:235,39
DA:236,39
DA:237,2
DA:238,2
DA:240,38
DA:242,1
LF:133
LH:133
BRDA:9,0,0,73
BRDA:9,0,1,71
BRDA:9,0,2,73
BRDA:9,0,3,6
BRDA:9,0,4,7
BRDA:11,1,0,72
BRDA:11,1,1,1
BRDA:14,2,0,70
BRDA:14,2,1,1
BRDA:17,3,0,73
BRDA:17,3,1,1
BRDA:18,4,0,73
BRDA:18,4,1,2
BRDA:21,5,0,4
BRDA:21,5,1,2
BRDA:21,6,0,2
BRDA:21,6,1,1
BRDA:27,7,0,85
BRDA:27,8,0,230
BRDA:27,8,1,87
BRDA:35,9,0,1
BRDA:46,10,0,100
BRDA:46,10,1,1067
BRDA:47,11,0,56
BRDA:49,12,0,99
BRDA:51,13,0,55
BRDA:65,14,0,199
BRDA:65,14,1,198
BRDA:65,14,2,198
BRDA:68,15,0,79
BRDA:68,15,1,78
BRDA:69,16,0,6
BRDA:82,17,0,5
BRDA:82,17,1,1
BRDA:88,18,0,43
BRDA:97,19,0,1
BRDA:97,20,0,22
BRDA:97,20,1,22
BRDA:97,20,2,22
BRDA:103,21,0,5
BRDA:110,22,0,16
BRDA:110,22,1,1
BRDA:116,23,0,16
BRDA:116,23,1,14
BRDA:116,23,2,8
BRDA:116,23,3,2
BRDA:116,23,4,12
BRDA:116,23,5,9
BRDA:116,23,6,3
BRDA:122,24,0,3
BRDA:131,25,0,9
BRDA:136,26,0,3
BRDA:136,26,1,3
BRDA:137,27,0,3
BRDA:137,27,1,1
BRDA:155,28,0,2
BRDA:158,29,0,2
BRDA:158,29,1,3
BRDA:159,30,0,2
BRDA:159,30,1,3
BRDA:159,31,0,5
BRDA:159,31,1,3
BRDA:159,31,2,3
BRDA:183,32,0,1
BRDA:183,32,1,28
BRDA:184,33,0,29
BRDA:184,33,1,29
BRDA:184,33,2,1
BRDA:184,33,3,1
BRDA:184,33,4,1
BRDA:184,33,5,1
BRDA:184,33,6,1
BRDA:204,34,0,1
BRDA:204,34,1,4
BRDA:205,35,0,5
BRDA:205,35,1,1
BRDA:205,35,2,1
BRDA:205,35,3,1
BRDA:205,35,4,1
BRDA:205,35,5,1
BRDA:213,36,0,1
BRDA:226,37,0,15
BRDA:226,37,1,51
BRDA:226,38,0,2
BRDA:226,38,1,49
BRDA:234,39,0,1
BRDA:234,40,0,41
BRDA:234,40,1,41
BRDA:238,41,0,1
BRF:89
BRH:89
end_of_record
TN:
SF:src/lib/translation-core.service.ts
FN:12,(anonymous_0)
FN:29,(anonymous_1)
FN:33,(anonymous_2)
FN:34,(anonymous_3)
FN:37,(anonymous_4)
FN:56,(anonymous_5)
FN:69,(anonymous_6)
FN:81,(anonymous_7)
FN:88,(anonymous_8)
FN:94,(anonymous_9)
FN:113,(anonymous_10)
FN:122,(anonymous_11)
FN:138,(anonymous_12)
FN:148,(anonymous_13)
FN:175,(anonymous_14)
FN:179,(anonymous_15)
FN:183,(anonymous_16)
FN:187,(anonymous_17)
FN:191,(anonymous_18)
FN:200,(anonymous_19)
FN:208,(anonymous_20)
FN:217,(anonymous_21)
FN:224,(anonymous_22)
FN:231,(anonymous_23)
FN:235,(anonymous_24)
FNF:25
FNH:24
FNDA:56,(anonymous_0)
FNDA:27,(anonymous_1)
FNDA:41,(anonymous_2)
FNDA:48,(anonymous_3)
FNDA:7,(anonymous_4)
FNDA:16,(anonymous_5)
FNDA:12,(anonymous_6)
FNDA:45,(anonymous_7)
FNDA:31,(anonymous_8)
FNDA:11,(anonymous_9)
FNDA:4,(anonymous_10)
FNDA:16,(anonymous_11)
FNDA:69,(anonymous_12)
FNDA:29,(anonymous_13)
FNDA:3,(anonymous_14)
FNDA:2,(anonymous_15)
FNDA:12,(anonymous_16)
FNDA:3,(anonymous_17)
FNDA:4,(anonymous_18)
FNDA:2,(anonymous_19)
FNDA:1,(anonymous_20)
FNDA:1,(anonymous_21)
FNDA:0,(anonymous_22)
FNDA:1,(anonymous_23)
FNDA:2,(anonymous_24)
DA:1,6
DA:2,6
DA:4,6
DA:5,6
DA:8,6
DA:12,6
DA:13,56
DA:14,56
DA:15,56
DA:17,56
DA:18,56
DA:20,56
DA:21,56
DA:22,56
DA:23,56
DA:24,56
DA:26,56
DA:27,56
DA:30,27
DA:34,48
DA:38,7
DA:39,7
DA:40,1
DA:41,1
DA:43,6
DA:44,3
DA:45,3
DA:46,3
DA:47,3
DA:48,3
DA:50,1
DA:57,16
DA:58,16
DA:59,16
DA:60,16
DA:61,16
DA:64,14
DA:65,2
DA:66,2
DA:69,12
DA:70,12
DA:71,12
DA:72,12
DA:74,12
DA:77,12
DA:78,12
DA:82,45
DA:83,45
DA:84,35
DA:85,35
DA:86,35
DA:87,25
DA:88,31
DA:90,25
DA:91,25
DA:95,11
DA:98,11
DA:99,13
DA:100,13
DA:101,9
DA:104,9
DA:105,7
DA:106,7
DA:108,5
DA:110,9
DA:114,4
DA:115,4
DA:116,5
DA:117,3
DA:118,3
DA:123,16
DA:124,16
DA:125,16
DA:126,16
DA:127,16
DA:129,16
DA:130,16
DA:131,16
DA:132,16
DA:133,16
DA:135,16
DA:139,69
DA:140,69
DA:141,47
DA:142,4
DA:143,4
DA:145,43
DA:149,29
DA:150,29
DA:151,29
DA:152,29
DA:154,29
DA:155,25
DA:159,4
DA:162,4
DA:163,1
DA:164,3
DA:165,2
DA:170,29
DA:171,29
DA:172,29
DA:176,3
DA:180,2
DA:184,12
DA:188,3
DA:192,4
DA:193,4
DA:194,4
DA:195,4
DA:196,4
DA:199,4
DA:200,4
DA:202,4
DA:203,1
DA:209,1
DA:210,1
DA:211,1
DA:212,1
DA:213,1
DA:218,1
DA:219,1
DA:220,1
DA:221,1
DA:222,1
DA:223,1
DA:224,1
DA:225,1
DA:226,2
DA:232,1
DA:236,2
LF:130
LH:130
BRDA:27,0,0,56
BRDA:27,0,1,1
BRDA:38,1,0,7
BRDA:38,1,1,1
BRDA:39,2,0,1
BRDA:43,3,0,3
BRDA:46,4,0,3
BRDA:61,5,0,2
BRDA:64,6,0,2
BRDA:83,7,0,10
BRDA:86,8,0,10
BRDA:87,9,0,1
BRDA:87,9,1,24
BRDA:95,10,0,2
BRDA:95,10,1,9
BRDA:97,11,0,9
BRDA:97,11,1,1
BRDA:99,12,0,2
BRDA:99,12,1,11
BRDA:100,13,0,4
BRDA:101,14,0,2
BRDA:101,14,1,7
BRDA:104,15,0,2
BRDA:106,16,0,2
BRDA:114,17,0,3
BRDA:114,17,1,1
BRDA:116,18,0,2
BRDA:140,19,0,22
BRDA:141,20,0,4
BRDA:148,21,0,24
BRDA:148,22,0,24
BRDA:151,23,0,6
BRDA:151,23,1,23
BRDA:152,24,0,29
BRDA:152,24,1,25
BRDA:154,25,0,25
BRDA:154,25,1,4
BRDA:155,26,0,24
BRDA:155,26,1,1
BRDA:159,27,0,3
BRDA:159,27,1,1
BRDA:162,28,0,1
BRDA:164,29,0,2
BRDA:175,30,0,1
BRDA:179,31,0,2
BRDA:203,32,0,1
BRDA:226,33,0,1
BRF:47
BRH:47
end_of_record
TN:
SF:src/lib/translation.directive.ts
FN:15,(anonymous_0)
FN:16,(anonymous_1)
FNF:2
FNH:2
FNDA:21,(anonymous_0)
FNDA:28,(anonymous_1)
DA:1,2
DA:2,2
DA:9,2
DA:10,21
DA:11,21
DA:12,21
DA:13,21
DA:14,21
DA:16,21
DA:17,28
DA:18,28
DA:19,7
DA:21,21
LF:13
LH:13
BRDA:18,0,0,7
BRDA:18,0,1,21
BRF:2
BRH:2
end_of_record
TN:
SF:src/lib/translation.loader.csr.ts
FN:8,(anonymous_0)
FN:12,(anonymous_1)
FN:20,(anonymous_2)
FNF:3
FNH:3
FNDA:16,(anonymous_0)
FNDA:12,(anonymous_1)
FNDA:2,(anonymous_2)
DA:2,2
DA:3,2
DA:4,2
DA:6,2
DA:9,16
DA:10,16
DA:13,12
DA:14,12
DA:15,12
DA:19,12
DA:20,12
DA:21,12
DA:22,12
DA:23,13
DA:24,13
DA:25,13
DA:26,12
DA:28,13
DA:29,13
DA:32,9
DA:33,9
DA:39,3
LF:22
LH:22
BRDA:10,0,0,10
BRDA:13,1,0,12
BRDA:13,1,1,1
BRDA:14,2,0,12
BRDA:14,2,1,10
BRDA:15,3,0,1
BRDA:15,3,1,11
BRDA:17,4,0,10
BRDA:17,4,1,1
BRDA:19,5,0,12
BRDA:19,5,1,9
BRDA:20,6,0,1
BRDA:20,6,1,11
BRDA:25,7,0,12
BRDA:26,8,0,1
BRDA:26,8,1,11
BRDA:32,9,0,8
BRF:17
BRH:17
end_of_record
TN:
SF:src/lib/translation.loader.ssr.ts
FN:18,(anonymous_6)
FN:20,(anonymous_7)
FN:50,(anonymous_8)
FN:92,(anonymous_9)
FN:97,(anonymous_10)
FN:99,(anonymous_11)
FN:106,(anonymous_12)
FN:112,(anonymous_13)
FN:115,(anonymous_14)
FNF:9
FNH:9
FNDA:45,(anonymous_6)
FNDA:37,(anonymous_7)
FNDA:73,(anonymous_8)
FNDA:74,(anonymous_9)
FNDA:36,(anonymous_10)
FNDA:36,(anonymous_11)
FNDA:42,(anonymous_12)
FNDA:73,(anonymous_13)
FNDA:8,(anonymous_14)
DA:1,6
DA:9,6
DA:11,6
DA:12,45
DA:18,45
DA:21,37
DA:24,37
DA:25,37
DA:28,37
DA:31,37
DA:32,37
DA:33,37
DA:37,37
DA:41,37
DA:43,38
DA:51,73
DA:59,38
DA:60,47
DA:62,47
DA:64,45
DA:66,31
DA:69,31
DA:70,31
DA:72,31
DA:73,31
DA:74,2
DA:77,29
DA:78,28
DA:80,27
DA:81,27
DA:88,8
DA:93,74
DA:94,74
DA:95,72
DA:96,72
DA:97,36
DA:99,36
DA:102,4
DA:107,42
DA:113,73
DA:115,8
LF:41
LH:41
BRDA:18,0,0,2
BRDA:21,1,0,34
BRDA:21,1,1,3
BRDA:28,2,0,37
BRDA:28,2,1,3
BRDA:28,2,2,2
BRDA:31,3,0,37
BRDA:31,3,1,2
BRDA:31,3,2,1
BRDA:32,4,0,37
BRDA:32,4,1,2
BRDA:37,5,0,37
BRDA:37,5,1,36
BRDA:43,6,0,38
BRDA:43,6,1,37
BRDA:62,7,0,2
BRDA:62,8,0,47
BRDA:62,8,1,45
BRDA:66,9,0,28
BRDA:66,9,1,3
BRDA:68,10,0,3
BRDA:68,10,1,1
BRDA:69,11,0,27
BRDA:69,11,1,4
BRDA:73,12,0,2
BRDA:73,13,0,31
BRDA:73,13,1,4
BRDA:93,14,0,74
BRDA:93,14,1,72
BRDA:94,15,0,2
BRDA:96,16,0,36
BRDA:96,16,1,36
BRDA:107,17,0,36
BRDA:107,17,1,6
BRDA:107,18,0,42
BRDA:107,18,1,36
BRDA:107,18,2,36
BRDA:113,19,0,73
BRDA:113,19,1,8
BRDA:113,19,2,8
BRF:40
BRH:40
end_of_record
TN:
SF:src/lib/translation.service.ts
FN:17,(anonymous_0)
FN:18,(anonymous_1)
FN:21,(anonymous_2)
FN:24,(anonymous_3)
FN:30,(anonymous_4)
FN:35,(anonymous_5)
FN:39,(anonymous_6)
FN:43,(anonymous_7)
FN:48,(anonymous_8)
FN:51,(anonymous_9)
FN:56,(anonymous_10)
FN:60,(anonymous_11)
FN:71,(anonymous_12)
FN:82,(anonymous_13)
FN:85,(anonymous_14)
FN:88,(anonymous_15)
FN:91,(anonymous_16)
FN:94,(anonymous_17)
FN:97,(anonymous_18)
FN:100,(anonymous_19)
FN:103,(anonymous_20)
FNF:21
FNH:21
FNDA:127,(anonymous_0)
FNDA:89,(anonymous_1)
FNDA:1,(anonymous_2)
FNDA:1,(anonymous_3)
FNDA:82,(anonymous_4)
FNDA:1,(anonymous_5)
FNDA:80,(anonymous_6)
FNDA:38,(anonymous_7)
FNDA:44,(anonymous_8)
FNDA:6,(anonymous_9)
FNDA:1,(anonymous_10)
FNDA:35,(anonymous_11)
FNDA:35,(anonymous_12)
FNDA:3,(anonymous_13)
FNDA:1,(anonymous_14)
FNDA:1,(anonymous_15)
FNDA:1,(anonymous_16)
FNDA:1,(anonymous_17)
FNDA:1,(anonymous_18)
FNDA:1,(anonymous_19)
FNDA:1,(anonymous_20)
DA:1,5
DA:2,5
DA:4,5
DA:5,5
DA:8,5
DA:9,38
DA:10,38
DA:11,38
DA:12,38
DA:14,38
DA:15,38
DA:18,127
DA:22,1
DA:25,1
DA:28,38
DA:31,82
DA:32,82
DA:36,1
DA:40,80
DA:44,38
DA:46,38
DA:47,38
DA:48,38
DA:49,44
DA:50,44
DA:51,37
DA:57,1
DA:61,35
DA:62,35
DA:63,34
DA:64,28
DA:65,28
DA:66,4
DA:67,4
DA:68,3
DA:72,35
DA:73,35
DA:75,1
DA:76,1
DA:77,32
DA:78,1
DA:83,3
DA:86,1
DA:89,1
DA:92,1
DA:95,1
DA:98,1
DA:101,1
DA:104,1
LF:49
LH:49
BRDA:32,0,0,2
BRDA:32,0,1,80
BRDA:36,1,0,1
BRDA:36,1,1,1
BRDA:40,2,0,80
BRDA:40,2,1,79
BRDA:28,3,0,38
BRDA:28,3,1,37
BRDA:46,4,0,1
BRDA:46,4,1,37
BRDA:50,5,0,37
BRDA:60,6,0,30
BRDA:63,7,0,6
BRDA:65,8,0,24
BRDA:66,9,0,4
BRDA:66,9,1,4
BRDA:67,10,0,1
BRDA:72,11,0,35
BRDA:72,11,1,1
BRDA:73,12,0,1
BRDA:73,12,1,1
BRDA:73,12,2,32
BRDA:73,12,3,1
BRDA:77,13,0,32
BRDA:77,13,1,1
BRF:25
BRH:25
end_of_record
