TN:
SF:src/lib/FIFO.model.ts
FN:3,(anonymous_0)
FN:6,(anonymous_1)
FN:7,(anonymous_2)
FN:19,(anonymous_3)
FN:22,(anonymous_4)
FN:25,(anonymous_5)
FN:28,(anonymous_6)
FNF:7
FNH:7
FNDA:2,(anonymous_0)
FNDA:50,(anonymous_1)
FNDA:36,(anonymous_2)
FNDA:3,(anonymous_3)
FNDA:39,(anonymous_4)
FNDA:2,(anonymous_5)
FNDA:1,(anonymous_6)
DA:1,7
DA:2,50
DA:4,2
DA:6,50
DA:8,36
DA:9,10
DA:11,36
DA:12,36
DA:13,1
DA:14,1
DA:15,1
DA:20,3
DA:23,39
DA:26,2
DA:29,1
LF:15
LH:15
BRDA:8,0,0,10
BRDA:12,1,0,1
BRDA:14,2,0,1
BRF:3
BRH:3
end_of_record
TN:
SF:src/lib/translate.pipe.ts
FN:7,(anonymous_0)
FNF:1
FNH:1
FNDA:14,(anonymous_0)
DA:1,2
DA:3,2
DA:5,2
DA:6,8
DA:8,14
LF:5
LH:5
BRF:0
BRH:0
end_of_record
TN:
SF:src/lib/translate.provider.ts
FN:11,provideTranslationInit
FN:38,(anonymous_1)
FN:39,(anonymous_2)
FN:53,provideTranslation
FN:66,provideTranslationLoader
FN:70,(anonymous_5)
FNF:6
FNH:6
FNDA:2,provideTranslationInit
FNDA:1,(anonymous_1)
FNDA:1,(anonymous_2)
FNDA:2,provideTranslation
FNDA:7,provideTranslationLoader
FNDA:5,(anonymous_5)
DA:1,1
DA:2,1
DA:3,1
DA:4,1
DA:5,1
DA:6,1
DA:8,1
DA:9,1
DA:11,1
DA:12,2
DA:21,2
DA:25,2
DA:26,2
DA:39,1
DA:40,1
DA:41,1
DA:42,1
DA:44,1
DA:53,1
DA:54,2
DA:66,1
DA:67,7
DA:71,5
DA:72,5
DA:73,3
DA:75,2
DA:76,2
LF:27
LH:27
BRDA:41,0,0,1
BRDA:66,1,0,4
BRDA:71,2,0,5
BRDA:71,2,1,3
BRDA:71,2,2,2
BRDA:72,3,0,3
BRDA:72,3,1,2
BRDA:73,4,0,3
BRDA:73,4,1,2
BRDA:76,5,0,2
BRDA:76,5,1,1
BRF:11
BRH:11
end_of_record
TN:
SF:src/lib/translate.token.ts
FNF:0
FNH:0
DA:1,7
DA:4,7
DA:5,7
DA:6,7
DA:7,7
LF:5
LH:5
BRF:0
BRH:0
end_of_record
TN:
SF:src/lib/translate.util.ts
FN:5,detectPreferredLang
FN:18,(anonymous_1)
FN:34,parseICU
FN:42,extractBlock
FN:59,extractOptions
FN:81,resolveICU
FN:82,(anonymous_6)
FN:135,(anonymous_7)
FN:155,flattenTranslations
FN:169,toObservable
FN:171,(anonymous_10)
FN:173,(anonymous_11)
FN:173,(anonymous_12)
FN:174,(anonymous_13)
FN:179,deepMerge
FN:200,filterNewKeysDeep
FN:220,getNested
FN:221,(anonymous_17)
FNF:18
FNH:18
FNDA:64,detectPreferredLang
FNDA:55,(anonymous_1)
FNDA:44,parseICU
FNDA:56,extractBlock
FNDA:16,extractOptions
FNDA:56,resolveICU
FNDA:5,(anonymous_6)
FNDA:3,(anonymous_7)
FNDA:4,flattenTranslations
FNDA:84,toObservable
FNDA:1,(anonymous_10)
FNDA:1,(anonymous_11)
FNDA:1,(anonymous_12)
FNDA:1,(anonymous_13)
FNDA:20,deepMerge
FNDA:3,filterNewKeysDeep
FNDA:38,getNested
FNDA:42,(anonymous_17)
DA:1,7
DA:3,7
DA:5,7
DA:6,64
DA:7,64
DA:9,166
DA:11,52
DA:12,52
DA:14,50
DA:15,50
DA:17,52
DA:18,55
DA:19,52
DA:21,6
DA:22,6
DA:24,6
DA:25,6
DA:27,166
DA:28,63
DA:31,1
DA:34,7
DA:35,44
DA:37,43
DA:38,43
DA:39,23
DA:43,56
DA:44,56
DA:45,56
DA:46,1167
DA:47,100
DA:48,100
DA:49,1067
DA:50,99
DA:51,99
DA:53,1112
DA:56,1
DA:60,16
DA:61,16
DA:62,16
DA:63,40
DA:64,40
DA:65,40
DA:66,159
DA:68,40
DA:69,40
DA:71,6
DA:72,6
DA:74,34
DA:75,34
DA:76,34
DA:78,16
DA:82,56
DA:83,56
DA:84,56
DA:86,56
DA:87,59
DA:88,59
DA:89,37
DA:90,37
DA:93,22
DA:95,22
DA:97,22
DA:98,1
DA:99,1
DA:102,21
DA:103,21
DA:104,5
DA:105,5
DA:106,5
DA:109,16
DA:110,16
DA:111,16
DA:112,16
DA:113,16
DA:116,16
DA:122,16
DA:123,3
DA:124,3
DA:125,3
DA:129,13
DA:131,13
DA:132,9
DA:135,13
DA:136,3
DA:137,3
DA:140,13
DA:141,13
DA:144,56
DA:149,43
DA:155,7
DA:156,4
DA:157,4
DA:158,5
DA:159,5
DA:160,2
DA:162,3
DA:165,4
DA:169,7
DA:170,84
DA:171,83
DA:172,1
DA:173,1
DA:174,1
DA:179,7
DA:180,20
DA:181,20
DA:182,22
DA:183,22
DA:192,1
DA:194,21
DA:197,20
DA:200,7
DA:201,3
DA:202,3
DA:203,5
DA:204,5
DA:212,1
DA:213,4
DA:214,1
DA:217,3
DA:220,7
DA:221,42
LF:122
LH:122
BRDA:9,0,0,52
BRDA:9,0,1,50
BRDA:9,0,2,52
BRDA:9,0,3,6
BRDA:9,0,4,6
BRDA:11,1,0,51
BRDA:11,1,1,1
BRDA:14,2,0,49
BRDA:14,2,1,1
BRDA:17,3,0,52
BRDA:17,3,1,1
BRDA:18,4,0,52
BRDA:18,4,1,2
BRDA:21,5,0,4
BRDA:21,5,1,2
BRDA:21,6,0,2
BRDA:21,6,1,1
BRDA:27,7,0,63
BRDA:27,8,0,166
BRDA:27,8,1,65
BRDA:35,9,0,1
BRDA:46,10,0,100
BRDA:46,10,1,1067
BRDA:47,11,0,56
BRDA:49,12,0,99
BRDA:51,13,0,55
BRDA:65,14,0,199
BRDA:65,14,1,198
BRDA:65,14,2,198
BRDA:68,15,0,79
BRDA:68,15,1,78
BRDA:69,16,0,6
BRDA:82,17,0,5
BRDA:82,17,1,1
BRDA:88,18,0,37
BRDA:97,19,0,1
BRDA:97,20,0,22
BRDA:97,20,1,22
BRDA:97,20,2,22
BRDA:103,21,0,5
BRDA:110,22,0,16
BRDA:110,22,1,1
BRDA:116,23,0,16
BRDA:116,23,1,14
BRDA:116,23,2,8
BRDA:116,23,3,2
BRDA:116,23,4,12
BRDA:116,23,5,9
BRDA:116,23,6,3
BRDA:122,24,0,3
BRDA:131,25,0,9
BRDA:136,26,0,3
BRDA:136,26,1,3
BRDA:137,27,0,3
BRDA:137,27,1,1
BRDA:155,28,0,2
BRDA:158,29,0,2
BRDA:158,29,1,3
BRDA:159,30,0,2
BRDA:159,30,1,3
BRDA:159,31,0,5
BRDA:159,31,1,3
BRDA:159,31,2,3
BRDA:183,32,0,1
BRDA:183,32,1,21
BRDA:184,33,0,22
BRDA:184,33,1,22
BRDA:184,33,2,1
BRDA:184,33,3,1
BRDA:184,33,4,1
BRDA:184,33,5,1
BRDA:184,33,6,1
BRDA:204,34,0,1
BRDA:204,34,1,4
BRDA:205,35,0,5
BRDA:205,35,1,1
BRDA:205,35,2,1
BRDA:205,35,3,1
BRDA:205,35,4,1
BRDA:205,35,5,1
BRDA:213,36,0,1
BRF:81
BRH:81
end_of_record
TN:
SF:src/lib/translation-core.service.ts
FN:27,(anonymous_0)
FN:31,(anonymous_1)
FN:32,(anonymous_2)
FN:35,(anonymous_3)
FN:54,(anonymous_4)
FN:61,(anonymous_5)
FN:68,(anonymous_6)
FN:74,(anonymous_7)
FN:90,(anonymous_8)
FN:99,(anonymous_9)
FN:108,(anonymous_10)
FN:112,(anonymous_11)
FN:139,(anonymous_12)
FN:143,(anonymous_13)
FN:147,(anonymous_14)
FN:151,(anonymous_15)
FN:155,(anonymous_16)
FN:164,(anonymous_17)
FNF:18
FNH:18
FNDA:21,(anonymous_0)
FNDA:39,(anonymous_1)
FNDA:46,(anonymous_2)
FNDA:7,(anonymous_3)
FNDA:9,(anonymous_4)
FNDA:35,(anonymous_5)
FNDA:25,(anonymous_6)
FNDA:9,(anonymous_7)
FNDA:4,(anonymous_8)
FNDA:12,(anonymous_9)
FNDA:60,(anonymous_10)
FNDA:22,(anonymous_11)
FNDA:3,(anonymous_12)
FNDA:2,(anonymous_13)
FNDA:5,(anonymous_14)
FNDA:3,(anonymous_15)
FNDA:1,(anonymous_16)
FNDA:2,(anonymous_17)
DA:1,6
DA:2,6
DA:4,6
DA:5,6
DA:8,6
DA:12,6
DA:13,46
DA:14,46
DA:15,46
DA:17,46
DA:18,46
DA:20,46
DA:21,46
DA:22,46
DA:24,46
DA:25,46
DA:28,21
DA:32,46
DA:36,7
DA:37,7
DA:38,1
DA:39,1
DA:41,6
DA:42,3
DA:43,3
DA:44,3
DA:45,3
DA:46,3
DA:48,1
DA:55,9
DA:56,9
DA:57,8
DA:58,8
DA:62,35
DA:63,35
DA:64,34
DA:65,34
DA:66,34
DA:67,27
DA:68,25
DA:70,27
DA:71,27
DA:75,9
DA:76,9
DA:77,6
DA:80,6
DA:81,7
DA:82,7
DA:83,5
DA:84,5
DA:86,4
DA:87,4
DA:91,4
DA:92,4
DA:93,5
DA:94,3
DA:95,3
DA:100,12
DA:101,12
DA:102,12
DA:103,12
DA:104,12
DA:105,12
DA:109,60
DA:113,22
DA:114,22
DA:115,22
DA:116,22
DA:118,22
DA:119,18
DA:123,4
DA:126,4
DA:127,1
DA:128,3
DA:129,2
DA:134,22
DA:135,22
DA:136,22
DA:140,3
DA:144,2
DA:148,5
DA:152,3
DA:156,1
DA:157,1
DA:158,1
DA:159,1
DA:160,1
DA:161,1
DA:165,2
LF:89
LH:89
BRDA:25,0,0,46
BRDA:25,0,1,1
BRDA:36,1,0,7
BRDA:36,1,1,1
BRDA:37,2,0,1
BRDA:41,3,0,3
BRDA:44,4,0,3
BRDA:56,5,0,1
BRDA:63,6,0,1
BRDA:66,7,0,7
BRDA:67,8,0,1
BRDA:67,8,1,26
BRDA:76,9,0,3
BRDA:77,10,0,1
BRDA:77,10,1,5
BRDA:79,11,0,5
BRDA:79,11,1,1
BRDA:82,12,0,2
BRDA:84,13,0,2
BRDA:91,14,0,3
BRDA:91,14,1,1
BRDA:93,15,0,2
BRDA:112,16,0,17
BRDA:112,17,0,17
BRDA:115,18,0,5
BRDA:115,18,1,17
BRDA:116,19,0,22
BRDA:116,19,1,18
BRDA:118,20,0,18
BRDA:118,20,1,4
BRDA:119,21,0,17
BRDA:119,21,1,1
BRDA:123,22,0,3
BRDA:123,22,1,1
BRDA:126,23,0,1
BRDA:128,24,0,2
BRDA:139,25,0,1
BRDA:143,26,0,2
BRF:38
BRH:38
end_of_record
TN:
SF:src/lib/translation.directive.ts
FN:15,(anonymous_0)
FN:16,(anonymous_1)
FNF:2
FNH:2
FNDA:21,(anonymous_0)
FNDA:28,(anonymous_1)
DA:1,2
DA:2,2
DA:9,2
DA:10,21
DA:11,21
DA:12,21
DA:13,21
DA:14,21
DA:16,21
DA:17,28
DA:18,28
DA:19,7
DA:21,21
LF:13
LH:13
BRDA:18,0,0,7
BRDA:18,0,1,21
BRF:2
BRH:2
end_of_record
TN:
SF:src/lib/translation.loader.csr.ts
FN:6,(anonymous_0)
FN:7,(anonymous_1)
FNF:2
FNH:2
FNDA:4,(anonymous_0)
FNDA:3,(anonymous_1)
DA:3,2
DA:5,2
DA:6,4
DA:8,3
DA:9,5
DA:10,5
DA:13,2
DA:18,1
LF:8
LH:8
BRF:0
BRH:0
end_of_record
TN:
SF:src/lib/translation.loader.ssr.ts
FN:8,(anonymous_6)
FN:13,(anonymous_7)
FN:14,(anonymous_8)
FN:15,(anonymous_9)
FNF:4
FNH:4
FNDA:7,(anonymous_6)
FNDA:4,(anonymous_7)
FNDA:4,(anonymous_8)
FNDA:1,(anonymous_9)
DA:7,2
DA:9,7
DA:10,7
DA:11,7
DA:14,8
DA:15,4
DA:16,4
DA:17,5
DA:18,5
DA:19,5
DA:24,1
LF:11
LH:11
BRDA:9,0,0,1
BRDA:10,1,0,1
BRDA:15,2,0,4
BRDA:15,2,1,1
BRF:4
BRH:4
end_of_record
TN:
SF:src/lib/translation.service.ts
FN:16,(anonymous_0)
FN:17,(anonymous_1)
FN:20,(anonymous_2)
FN:23,(anonymous_3)
FN:27,(anonymous_4)
FN:31,(anonymous_5)
FN:35,(anonymous_6)
FN:39,(anonymous_7)
FN:44,(anonymous_8)
FN:47,(anonymous_9)
FN:52,(anonymous_10)
FN:56,(anonymous_11)
FN:67,(anonymous_12)
FN:78,(anonymous_13)
FN:81,(anonymous_14)
FN:84,(anonymous_15)
FN:87,(anonymous_16)
FN:90,(anonymous_17)
FN:93,(anonymous_18)
FN:96,(anonymous_19)
FN:99,(anonymous_20)
FNF:21
FNH:21
FNDA:122,(anonymous_0)
FNDA:86,(anonymous_1)
FNDA:1,(anonymous_2)
FNDA:1,(anonymous_3)
FNDA:79,(anonymous_4)
FNDA:1,(anonymous_5)
FNDA:78,(anonymous_6)
FNDA:36,(anonymous_7)
FNDA:42,(anonymous_8)
FNDA:6,(anonymous_9)
FNDA:1,(anonymous_10)
FNDA:35,(anonymous_11)
FNDA:35,(anonymous_12)
FNDA:3,(anonymous_13)
FNDA:1,(anonymous_14)
FNDA:1,(anonymous_15)
FNDA:1,(anonymous_16)
FNDA:1,(anonymous_17)
FNDA:1,(anonymous_18)
FNDA:1,(anonymous_19)
FNDA:1,(anonymous_20)
DA:1,5
DA:2,5
DA:4,5
DA:5,5
DA:8,5
DA:9,36
DA:10,36
DA:11,36
DA:13,36
DA:14,36
DA:17,122
DA:21,1
DA:24,1
DA:28,79
DA:32,1
DA:36,78
DA:40,36
DA:42,36
DA:43,36
DA:44,36
DA:45,42
DA:46,42
DA:47,35
DA:53,1
DA:57,35
DA:58,35
DA:59,34
DA:60,28
DA:61,28
DA:62,4
DA:63,4
DA:64,3
DA:68,35
DA:69,35
DA:71,1
DA:72,1
DA:73,32
DA:74,1
DA:79,3
DA:82,1
DA:85,1
DA:88,1
DA:91,1
DA:94,1
DA:97,1
DA:100,1
LF:46
LH:46
BRDA:42,0,0,1
BRDA:42,0,1,35
BRDA:46,1,0,35
BRDA:56,2,0,30
BRDA:59,3,0,6
BRDA:61,4,0,24
BRDA:63,5,0,1
BRDA:68,6,0,35
BRDA:68,6,1,1
BRDA:69,7,0,1
BRDA:69,7,1,1
BRDA:69,7,2,32
BRDA:69,7,3,1
BRDA:73,8,0,32
BRDA:73,8,1,1
BRF:15
BRH:15
end_of_record
